#
# There is insufficient memory for the Java Runtime Environment to continue.
# Native memory allocation (mmap) failed to map 8388608 bytes for G1 virtual space
# Possible reasons:
#   The system is out of physical RAM or swap space
#   The process is running with CompressedOops enabled, and the Java Heap may be blocking the growth of the native heap
# Possible solutions:
#   Reduce memory load on the system
#   Increase physical memory or swap space
#   Check if swap backing store is full
#   Decrease Java heap size (-Xmx/-Xms)
#   Decrease number of Java threads
#   Decrease Java thread stack sizes (-Xss)
#   Set larger code cache with -XX:ReservedCodeCacheSize=
#   JVM is running with Unscaled Compressed Oops mode in which the Java heap is
#     placed in the first 4GB address space. The Java Heap base address is the
#     maximum limit for the native heap growth. Please use -XX:HeapBaseMinAddress
#     to set the Java Heap base and to place the Java Heap above 4GB virtual address.
# This output file may be truncated or incomplete.
#
#  Out of Memory Error (os_windows.cpp:3532), pid=29788, tid=30068
#
# JRE version: Java(TM) SE Runtime Environment (17.0.2+8) (build 17.0.2+8-LTS-86)
# Java VM: Java HotSpot(TM) 64-Bit Server VM (17.0.2+8-LTS-86, mixed mode, sharing, tiered, compressed oops, compressed class ptrs, g1 gc, windows-amd64)
# No core dump will be written. Minidumps are not enabled by default on client versions of Windows
#

---------------  S U M M A R Y ------------

Command Line: -Dclassworlds.conf=C:\apache-maven-3.8.4\bin\m2.conf -Dmaven.home=C:\apache-maven-3.8.4 -Dlibrary.jansi.path=C:\apache-maven-3.8.4\lib\jansi-native -Dmaven.multiModuleProjectDirectory=C:\Users\Bartosz Hass\Desktop\programming\java\GeoCore org.codehaus.plexus.classworlds.launcher.Launcher clean install

Host: Intel(R) Core(TM) i5-1035G1 CPU @ 1.00GHz, 8 cores, 7G,  Windows 11 , 64 bit Build 22000 (10.0.22000.434)
Time: Tue Mar 29 17:47:13 2022  Windows 11 , 64 bit Build 22000 (10.0.22000.434) elapsed time: 13.352887 seconds (0d 0h 0m 13s)

---------------  T H R E A D  ---------------

Current thread (0x000001d528343c40):  VMThread "VM Thread" [stack: 0x0000007df0100000,0x0000007df0200000] [id=30068]

Stack: [0x0000007df0100000,0x0000007df0200000]
Native frames: (J=compiled Java code, j=interpreted, Vv=VM code, C=native code)
V  [jvm.dll+0x670baa]
V  [jvm.dll+0x7cfcb4]
V  [jvm.dll+0x7d145e]
V  [jvm.dll+0x7d1ac3]
V  [jvm.dll+0x242bc5]
V  [jvm.dll+0x66dac9]
V  [jvm.dll+0x662412]
V  [jvm.dll+0x300c0b]
V  [jvm.dll+0x3081a6]
V  [jvm.dll+0x357d0e]
V  [jvm.dll+0x357f3f]
V  [jvm.dll+0x2d7ec8]
V  [jvm.dll+0x2d6194]
V  [jvm.dll+0x2d579c]
V  [jvm.dll+0x3190eb]
V  [jvm.dll+0x7d5f9b]
V  [jvm.dll+0x7d6cd4]
V  [jvm.dll+0x7d71ec]
V  [jvm.dll+0x7d75c4]
V  [jvm.dll+0x7d7690]
V  [jvm.dll+0x77ff7a]
V  [jvm.dll+0x66fa35]
C  [ucrtbase.dll+0x26c0c]
C  [KERNEL32.DLL+0x154e0]
C  [ntdll.dll+0x485b]

VM_Operation (0x0000007defbfb350): G1CollectForAllocation, mode: safepoint, requested by thread 0x000001d50a3ac7e0


---------------  P R O C E S S  ---------------

Threads class SMR info:
_java_thread_list=0x000001d52a62f570, length=13, elements={
0x000001d50a3ac7e0, 0x000001d5283476d0, 0x000001d528348280, 0x000001d5283638f0,
0x000001d5283642a0, 0x000001d528366c60, 0x000001d528367610, 0x000001d52836b7f0,
0x000001d5283741f0, 0x000001d528374be0, 0x000001d528dc0550, 0x000001d528dc7a80,
0x000001d5297d73d0
}

Java Threads: ( => current thread )
  0x000001d50a3ac7e0 JavaThread "main" [_thread_blocked, id=11912, stack(0x0000007defb00000,0x0000007defc00000)]
  0x000001d5283476d0 JavaThread "Reference Handler" daemon [_thread_blocked, id=30332, stack(0x0000007df0200000,0x0000007df0300000)]
  0x000001d528348280 JavaThread "Finalizer" daemon [_thread_blocked, id=24096, stack(0x0000007df0300000,0x0000007df0400000)]
  0x000001d5283638f0 JavaThread "Signal Dispatcher" daemon [_thread_blocked, id=28400, stack(0x0000007df0400000,0x0000007df0500000)]
  0x000001d5283642a0 JavaThread "Attach Listener" daemon [_thread_blocked, id=15328, stack(0x0000007df0500000,0x0000007df0600000)]
  0x000001d528366c60 JavaThread "Service Thread" daemon [_thread_blocked, id=21780, stack(0x0000007df0600000,0x0000007df0700000)]
  0x000001d528367610 JavaThread "Monitor Deflation Thread" daemon [_thread_blocked, id=29708, stack(0x0000007df0700000,0x0000007df0800000)]
  0x000001d52836b7f0 JavaThread "C2 CompilerThread0" daemon [_thread_in_native, id=27636, stack(0x0000007df0800000,0x0000007df0900000)]
  0x000001d5283741f0 JavaThread "C1 CompilerThread0" daemon [_thread_blocked, id=28008, stack(0x0000007df0900000,0x0000007df0a00000)]
  0x000001d528374be0 JavaThread "Sweeper thread" daemon [_thread_blocked, id=31596, stack(0x0000007df0a00000,0x0000007df0b00000)]
  0x000001d528dc0550 JavaThread "Notification Thread" daemon [_thread_blocked, id=8848, stack(0x0000007df0b00000,0x0000007df0c00000)]
  0x000001d528dc7a80 JavaThread "Common-Cleaner" daemon [_thread_blocked, id=22028, stack(0x0000007df0d00000,0x0000007df0e00000)]
  0x000001d5297d73d0 JavaThread "C2 CompilerThread1" daemon [_thread_blocked, id=6940, stack(0x0000007df0e00000,0x0000007df0f00000)]

Other Threads:
=>0x000001d528343c40 VMThread "VM Thread" [stack: 0x0000007df0100000,0x0000007df0200000] [id=30068]
  0x000001d50a4081c0 WatcherThread [stack: 0x0000007df0c00000,0x0000007df0d00000] [id=8680]
  0x000001d50a3ed480 GCTaskThread "GC Thread#0" [stack: 0x0000007defc00000,0x0000007defd00000] [id=23784]
  0x000001d52948cb90 GCTaskThread "GC Thread#1" [stack: 0x0000007df0f00000,0x0000007df1000000] [id=3728]
  0x000001d52948d0f0 GCTaskThread "GC Thread#2" [stack: 0x0000007df1000000,0x0000007df1100000] [id=24004]
  0x000001d52948de60 GCTaskThread "GC Thread#3" [stack: 0x0000007df1100000,0x0000007df1200000] [id=13512]
  0x000001d52948dbb0 GCTaskThread "GC Thread#4" [stack: 0x0000007df1200000,0x0000007df1300000] [id=12900]
  0x000001d52948d3a0 GCTaskThread "GC Thread#5" [stack: 0x0000007df1300000,0x0000007df1400000] [id=28608]
  0x000001d52948d650 GCTaskThread "GC Thread#6" [stack: 0x0000007df1400000,0x0000007df1500000] [id=28828]
  0x000001d52948ce40 GCTaskThread "GC Thread#7" [stack: 0x0000007df1500000,0x0000007df1600000] [id=21208]
  0x000001d50a3fdd00 ConcurrentGCThread "G1 Main Marker" [stack: 0x0000007defd00000,0x0000007defe00000] [id=19444]
  0x000001d50a3ffec0 ConcurrentGCThread "G1 Conc#0" [stack: 0x0000007defe00000,0x0000007deff00000] [id=30048]
  0x000001d529f1cd30 ConcurrentGCThread "G1 Conc#1" [stack: 0x0000007df1600000,0x0000007df1700000] [id=8452]
  0x000001d50a48ac10 ConcurrentGCThread "G1 Refine#0" [stack: 0x0000007deff00000,0x0000007df0000000] [id=17684]
  0x000001d50a48b630 ConcurrentGCThread "G1 Service" [stack: 0x0000007df0000000,0x0000007df0100000] [id=29136]

Threads with active compile tasks:
C2 CompilerThread0    13389 7649       4       org.objectweb.asm.signature.SignatureReader::parseType (411 bytes)
C1 CompilerThread0    13389 7817 %     3       org.objectweb.asm.ByteVector::putUTF8 @ 76 (144 bytes)
C2 CompilerThread1    13390 7794       4       org.objectweb.asm.ClassReader::readCode (5109 bytes)

VM state: at safepoint (normal execution)

VM Mutex/Monitor currently owned by a thread:  ([mutex/lock_event])
[0x000001d50a3a86e0] Threads_lock - owner thread: 0x000001d528343c40
[0x000001d50a3a8770] Heap_lock - owner thread: 0x000001d50a3ac7e0

Heap address: 0x0000000083600000, size: 1994 MB, Compressed Oops mode: 32-bit

CDS archive(s) mapped at: [0x0000000800000000-0x0000000800bc0000-0x0000000800bc0000), size 12320768, SharedBaseAddress: 0x0000000800000000, ArchiveRelocationMode: 0.
Compressed class space mapped at: 0x0000000800c00000-0x0000000840c00000, reserved size: 1073741824
Narrow klass base: 0x0000000800000000, Narrow klass shift: 0, Narrow klass range: 0x100000000

GC Precious Log:
 CPUs: 8 total, 8 available
 Memory: 7969M
 Large Page Support: Disabled
 NUMA Support: Disabled
 Compressed Oops: Enabled (32-bit)
 Heap Region Size: 1M
 Heap Min Capacity: 8M
 Heap Initial Capacity: 126M
 Heap Max Capacity: 1994M
 Pre-touch: Disabled
 Parallel Workers: 8
 Concurrent Workers: 2
 Concurrent Refinement Workers: 8
 Periodic GC: Disabled

Heap:
 garbage-first heap   total 121856K, used 37431K [0x0000000083600000, 0x0000000100000000)
  region size 1024K, 4 young (4096K), 4 survivors (4096K)
 Metaspace       used 31096K, committed 31424K, reserved 1081344K
  class space    used 3451K, committed 3584K, reserved 1048576K

Heap Regions: E=young(eden), S=young(survivor), O=old, HS=humongous(starts), HC=humongous(continues), CS=collection set, F=free, OA=open archive, CA=closed archive, TAMS=top-at-mark-start (previous, next)
|   0|0x0000000083600000, 0x0000000083700000, 0x0000000083700000|100%| O|  |TAMS 0x0000000083700000, 0x0000000083600000| Untracked 
|   1|0x0000000083700000, 0x0000000083800000, 0x0000000083800000|100%| O|  |TAMS 0x0000000083800000, 0x0000000083700000| Untracked 
|   2|0x0000000083800000, 0x0000000083900000, 0x0000000083900000|100%| O|  |TAMS 0x0000000083900000, 0x0000000083800000| Untracked 
|   3|0x0000000083900000, 0x0000000083a00000, 0x0000000083a00000|100%| O|  |TAMS 0x0000000083a00000, 0x0000000083900000| Untracked 
|   4|0x0000000083a00000, 0x0000000083b00000, 0x0000000083b00000|100%|HS|  |TAMS 0x0000000083b00000, 0x0000000083a00000| Complete 
|   5|0x0000000083b00000, 0x0000000083c00000, 0x0000000083c00000|100%|HC|  |TAMS 0x0000000083c00000, 0x0000000083b00000| Complete 
|   6|0x0000000083c00000, 0x0000000083d00000, 0x0000000083d00000|100%| O|  |TAMS 0x0000000083c00000, 0x0000000083c00000| Untracked 
|   7|0x0000000083d00000, 0x0000000083e00000, 0x0000000083e00000|100%| O|  |TAMS 0x0000000083d00000, 0x0000000083d00000| Untracked 
|   8|0x0000000083e00000, 0x0000000083f00000, 0x0000000083f00000|100%| O|  |TAMS 0x0000000083f00000, 0x0000000083e00000| Untracked 
|   9|0x0000000083f00000, 0x0000000084000000, 0x0000000084000000|100%| O|  |TAMS 0x0000000083f00000, 0x0000000083f00000| Untracked 
|  10|0x0000000084000000, 0x0000000084100000, 0x0000000084100000|100%| O|  |TAMS 0x0000000084100000, 0x0000000084000000| Untracked 
|  11|0x0000000084100000, 0x0000000084200000, 0x0000000084200000|100%| O|  |TAMS 0x0000000084200000, 0x0000000084100000| Untracked 
|  12|0x0000000084200000, 0x0000000084300000, 0x0000000084300000|100%| O|  |TAMS 0x0000000084300000, 0x0000000084200000| Untracked 
|  13|0x0000000084300000, 0x0000000084400000, 0x0000000084400000|100%| O|  |TAMS 0x0000000084400000, 0x0000000084300000| Untracked 
|  14|0x0000000084400000, 0x0000000084500000, 0x0000000084500000|100%| O|  |TAMS 0x0000000084500000, 0x0000000084400000| Untracked 
|  15|0x0000000084500000, 0x0000000084600000, 0x0000000084600000|100%| O|  |TAMS 0x0000000084600000, 0x0000000084500000| Untracked 
|  16|0x0000000084600000, 0x0000000084700000, 0x0000000084700000|100%| O|  |TAMS 0x0000000084700000, 0x0000000084600000| Untracked 
|  17|0x0000000084700000, 0x0000000084800000, 0x0000000084800000|100%| O|  |TAMS 0x0000000084800000, 0x0000000084700000| Untracked 
|  18|0x0000000084800000, 0x0000000084900000, 0x0000000084900000|100%| O|  |TAMS 0x0000000084900000, 0x0000000084800000| Untracked 
|  19|0x0000000084900000, 0x0000000084a00000, 0x0000000084a00000|100%| O|  |TAMS 0x0000000084a00000, 0x0000000084900000| Untracked 
|  20|0x0000000084a00000, 0x0000000084b00000, 0x0000000084b00000|100%| O|  |TAMS 0x0000000084b00000, 0x0000000084a00000| Untracked 
|  21|0x0000000084b00000, 0x0000000084c00000, 0x0000000084c00000|100%| O|  |TAMS 0x0000000084c00000, 0x0000000084b00000| Untracked 
|  22|0x0000000084c00000, 0x0000000084d00000, 0x0000000084d00000|100%| O|  |TAMS 0x0000000084c2c200, 0x0000000084c00000| Untracked 
|  23|0x0000000084d00000, 0x0000000084e00000, 0x0000000084e00000|100%| O|  |TAMS 0x0000000084e00000, 0x0000000084d00000| Untracked 
|  24|0x0000000084e00000, 0x0000000084f00000, 0x0000000084f00000|100%| O|  |TAMS 0x0000000084f00000, 0x0000000084e00000| Untracked 
|  25|0x0000000084f00000, 0x0000000085000000, 0x0000000085000000|100%| O|  |TAMS 0x0000000085000000, 0x0000000084f00000| Untracked 
|  26|0x0000000085000000, 0x0000000085100000, 0x0000000085100000|100%| O|  |TAMS 0x0000000085100000, 0x0000000085000000| Untracked 
|  27|0x0000000085100000, 0x0000000085200000, 0x0000000085200000|100%| O|  |TAMS 0x0000000085200000, 0x0000000085100000| Untracked 
|  28|0x0000000085200000, 0x0000000085300000, 0x0000000085300000|100%| O|  |TAMS 0x0000000085300000, 0x0000000085200000| Untracked 
|  29|0x0000000085300000, 0x00000000853cd600, 0x0000000085400000| 80%| O|  |TAMS 0x0000000085300000, 0x0000000085300000| Untracked 
|  30|0x0000000085400000, 0x0000000085500000, 0x0000000085500000|100%|HS|  |TAMS 0x0000000085400000, 0x0000000085400000| Complete 
|  31|0x0000000085500000, 0x0000000085600000, 0x0000000085600000|100%|HC|  |TAMS 0x0000000085500000, 0x0000000085500000| Complete 
|  32|0x0000000085600000, 0x0000000085610600, 0x0000000085700000|  6%| O|  |TAMS 0x0000000085600000, 0x0000000085600000| Untracked 
|  33|0x0000000085700000, 0x0000000085700000, 0x0000000085800000|  0%| F|  |TAMS 0x0000000085700000, 0x0000000085700000| Untracked 
|  34|0x0000000085800000, 0x0000000085800000, 0x0000000085900000|  0%| F|  |TAMS 0x0000000085800000, 0x0000000085800000| Untracked 
|  35|0x0000000085900000, 0x0000000085900000, 0x0000000085a00000|  0%| F|  |TAMS 0x0000000085900000, 0x0000000085900000| Untracked 
|  36|0x0000000085a00000, 0x0000000085a00000, 0x0000000085b00000|  0%| F|  |TAMS 0x0000000085a00000, 0x0000000085a00000| Untracked 
|  37|0x0000000085b00000, 0x0000000085b00000, 0x0000000085c00000|  0%| F|  |TAMS 0x0000000085b00000, 0x0000000085b00000| Untracked 
|  38|0x0000000085c00000, 0x0000000085c00000, 0x0000000085d00000|  0%| F|  |TAMS 0x0000000085c00000, 0x0000000085c00000| Untracked 
|  39|0x0000000085d00000, 0x0000000085d00000, 0x0000000085e00000|  0%| F|  |TAMS 0x0000000085d00000, 0x0000000085d00000| Untracked 
|  40|0x0000000085e00000, 0x0000000085e00000, 0x0000000085f00000|  0%| F|  |TAMS 0x0000000085e00000, 0x0000000085e00000| Untracked 
|  41|0x0000000085f00000, 0x0000000085f00000, 0x0000000086000000|  0%| F|  |TAMS 0x0000000085f00000, 0x0000000085f00000| Untracked 
|  42|0x0000000086000000, 0x0000000086000000, 0x0000000086100000|  0%| F|  |TAMS 0x0000000086000000, 0x0000000086000000| Untracked 
|  43|0x0000000086100000, 0x0000000086100000, 0x0000000086200000|  0%| F|  |TAMS 0x0000000086100000, 0x0000000086100000| Untracked 
|  44|0x0000000086200000, 0x0000000086200000, 0x0000000086300000|  0%| F|  |TAMS 0x0000000086200000, 0x0000000086200000| Untracked 
|  45|0x0000000086300000, 0x0000000086300000, 0x0000000086400000|  0%| F|  |TAMS 0x0000000086300000, 0x0000000086300000| Untracked 
|  46|0x0000000086400000, 0x0000000086400000, 0x0000000086500000|  0%| F|  |TAMS 0x0000000086400000, 0x0000000086400000| Untracked 
|  47|0x0000000086500000, 0x0000000086500000, 0x0000000086600000|  0%| F|  |TAMS 0x0000000086500000, 0x0000000086500000| Untracked 
|  48|0x0000000086600000, 0x0000000086600000, 0x0000000086700000|  0%| F|  |TAMS 0x0000000086600000, 0x0000000086600000| Untracked 
|  49|0x0000000086700000, 0x0000000086700000, 0x0000000086800000|  0%| F|  |TAMS 0x0000000086700000, 0x0000000086700000| Untracked 
|  50|0x0000000086800000, 0x0000000086800000, 0x0000000086900000|  0%| F|  |TAMS 0x0000000086800000, 0x0000000086800000| Untracked 
|  51|0x0000000086900000, 0x0000000086900000, 0x0000000086a00000|  0%| F|  |TAMS 0x0000000086900000, 0x0000000086900000| Untracked 
|  52|0x0000000086a00000, 0x0000000086ab0360, 0x0000000086b00000| 68%| S|CS|TAMS 0x0000000086a00000, 0x0000000086a00000| Complete 
|  53|0x0000000086b00000, 0x0000000086c00000, 0x0000000086c00000|100%| S|CS|TAMS 0x0000000086b00000, 0x0000000086b00000| Complete 
|  54|0x0000000086c00000, 0x0000000086d00000, 0x0000000086d00000|100%| S|CS|TAMS 0x0000000086c00000, 0x0000000086c00000| Complete 
|  55|0x0000000086d00000, 0x0000000086e00000, 0x0000000086e00000|100%| S|CS|TAMS 0x0000000086d00000, 0x0000000086d00000| Complete 
|  56|0x0000000086e00000, 0x0000000086e00000, 0x0000000086f00000|  0%| F|  |TAMS 0x0000000086e00000, 0x0000000086e00000| Untracked 
|  57|0x0000000086f00000, 0x0000000086f00000, 0x0000000087000000|  0%| F|  |TAMS 0x0000000086f00000, 0x0000000086f00000| Untracked 
|  58|0x0000000087000000, 0x0000000087000000, 0x0000000087100000|  0%| F|  |TAMS 0x0000000087000000, 0x0000000087000000| Untracked 
|  59|0x0000000087100000, 0x0000000087100000, 0x0000000087200000|  0%| F|  |TAMS 0x0000000087100000, 0x0000000087100000| Untracked 
|  60|0x0000000087200000, 0x0000000087200000, 0x0000000087300000|  0%| F|  |TAMS 0x0000000087200000, 0x0000000087200000| Untracked 
|  61|0x0000000087300000, 0x0000000087300000, 0x0000000087400000|  0%| F|  |TAMS 0x0000000087300000, 0x0000000087300000| Untracked 
|  62|0x0000000087400000, 0x0000000087400000, 0x0000000087500000|  0%| F|  |TAMS 0x0000000087400000, 0x0000000087400000| Untracked 
|  63|0x0000000087500000, 0x0000000087500000, 0x0000000087600000|  0%| F|  |TAMS 0x0000000087500000, 0x0000000087500000| Untracked 
|  64|0x0000000087600000, 0x0000000087600000, 0x0000000087700000|  0%| F|  |TAMS 0x0000000087600000, 0x0000000087600000| Untracked 
|  65|0x0000000087700000, 0x0000000087700000, 0x0000000087800000|  0%| F|  |TAMS 0x0000000087700000, 0x0000000087700000| Untracked 
|  66|0x0000000087800000, 0x0000000087800000, 0x0000000087900000|  0%| F|  |TAMS 0x0000000087800000, 0x0000000087800000| Untracked 
|  67|0x0000000087900000, 0x0000000087900000, 0x0000000087a00000|  0%| F|  |TAMS 0x0000000087900000, 0x0000000087900000| Untracked 
|  68|0x0000000087a00000, 0x0000000087a00000, 0x0000000087b00000|  0%| F|  |TAMS 0x0000000087a00000, 0x0000000087a00000| Untracked 
|  69|0x0000000087b00000, 0x0000000087b00000, 0x0000000087c00000|  0%| F|  |TAMS 0x0000000087b00000, 0x0000000087b00000| Untracked 
|  70|0x0000000087c00000, 0x0000000087c00000, 0x0000000087d00000|  0%| F|  |TAMS 0x0000000087c00000, 0x0000000087c00000| Untracked 
|  71|0x0000000087d00000, 0x0000000087d00000, 0x0000000087e00000|  0%| F|  |TAMS 0x0000000087d00000, 0x0000000087d00000| Untracked 
|  72|0x0000000087e00000, 0x0000000087e00000, 0x0000000087f00000|  0%| F|  |TAMS 0x0000000087e00000, 0x0000000087e00000| Untracked 
|  73|0x0000000087f00000, 0x0000000087f00000, 0x0000000088000000|  0%| F|  |TAMS 0x0000000087f00000, 0x0000000087f00000| Untracked 
|  74|0x0000000088000000, 0x0000000088000000, 0x0000000088100000|  0%| F|  |TAMS 0x0000000088000000, 0x0000000088000000| Untracked 
|  75|0x0000000088100000, 0x0000000088100000, 0x0000000088200000|  0%| F|  |TAMS 0x0000000088100000, 0x0000000088100000| Untracked 
|  76|0x0000000088200000, 0x0000000088200000, 0x0000000088300000|  0%| F|  |TAMS 0x0000000088200000, 0x0000000088200000| Untracked 
|  77|0x0000000088300000, 0x0000000088300000, 0x0000000088400000|  0%| F|  |TAMS 0x0000000088300000, 0x0000000088300000| Untracked 
|  78|0x0000000088400000, 0x0000000088400000, 0x0000000088500000|  0%| F|  |TAMS 0x0000000088400000, 0x0000000088400000| Untracked 
|  79|0x0000000088500000, 0x0000000088500000, 0x0000000088600000|  0%| F|  |TAMS 0x0000000088500000, 0x0000000088500000| Untracked 
|  80|0x0000000088600000, 0x0000000088600000, 0x0000000088700000|  0%| F|  |TAMS 0x0000000088600000, 0x0000000088600000| Untracked 
|  81|0x0000000088700000, 0x0000000088700000, 0x0000000088800000|  0%| F|  |TAMS 0x0000000088700000, 0x0000000088700000| Untracked 
|  82|0x0000000088800000, 0x0000000088800000, 0x0000000088900000|  0%| F|  |TAMS 0x0000000088800000, 0x0000000088800000| Untracked 
|  83|0x0000000088900000, 0x0000000088900000, 0x0000000088a00000|  0%| F|  |TAMS 0x0000000088900000, 0x0000000088900000| Untracked 
|  84|0x0000000088a00000, 0x0000000088a00000, 0x0000000088b00000|  0%| F|  |TAMS 0x0000000088a00000, 0x0000000088a00000| Untracked 
|  85|0x0000000088b00000, 0x0000000088b00000, 0x0000000088c00000|  0%| F|  |TAMS 0x0000000088b00000, 0x0000000088b00000| Untracked 
|  86|0x0000000088c00000, 0x0000000088c00000, 0x0000000088d00000|  0%| F|  |TAMS 0x0000000088c00000, 0x0000000088c00000| Untracked 
|  87|0x0000000088d00000, 0x0000000088d00000, 0x0000000088e00000|  0%| F|  |TAMS 0x0000000088d00000, 0x0000000088d00000| Untracked 
|  88|0x0000000088e00000, 0x0000000088e00000, 0x0000000088f00000|  0%| F|  |TAMS 0x0000000088e00000, 0x0000000088e00000| Untracked 
|  89|0x0000000088f00000, 0x0000000088f00000, 0x0000000089000000|  0%| F|  |TAMS 0x0000000088f00000, 0x0000000088f00000| Untracked 
|  90|0x0000000089000000, 0x0000000089000000, 0x0000000089100000|  0%| F|  |TAMS 0x0000000089000000, 0x0000000089000000| Untracked 
|  91|0x0000000089100000, 0x0000000089100000, 0x0000000089200000|  0%| F|  |TAMS 0x0000000089100000, 0x0000000089100000| Untracked 
|  92|0x0000000089200000, 0x0000000089200000, 0x0000000089300000|  0%| F|  |TAMS 0x0000000089200000, 0x0000000089200000| Untracked 
|  93|0x0000000089300000, 0x0000000089300000, 0x0000000089400000|  0%| F|  |TAMS 0x0000000089300000, 0x0000000089300000| Untracked 
|  94|0x0000000089400000, 0x0000000089400000, 0x0000000089500000|  0%| F|  |TAMS 0x0000000089400000, 0x0000000089400000| Untracked 
|  95|0x0000000089500000, 0x0000000089500000, 0x0000000089600000|  0%| F|  |TAMS 0x0000000089500000, 0x0000000089500000| Untracked 
|  96|0x0000000089600000, 0x0000000089600000, 0x0000000089700000|  0%| F|  |TAMS 0x0000000089600000, 0x0000000089600000| Untracked 
|  97|0x0000000089700000, 0x0000000089700000, 0x0000000089800000|  0%| F|  |TAMS 0x0000000089700000, 0x0000000089700000| Untracked 
|  98|0x0000000089800000, 0x0000000089800000, 0x0000000089900000|  0%| F|  |TAMS 0x0000000089800000, 0x0000000089800000| Untracked 
|  99|0x0000000089900000, 0x0000000089900000, 0x0000000089a00000|  0%| F|  |TAMS 0x0000000089900000, 0x0000000089900000| Untracked 
| 100|0x0000000089a00000, 0x0000000089a00000, 0x0000000089b00000|  0%| F|  |TAMS 0x0000000089a00000, 0x0000000089a00000| Untracked 
| 101|0x0000000089b00000, 0x0000000089b00000, 0x0000000089c00000|  0%| F|  |TAMS 0x0000000089b00000, 0x0000000089b00000| Untracked 
| 102|0x0000000089c00000, 0x0000000089c00000, 0x0000000089d00000|  0%| F|  |TAMS 0x0000000089c00000, 0x0000000089c00000| Untracked 
| 103|0x0000000089d00000, 0x0000000089d00000, 0x0000000089e00000|  0%| F|  |TAMS 0x0000000089d00000, 0x0000000089d00000| Untracked 
| 104|0x0000000089e00000, 0x0000000089e00000, 0x0000000089f00000|  0%| F|  |TAMS 0x0000000089e00000, 0x0000000089e00000| Untracked 
| 105|0x0000000089f00000, 0x0000000089f00000, 0x000000008a000000|  0%| F|  |TAMS 0x0000000089f00000, 0x0000000089f00000| Untracked 
| 106|0x000000008a000000, 0x000000008a000000, 0x000000008a100000|  0%| F|  |TAMS 0x000000008a000000, 0x000000008a000000| Untracked 
| 107|0x000000008a100000, 0x000000008a100000, 0x000000008a200000|  0%| F|  |TAMS 0x000000008a100000, 0x000000008a100000| Untracked 
| 108|0x000000008a200000, 0x000000008a200000, 0x000000008a300000|  0%| F|  |TAMS 0x000000008a200000, 0x000000008a200000| Untracked 
| 109|0x000000008a300000, 0x000000008a300000, 0x000000008a400000|  0%| F|  |TAMS 0x000000008a300000, 0x000000008a300000| Untracked 
| 110|0x000000008a400000, 0x000000008a400000, 0x000000008a500000|  0%| F|  |TAMS 0x000000008a400000, 0x000000008a400000| Untracked 
| 111|0x000000008a500000, 0x000000008a500000, 0x000000008a600000|  0%| F|  |TAMS 0x000000008a500000, 0x000000008a500000| Untracked 
| 112|0x000000008a600000, 0x000000008a600000, 0x000000008a700000|  0%| F|  |TAMS 0x000000008a600000, 0x000000008a600000| Untracked 
| 113|0x000000008a700000, 0x000000008a700000, 0x000000008a800000|  0%| F|  |TAMS 0x000000008a700000, 0x000000008a700000| Untracked 
| 114|0x000000008a800000, 0x000000008a800000, 0x000000008a900000|  0%| F|  |TAMS 0x000000008a800000, 0x000000008a800000| Untracked 
| 115|0x000000008a900000, 0x000000008a900000, 0x000000008aa00000|  0%| F|  |TAMS 0x000000008a900000, 0x000000008a900000| Untracked 
| 116|0x000000008aa00000, 0x000000008aa00000, 0x000000008ab00000|  0%| F|  |TAMS 0x000000008aa00000, 0x000000008aa00000| Untracked 
| 125|0x000000008b300000, 0x000000008b300000, 0x000000008b400000|  0%| F|  |TAMS 0x000000008b300000, 0x000000008b300000| Untracked 
|1993|0x00000000fff00000, 0x0000000100000000, 0x0000000100000000|100%| O|  |TAMS 0x0000000100000000, 0x00000000fff00000| Untracked 

Card table byte_map: [0x000001d521340000,0x000001d521730000] _byte_map_base: 0x000001d520f25000

Marking Bits (Prev, Next): (CMBitMap*) 0x000001d50a3eda90, (CMBitMap*) 0x000001d50a3edad0
 Prev Bits: [0x000001d521b20000, 0x000001d523a48000)
 Next Bits: [0x000001d523a50000, 0x000001d525978000)

Polling page: 0x000001d508370000

Metaspace:

Usage:
  Non-class:     27.00 MB used.
      Class:      3.37 MB used.
       Both:     30.37 MB used.

Virtual space:
  Non-class space:       32.00 MB reserved,      27.19 MB ( 85%) committed,  4 nodes.
      Class space:        1.00 GB reserved,       3.50 MB ( <1%) committed,  1 nodes.
             Both:        1.03 GB reserved,      30.69 MB (  3%) committed. 

Chunk freelists:
   Non-Class:  768.00 KB
       Class:  455.00 KB
        Both:  1.19 MB

MaxMetaspaceSize: unlimited
CompressedClassSpaceSize: 1.00 GB
Initial GC threshold: 21.00 MB
Current GC threshold: 41.25 MB
CDS: on
MetaspaceReclaimPolicy: balanced
 - commit_granule_bytes: 65536.
 - commit_granule_words: 8192.
 - virtual_space_node_default_size: 1048576.
 - enlarge_chunks_in_place: 1.
 - new_chunks_are_fully_committed: 0.
 - uncommit_free_chunks: 1.
 - use_allocation_guard: 0.
 - handle_deallocations: 1.


Internal statistics:

num_allocs_failed_limit: 5.
num_arena_births: 216.
num_arena_deaths: 0.
num_vsnodes_births: 5.
num_vsnodes_deaths: 0.
num_space_committed: 491.
num_space_uncommitted: 0.
num_chunks_returned_to_freelist: 5.
num_chunks_taken_from_freelist: 1360.
num_chunk_merges: 0.
num_chunk_splits: 976.
num_chunks_enlarged: 759.
num_purges: 0.
num_inconsistent_stats: 0.

CodeHeap 'non-profiled nmethods': size=120000Kb used=3380Kb max_used=3380Kb free=116619Kb
 bounds [0x000001d5196e0000, 0x000001d519a30000, 0x000001d520c10000]
CodeHeap 'profiled nmethods': size=120000Kb used=14422Kb max_used=14422Kb free=105577Kb
 bounds [0x000001d5121b0000, 0x000001d512fd0000, 0x000001d5196e0000]
CodeHeap 'non-nmethods': size=5760Kb used=1236Kb max_used=1295Kb free=4523Kb
 bounds [0x000001d511c10000, 0x000001d511e80000, 0x000001d5121b0000]
 total_blobs=7350 nmethods=6821 adapters=441
 compilation: enabled
              stopped_count=0, restarted_count=0
 full_count=0

Compilation events (20 events):
Event: 13.258 Thread 0x000001d5283741f0 nmethod 7805 0x000001d512fc3390 code [0x000001d512fc35c0, 0x000001d512fc3c98]
Event: 13.258 Thread 0x000001d5283741f0 7806       2       org.objectweb.asm.commons.SignatureRemapper::visitBaseType (9 bytes)
Event: 13.258 Thread 0x000001d5283741f0 nmethod 7806 0x000001d512fc3f90 code [0x000001d512fc4120, 0x000001d512fc4248]
Event: 13.269 Thread 0x000001d5283741f0 7808       2       org.apache.maven.plugins.shade.DefaultShader$1::visitSource (69 bytes)
Event: 13.270 Thread 0x000001d5283741f0 nmethod 7808 0x000001d512fc4310 code [0x000001d512fc4540, 0x000001d512fc4968]
Event: 13.270 Thread 0x000001d5283741f0 7809       2       org.objectweb.asm.ClassVisitor::visitSource (17 bytes)
Event: 13.270 Thread 0x000001d5283741f0 nmethod 7809 0x000001d512fc4c90 code [0x000001d512fc4e20, 0x000001d512fc4f48]
Event: 13.270 Thread 0x000001d5283741f0 7810       2       org.objectweb.asm.ClassWriter::visitSource (39 bytes)
Event: 13.270 Thread 0x000001d5283741f0 nmethod 7810 0x000001d512fc5010 code [0x000001d512fc51c0, 0x000001d512fc54f8]
Event: 13.270 Thread 0x000001d5283741f0 7811       2       org.objectweb.asm.ClassWriter::visitEnd (1 bytes)
Event: 13.271 Thread 0x000001d5283741f0 nmethod 7811 0x000001d5125f9790 code [0x000001d5125f9920, 0x000001d5125f9a18]
Event: 13.284 Thread 0x000001d5283741f0 7812       2       org.objectweb.asm.commons.SignatureRemapper::visitFormalTypeParameter (9 bytes)
Event: 13.285 Thread 0x000001d5283741f0 nmethod 7812 0x000001d512fc5690 code [0x000001d512fc5820, 0x000001d512fc5948]
Event: 13.285 Thread 0x000001d5283741f0 7813       2       org.objectweb.asm.signature.SignatureWriter::visitFormalTypeParameter (42 bytes)
Event: 13.286 Thread 0x000001d5283741f0 nmethod 7813 0x000001d512fc5a10 code [0x000001d512fc5bc0, 0x000001d512fc5d88]
Event: 13.320 Thread 0x000001d5283741f0 7814       2       org.objectweb.asm.SymbolTable::addConstantUtf8 (98 bytes)
Event: 13.321 Thread 0x000001d5283741f0 nmethod 7814 0x000001d512fc5f10 code [0x000001d512fc6100, 0x000001d512fc64b8]
Event: 13.321 Thread 0x000001d5283741f0 7816       2       org.objectweb.asm.ByteVector::putUTF8 (144 bytes)
Event: 13.322 Thread 0x000001d5283741f0 nmethod 7816 0x000001d512fc6790 code [0x000001d512fc69a0, 0x000001d512fc6f68]
Event: 13.330 Thread 0x000001d5283741f0 7817 %     3       org.objectweb.asm.ByteVector::putUTF8 @ 76 (144 bytes)

GC Heap History (20 events):
Event: 6.072 GC heap after
{Heap after GC invocations=4 (full 0):
 garbage-first heap   total 129024K, used 15729K [0x0000000083600000, 0x0000000100000000)
  region size 1024K, 8 young (8192K), 8 survivors (8192K)
 Metaspace       used 21281K, committed 21504K, reserved 1073152K
  class space    used 2430K, committed 2560K, reserved 1048576K
}
Event: 6.987 GC heap before
{Heap before GC invocations=5 (full 0):
 garbage-first heap   total 58368K, used 43377K [0x0000000083600000, 0x0000000100000000)
  region size 1024K, 34 young (34816K), 8 survivors (8192K)
 Metaspace       used 22786K, committed 23040K, reserved 1073152K
  class space    used 2601K, committed 2688K, reserved 1048576K
}
Event: 7.011 GC heap after
{Heap after GC invocations=6 (full 0):
 garbage-first heap   total 59392K, used 24144K [0x0000000083600000, 0x0000000100000000)
  region size 1024K, 5 young (5120K), 5 survivors (5120K)
 Metaspace       used 22786K, committed 23040K, reserved 1073152K
  class space    used 2601K, committed 2688K, reserved 1048576K
}
Event: 7.025 GC heap before
{Heap before GC invocations=6 (full 0):
 garbage-first heap   total 59392K, used 25168K [0x0000000083600000, 0x0000000100000000)
  region size 1024K, 6 young (6144K), 5 survivors (5120K)
 Metaspace       used 22794K, committed 23040K, reserved 1073152K
  class space    used 2601K, committed 2688K, reserved 1048576K
}
Event: 7.037 GC heap after
{Heap after GC invocations=7 (full 0):
 garbage-first heap   total 59392K, used 25600K [0x0000000083600000, 0x0000000100000000)
  region size 1024K, 1 young (1024K), 1 survivors (1024K)
 Metaspace       used 22794K, committed 23040K, reserved 1073152K
  class space    used 2601K, committed 2688K, reserved 1048576K
}
Event: 7.272 GC heap before
{Heap before GC invocations=7 (full 0):
 garbage-first heap   total 59392K, used 44032K [0x0000000083600000, 0x0000000100000000)
  region size 1024K, 18 young (18432K), 1 survivors (1024K)
 Metaspace       used 23088K, committed 23424K, reserved 1073152K
  class space    used 2616K, committed 2752K, reserved 1048576K
}
Event: 7.287 GC heap after
{Heap after GC invocations=8 (full 0):
 garbage-first heap   total 59392K, used 29696K [0x0000000083600000, 0x0000000100000000)
  region size 1024K, 3 young (3072K), 3 survivors (3072K)
 Metaspace       used 23088K, committed 23424K, reserved 1073152K
  class space    used 2616K, committed 2752K, reserved 1048576K
}
Event: 8.060 GC heap before
{Heap before GC invocations=8 (full 0):
 garbage-first heap   total 59392K, used 44032K [0x0000000083600000, 0x0000000100000000)
  region size 1024K, 18 young (18432K), 3 survivors (3072K)
 Metaspace       used 24055K, committed 24384K, reserved 1073152K
  class space    used 2731K, committed 2880K, reserved 1048576K
}
Event: 8.073 GC heap after
{Heap after GC invocations=9 (full 0):
 garbage-first heap   total 59392K, used 31693K [0x0000000083600000, 0x0000000100000000)
  region size 1024K, 2 young (2048K), 2 survivors (2048K)
 Metaspace       used 24055K, committed 24384K, reserved 1073152K
  class space    used 2731K, committed 2880K, reserved 1048576K
}
Event: 8.788 GC heap before
{Heap before GC invocations=9 (full 0):
 garbage-first heap   total 59392K, used 43981K [0x0000000083600000, 0x0000000100000000)
  region size 1024K, 15 young (15360K), 2 survivors (2048K)
 Metaspace       used 24983K, committed 25344K, reserved 1073152K
  class space    used 2824K, committed 3008K, reserved 1048576K
}
Event: 8.797 GC heap after
{Heap after GC invocations=10 (full 0):
 garbage-first heap   total 121856K, used 32058K [0x0000000083600000, 0x0000000100000000)
  region size 1024K, 1 young (1024K), 1 survivors (1024K)
 Metaspace       used 24983K, committed 25344K, reserved 1073152K
  class space    used 2824K, committed 3008K, reserved 1048576K
}
Event: 10.576 GC heap before
{Heap before GC invocations=11 (full 0):
 garbage-first heap   total 116736K, used 87354K [0x0000000083600000, 0x0000000100000000)
  region size 1024K, 53 young (54272K), 1 survivors (1024K)
 Metaspace       used 27600K, committed 27904K, reserved 1081344K
  class space    used 3114K, committed 3264K, reserved 1048576K
}
Event: 10.596 GC heap after
{Heap after GC invocations=12 (full 0):
 garbage-first heap   total 116736K, used 35825K [0x0000000083600000, 0x0000000100000000)
  region size 1024K, 4 young (4096K), 4 survivors (4096K)
 Metaspace       used 27600K, committed 27904K, reserved 1081344K
  class space    used 3114K, committed 3264K, reserved 1048576K
}
Event: 12.303 GC heap before
{Heap before GC invocations=12 (full 0):
 garbage-first heap   total 116736K, used 84977K [0x0000000083600000, 0x0000000100000000)
  region size 1024K, 52 young (53248K), 4 survivors (4096K)
 Metaspace       used 30214K, committed 30592K, reserved 1081344K
  class space    used 3403K, committed 3584K, reserved 1048576K
}
Event: 12.321 GC heap after
{Heap after GC invocations=13 (full 0):
 garbage-first heap   total 116736K, used 36911K [0x0000000083600000, 0x0000000100000000)
  region size 1024K, 7 young (7168K), 7 survivors (7168K)
 Metaspace       used 30214K, committed 30592K, reserved 1081344K
  class space    used 3403K, committed 3584K, reserved 1048576K
}
Event: 12.805 GC heap before
{Heap before GC invocations=13 (full 0):
 garbage-first heap   total 116736K, used 87087K [0x0000000083600000, 0x0000000100000000)
  region size 1024K, 56 young (57344K), 7 survivors (7168K)
 Metaspace       used 31002K, committed 31296K, reserved 1081344K
  class space    used 3451K, committed 3584K, reserved 1048576K
}
Event: 12.821 GC heap after
{Heap after GC invocations=14 (full 0):
 garbage-first heap   total 116736K, used 37239K [0x0000000083600000, 0x0000000100000000)
  region size 1024K, 4 young (4096K), 4 survivors (4096K)
 Metaspace       used 31002K, committed 31296K, reserved 1081344K
  class space    used 3451K, committed 3584K, reserved 1048576K
}
Event: 13.124 GC heap before
{Heap before GC invocations=14 (full 0):
 garbage-first heap   total 116736K, used 88439K [0x0000000083600000, 0x0000000100000000)
  region size 1024K, 54 young (55296K), 4 survivors (4096K)
 Metaspace       used 31082K, committed 31424K, reserved 1081344K
  class space    used 3451K, committed 3584K, reserved 1048576K
}
Event: 13.131 GC heap after
{Heap after GC invocations=15 (full 0):
 garbage-first heap   total 116736K, used 37488K [0x0000000083600000, 0x0000000100000000)
  region size 1024K, 4 young (4096K), 4 survivors (4096K)
 Metaspace       used 31082K, committed 31424K, reserved 1081344K
  class space    used 3451K, committed 3584K, reserved 1048576K
}
Event: 13.331 GC heap before
{Heap before GC invocations=15 (full 0):
 garbage-first heap   total 116736K, used 91760K [0x0000000083600000, 0x0000000100000000)
  region size 1024K, 57 young (58368K), 4 survivors (4096K)
 Metaspace       used 31096K, committed 31424K, reserved 1081344K
  class space    used 3451K, committed 3584K, reserved 1048576K
}

Deoptimization events (20 events):
Event: 12.568 Thread 0x000001d50a3ac7e0 Uncommon trap: trap_request=0xffffffbe fr.pc=0x000001d519a14c24 relative=0x00000000000002e4
Event: 12.568 Thread 0x000001d50a3ac7e0 Uncommon trap: reason=profile_predicate action=maybe_recompile pc=0x000001d519a14c24 method=java.util.regex.Pattern$BnM.optimize(Ljava/util/regex/Pattern$Node;)Ljava/util/regex/Pattern$Node; @ 67 c2
Event: 12.568 Thread 0x000001d50a3ac7e0 DEOPT PACKING pc=0x000001d519a14c24 sp=0x0000007defbfcd80
Event: 12.568 Thread 0x000001d50a3ac7e0 DEOPT UNPACKING pc=0x000001d511c65c23 sp=0x0000007defbfcd28 mode 2
Event: 12.569 Thread 0x000001d50a3ac7e0 Uncommon trap: trap_request=0xffffffbe fr.pc=0x000001d519a14c24 relative=0x00000000000002e4
Event: 12.569 Thread 0x000001d50a3ac7e0 Uncommon trap: reason=profile_predicate action=maybe_recompile pc=0x000001d519a14c24 method=java.util.regex.Pattern$BnM.optimize(Ljava/util/regex/Pattern$Node;)Ljava/util/regex/Pattern$Node; @ 67 c2
Event: 12.569 Thread 0x000001d50a3ac7e0 DEOPT PACKING pc=0x000001d519a14c24 sp=0x0000007defbfcdf0
Event: 12.569 Thread 0x000001d50a3ac7e0 DEOPT UNPACKING pc=0x000001d511c65c23 sp=0x0000007defbfcd98 mode 2
Event: 12.569 Thread 0x000001d50a3ac7e0 Uncommon trap: trap_request=0xffffffbe fr.pc=0x000001d519a14c24 relative=0x00000000000002e4
Event: 12.569 Thread 0x000001d50a3ac7e0 Uncommon trap: reason=profile_predicate action=maybe_recompile pc=0x000001d519a14c24 method=java.util.regex.Pattern$BnM.optimize(Ljava/util/regex/Pattern$Node;)Ljava/util/regex/Pattern$Node; @ 67 c2
Event: 12.569 Thread 0x000001d50a3ac7e0 DEOPT PACKING pc=0x000001d519a14c24 sp=0x0000007defbfcdc0
Event: 12.569 Thread 0x000001d50a3ac7e0 DEOPT UNPACKING pc=0x000001d511c65c23 sp=0x0000007defbfcd68 mode 2
Event: 13.318 Thread 0x000001d50a3ac7e0 Uncommon trap: trap_request=0xffffff45 fr.pc=0x000001d519a1c18c relative=0x0000000000000f8c
Event: 13.318 Thread 0x000001d50a3ac7e0 Uncommon trap: reason=unstable_if action=reinterpret pc=0x000001d519a1c18c method=org.objectweb.asm.ByteVector.putUTF8(Ljava/lang/String;)Lorg/objectweb/asm/ByteVector; @ 93 c2
Event: 13.318 Thread 0x000001d50a3ac7e0 DEOPT PACKING pc=0x000001d519a1c18c sp=0x0000007defbfd020
Event: 13.319 Thread 0x000001d50a3ac7e0 DEOPT UNPACKING pc=0x000001d511c65c23 sp=0x0000007defbfcf68 mode 2
Event: 13.319 Thread 0x000001d50a3ac7e0 Uncommon trap: trap_request=0xffffff45 fr.pc=0x000001d519730594 relative=0x00000000000004d4
Event: 13.319 Thread 0x000001d50a3ac7e0 Uncommon trap: reason=unstable_if action=reinterpret pc=0x000001d519730594 method=org.objectweb.asm.ByteVector.putUTF8(Ljava/lang/String;)Lorg/objectweb/asm/ByteVector; @ 93 c2
Event: 13.319 Thread 0x000001d50a3ac7e0 DEOPT PACKING pc=0x000001d519730594 sp=0x0000007defbfcfc0
Event: 13.319 Thread 0x000001d50a3ac7e0 DEOPT UNPACKING pc=0x000001d511c65c23 sp=0x0000007defbfcf50 mode 2

Classes unloaded (0 events):
No events

Classes redefined (0 events):
No events

Internal exceptions (20 events):
Event: 10.604 Thread 0x000001d50a3ac7e0 Exception <a 'sun/nio/fs/WindowsException'{0x000000008b317f38}> (0x000000008b317f38) 
thrown [t:\workspace\open\src\hotspot\share\prims\jni.cpp, line 516]
Event: 10.607 Thread 0x000001d50a3ac7e0 Exception <a 'sun/nio/fs/WindowsException'{0x000000008b321038}> (0x000000008b321038) 
thrown [t:\workspace\open\src\hotspot\share\prims\jni.cpp, line 516]
Event: 10.607 Thread 0x000001d50a3ac7e0 Exception <a 'sun/nio/fs/WindowsException'{0x000000008b321398}> (0x000000008b321398) 
thrown [t:\workspace\open\src\hotspot\share\prims\jni.cpp, line 516]
Event: 10.608 Thread 0x000001d50a3ac7e0 Exception <a 'sun/nio/fs/WindowsException'{0x000000008b324ef0}> (0x000000008b324ef0) 
thrown [t:\workspace\open\src\hotspot\share\prims\jni.cpp, line 516]
Event: 10.609 Thread 0x000001d50a3ac7e0 Exception <a 'sun/nio/fs/WindowsException'{0x000000008b325210}> (0x000000008b325210) 
thrown [t:\workspace\open\src\hotspot\share\prims\jni.cpp, line 516]
Event: 10.609 Thread 0x000001d50a3ac7e0 Exception <a 'sun/nio/fs/WindowsException'{0x000000008b32a5c0}> (0x000000008b32a5c0) 
thrown [t:\workspace\open\src\hotspot\share\prims\jni.cpp, line 516]
Event: 10.609 Thread 0x000001d50a3ac7e0 Exception <a 'sun/nio/fs/WindowsException'{0x000000008b32a920}> (0x000000008b32a920) 
thrown [t:\workspace\open\src\hotspot\share\prims\jni.cpp, line 516]
Event: 10.610 Thread 0x000001d50a3ac7e0 Exception <a 'sun/nio/fs/WindowsException'{0x000000008b32be30}> (0x000000008b32be30) 
thrown [t:\workspace\open\src\hotspot\share\prims\jni.cpp, line 516]
Event: 10.610 Thread 0x000001d50a3ac7e0 Exception <a 'sun/nio/fs/WindowsException'{0x000000008b32c220}> (0x000000008b32c220) 
thrown [t:\workspace\open\src\hotspot\share\prims\jni.cpp, line 516]
Event: 10.649 Thread 0x000001d50a3ac7e0 Exception <a 'sun/nio/fs/WindowsException'{0x000000008aa51ca8}> (0x000000008aa51ca8) 
thrown [t:\workspace\open\src\hotspot\share\prims\jni.cpp, line 516]
Event: 10.649 Thread 0x000001d50a3ac7e0 Exception <a 'sun/nio/fs/WindowsException'{0x000000008aa52380}> (0x000000008aa52380) 
thrown [t:\workspace\open\src\hotspot\share\prims\jni.cpp, line 516]
Event: 10.649 Thread 0x000001d50a3ac7e0 Exception <a 'sun/nio/fs/WindowsException'{0x000000008aa53288}> (0x000000008aa53288) 
thrown [t:\workspace\open\src\hotspot\share\prims\jni.cpp, line 516]
Event: 10.654 Thread 0x000001d50a3ac7e0 Exception <a 'sun/nio/fs/WindowsException'{0x000000008aa63080}> (0x000000008aa63080) 
thrown [t:\workspace\open\src\hotspot\share\prims\jni.cpp, line 516]
Event: 10.654 Thread 0x000001d50a3ac7e0 Exception <a 'sun/nio/fs/WindowsException'{0x000000008aa63760}> (0x000000008aa63760) 
thrown [t:\workspace\open\src\hotspot\share\prims\jni.cpp, line 516]
Event: 10.655 Thread 0x000001d50a3ac7e0 Exception <a 'sun/nio/fs/WindowsException'{0x000000008aa64698}> (0x000000008aa64698) 
thrown [t:\workspace\open\src\hotspot\share\prims\jni.cpp, line 516]
Event: 10.655 Thread 0x000001d50a3ac7e0 Exception <a 'sun/nio/fs/WindowsException'{0x000000008aa64e18}> (0x000000008aa64e18) 
thrown [t:\workspace\open\src\hotspot\share\prims\jni.cpp, line 516]
Event: 10.675 Thread 0x000001d50a3ac7e0 Exception <a 'sun/nio/fs/WindowsException'{0x000000008aa97a90}> (0x000000008aa97a90) 
thrown [t:\workspace\open\src\hotspot\share\prims\jni.cpp, line 516]
Event: 10.675 Thread 0x000001d50a3ac7e0 Exception <a 'sun/nio/fs/WindowsException'{0x000000008aa98160}> (0x000000008aa98160) 
thrown [t:\workspace\open\src\hotspot\share\prims\jni.cpp, line 516]
Event: 10.675 Thread 0x000001d50a3ac7e0 Exception <a 'sun/nio/fs/WindowsException'{0x000000008aa99038}> (0x000000008aa99038) 
thrown [t:\workspace\open\src\hotspot\share\prims\jni.cpp, line 516]
Event: 12.189 Thread 0x000001d50a3ac7e0 Exception <a 'java/lang/NoClassDefFoundError'{0x00000000879851a8}: org/sonatype/aether/graph/Dependency> (0x00000000879851a8) 
thrown [t:\workspace\open\src\hotspot\share\classfile\systemDictionary.cpp, line 245]

VM Operations (20 events):
Event: 10.256 Executing VM operation: ICBufferFull done
Event: 10.530 Executing VM operation: ICBufferFull
Event: 10.531 Executing VM operation: ICBufferFull done
Event: 10.576 Executing VM operation: G1CollectForAllocation
Event: 10.596 Executing VM operation: G1CollectForAllocation done
Event: 10.971 Executing VM operation: ICBufferFull
Event: 10.971 Executing VM operation: ICBufferFull done
Event: 11.396 Executing VM operation: HandshakeAllThreads
Event: 11.397 Executing VM operation: HandshakeAllThreads done
Event: 12.108 Executing VM operation: ICBufferFull
Event: 12.109 Executing VM operation: ICBufferFull done
Event: 12.191 Executing VM operation: HandshakeAllThreads
Event: 12.191 Executing VM operation: HandshakeAllThreads done
Event: 12.303 Executing VM operation: G1CollectForAllocation
Event: 12.321 Executing VM operation: G1CollectForAllocation done
Event: 12.805 Executing VM operation: G1CollectForAllocation
Event: 12.821 Executing VM operation: G1CollectForAllocation done
Event: 13.124 Executing VM operation: G1CollectForAllocation
Event: 13.131 Executing VM operation: G1CollectForAllocation done
Event: 13.331 Executing VM operation: G1CollectForAllocation

Events (20 events):
Event: 11.621 loading class sun/util/resources/cldr/TimeZoneNames_en_US
Event: 11.621 loading class sun/util/resources/cldr/TimeZoneNames_en_US done
Event: 11.622 loading class sun/util/resources/TimeZoneNames
Event: 11.623 loading class sun/util/resources/TimeZoneNames done
Event: 11.624 loading class sun/util/resources/TimeZoneNames_en
Event: 11.624 loading class sun/util/resources/TimeZoneNames_en done
Event: 11.637 loading class java/util/Vector$Itr
Event: 11.638 loading class java/util/Vector$Itr done
Event: 11.703 loading class java/util/zip/Deflater
Event: 11.703 loading class java/util/zip/Deflater done
Event: 11.704 loading class java/util/zip/Deflater$DeflaterZStreamRef
Event: 11.704 loading class java/util/zip/Deflater$DeflaterZStreamRef done
Event: 12.191 loading class java/util/jar/JarOutputStream
Event: 12.191 loading class java/util/zip/ZipOutputStream
Event: 12.192 loading class java/util/zip/ZipOutputStream done
Event: 12.192 loading class java/util/jar/JarOutputStream done
Event: 12.332 loading class sun/nio/cs/UTF_8$Encoder
Event: 12.332 loading class sun/nio/cs/UTF_8$Encoder done
Event: 12.410 loading class java/util/zip/ZipOutputStream$XEntry
Event: 12.410 loading class java/util/zip/ZipOutputStream$XEntry done


Dynamic libraries:
0x00007ff664360000 - 0x00007ff664370000 	C:\Program Files\Java\jdk-17.0.2\bin\java.exe
0x00007ffccaea0000 - 0x00007ffccb0a9000 	C:\WINDOWS\SYSTEM32\ntdll.dll
0x00007ffcc9b80000 - 0x00007ffcc9c3d000 	C:\WINDOWS\System32\KERNEL32.DLL
0x00007ffcc87e0000 - 0x00007ffcc8b54000 	C:\WINDOWS\System32\KERNELBASE.dll
0x00007ffcc8620000 - 0x00007ffcc8731000 	C:\WINDOWS\System32\ucrtbase.dll
0x00007ffcae330000 - 0x00007ffcae34a000 	C:\Program Files\Java\jdk-17.0.2\bin\VCRUNTIME140.dll
0x00007ffcae2d0000 - 0x00007ffcae2e8000 	C:\Program Files\Java\jdk-17.0.2\bin\jli.dll
0x00007ffcca1d0000 - 0x00007ffcca27e000 	C:\WINDOWS\System32\ADVAPI32.dll
0x00007ffcc93f0000 - 0x00007ffcc9493000 	C:\WINDOWS\System32\msvcrt.dll
0x00007ffccab40000 - 0x00007ffccabde000 	C:\WINDOWS\System32\sechost.dll
0x00007ffcc98b0000 - 0x00007ffcc99d0000 	C:\WINDOWS\System32\RPCRT4.dll
0x00007ffcc99d0000 - 0x00007ffcc9b7c000 	C:\WINDOWS\System32\USER32.dll
0x00007ffcc8410000 - 0x00007ffcc8436000 	C:\WINDOWS\System32\win32u.dll
0x00007ffcaa1b0000 - 0x00007ffcaa455000 	C:\WINDOWS\WinSxS\amd64_microsoft.windows.common-controls_6595b64144ccf1df_6.0.22000.120_none_9d947278b86cc467\COMCTL32.dll
0x00007ffcc90d0000 - 0x00007ffcc90f9000 	C:\WINDOWS\System32\GDI32.dll
0x00007ffcc8b60000 - 0x00007ffcc8c72000 	C:\WINDOWS\System32\gdi32full.dll
0x00007ffcc8740000 - 0x00007ffcc87dd000 	C:\WINDOWS\System32\msvcp_win.dll
0x00007ffcbf230000 - 0x00007ffcbf23a000 	C:\WINDOWS\SYSTEM32\VERSION.dll
0x00007ffcca280000 - 0x00007ffcca2b1000 	C:\WINDOWS\System32\IMM32.DLL
0x00007ffcc2310000 - 0x00007ffcc231c000 	C:\Program Files\Java\jdk-17.0.2\bin\vcruntime140_1.dll
0x00007ffcae240000 - 0x00007ffcae2cd000 	C:\Program Files\Java\jdk-17.0.2\bin\msvcp140.dll
0x00007ffc3e010000 - 0x00007ffc3ebd1000 	C:\Program Files\Java\jdk-17.0.2\bin\server\jvm.dll
0x00007ffcc9620000 - 0x00007ffcc9628000 	C:\WINDOWS\System32\PSAPI.DLL
0x00007ffcc15f0000 - 0x00007ffcc15f9000 	C:\WINDOWS\SYSTEM32\WSOCK32.dll
0x00007ffcbf360000 - 0x00007ffcbf393000 	C:\WINDOWS\SYSTEM32\WINMM.dll
0x00007ffcc95b0000 - 0x00007ffcc961f000 	C:\WINDOWS\System32\WS2_32.dll
0x00007ffcc7490000 - 0x00007ffcc74a8000 	C:\WINDOWS\SYSTEM32\kernel.appcore.dll
0x00007ffcb14f0000 - 0x00007ffcb14fa000 	C:\Program Files\Java\jdk-17.0.2\bin\jimage.dll
0x00007ffcc2e80000 - 0x00007ffcc30a1000 	C:\WINDOWS\SYSTEM32\DBGHELP.DLL
0x00007ffcacd00000 - 0x00007ffcacd31000 	C:\WINDOWS\SYSTEM32\dbgcore.DLL
0x00007ffcc8390000 - 0x00007ffcc840f000 	C:\WINDOWS\System32\bcryptPrimitives.dll
0x00007ffc903a0000 - 0x00007ffc903c5000 	C:\Program Files\Java\jdk-17.0.2\bin\java.dll
0x00007ffc7fc30000 - 0x00007ffc7fd06000 	C:\Program Files\Java\jdk-17.0.2\bin\jsvml.dll
0x00007ffcca320000 - 0x00007ffccaace000 	C:\WINDOWS\System32\SHELL32.dll
0x00007ffcc6500000 - 0x00007ffcc6d68000 	C:\WINDOWS\SYSTEM32\windows.storage.dll
0x00007ffcc8d50000 - 0x00007ffcc90c8000 	C:\WINDOWS\System32\combase.dll
0x00007ffcc6390000 - 0x00007ffcc64f6000 	C:\WINDOWS\SYSTEM32\wintypes.dll
0x00007ffccad70000 - 0x00007ffccae5a000 	C:\WINDOWS\System32\SHCORE.dll
0x00007ffccaae0000 - 0x00007ffccab3d000 	C:\WINDOWS\System32\shlwapi.dll
0x00007ffcc82c0000 - 0x00007ffcc82e1000 	C:\WINDOWS\SYSTEM32\profapi.dll
0x00007ffcae220000 - 0x00007ffcae239000 	C:\Program Files\Java\jdk-17.0.2\bin\net.dll
0x00007ffcbe670000 - 0x00007ffcbe77c000 	C:\WINDOWS\SYSTEM32\WINHTTP.dll
0x00007ffcc78c0000 - 0x00007ffcc7927000 	C:\WINDOWS\system32\mswsock.dll
0x00007ffca4540000 - 0x00007ffca4556000 	C:\Program Files\Java\jdk-17.0.2\bin\nio.dll
0x00007ffca18a0000 - 0x00007ffca18b8000 	C:\Program Files\Java\jdk-17.0.2\bin\zip.dll
0x0000000069ac0000 - 0x0000000069ae4000 	C:\apache-maven-3.8.4\lib\jansi-native\Windows\x86_64\jansi.dll
0x00007ffcb0b20000 - 0x00007ffcb0b30000 	C:\Program Files\Java\jdk-17.0.2\bin\verify.dll

dbghelp: loaded successfully - version: 4.0.5 - missing functions: none
symbol engine: initialized successfully - sym options: 0x614 - pdb path: .;C:\Program Files\Java\jdk-17.0.2\bin;C:\WINDOWS\SYSTEM32;C:\WINDOWS\WinSxS\amd64_microsoft.windows.common-controls_6595b64144ccf1df_6.0.22000.120_none_9d947278b86cc467;C:\Program Files\Java\jdk-17.0.2\bin\server;C:\apache-maven-3.8.4\lib\jansi-native\Windows\x86_64

VM Arguments:
jvm_args: -Dclassworlds.conf=C:\apache-maven-3.8.4\bin\m2.conf -Dmaven.home=C:\apache-maven-3.8.4 -Dlibrary.jansi.path=C:\apache-maven-3.8.4\lib\jansi-native -Dmaven.multiModuleProjectDirectory=C:\Users\Bartosz Hass\Desktop\programming\java\GeoCore 
java_command: org.codehaus.plexus.classworlds.launcher.Launcher clean install
java_class_path (initial): C:\apache-maven-3.8.4\boot\plexus-classworlds-2.6.0.jar
Launcher Type: SUN_STANDARD

[Global flags]
     intx CICompilerCount                          = 4                                         {product} {ergonomic}
     uint ConcGCThreads                            = 2                                         {product} {ergonomic}
     uint G1ConcRefinementThreads                  = 8                                         {product} {ergonomic}
   size_t G1HeapRegionSize                         = 1048576                                   {product} {ergonomic}
    uintx GCDrainStackTargetSize                   = 64                                        {product} {ergonomic}
   size_t InitialHeapSize                          = 132120576                                 {product} {ergonomic}
   size_t MarkStackSize                            = 4194304                                   {product} {ergonomic}
   size_t MaxHeapSize                              = 2090860544                                {product} {ergonomic}
   size_t MaxNewSize                               = 1254096896                                {product} {ergonomic}
   size_t MinHeapDeltaBytes                        = 1048576                                   {product} {ergonomic}
   size_t MinHeapSize                              = 8388608                                   {product} {ergonomic}
    uintx NonNMethodCodeHeapSize                   = 5839372                                {pd product} {ergonomic}
    uintx NonProfiledCodeHeapSize                  = 122909434                              {pd product} {ergonomic}
    uintx ProfiledCodeHeapSize                     = 122909434                              {pd product} {ergonomic}
    uintx ReservedCodeCacheSize                    = 251658240                              {pd product} {ergonomic}
     bool SegmentedCodeCache                       = true                                      {product} {ergonomic}
   size_t SoftMaxHeapSize                          = 2090860544                             {manageable} {ergonomic}
     bool UseCompressedClassPointers               = true                           {product lp64_product} {ergonomic}
     bool UseCompressedOops                        = true                           {product lp64_product} {ergonomic}
     bool UseG1GC                                  = true                                      {product} {ergonomic}
     bool UseLargePagesIndividualAllocation        = false                                  {pd product} {ergonomic}

Logging:
Log output configuration:
 #0: stdout all=warning uptime,level,tags
 #1: stderr all=off uptime,level,tags

Environment Variables:
JAVA_HOME=C:\Program Files\Java\jdk-17.0.2
PATH=C:\Program Files (x86)\Common Files\Oracle\Java\javapath;C:\Program Files\Java\jdk-17.0.2\bin;C:\Program Files\Java\jdk-17.0.2\bin;C:\WINDOWS\system32;C:\WINDOWS;C:\WINDOWS\System32\Wbem;C:\WINDOWS\System32\WindowsPowerShell\v1.0\;C:\WINDOWS\System32\OpenSSH\;C:\Users\Bartek\IDE\Tools\apache-maven-3.8.4\bin;C:\Program Files\nodejs\;C:\Program Files\Git\cmd;C:\apache-maven-3.8.4\bin;C:\Users\Bartosz Hass\.cargo\bin;C:\Users\Bartosz Hass\AppData\Local\Microsoft\WindowsApps;
USERNAME=Bartosz Hass
OS=Windows_NT
PROCESSOR_IDENTIFIER=Intel64 Family 6 Model 126 Stepping 5, GenuineIntel



---------------  S Y S T E M  ---------------

OS:
 Windows 11 , 64 bit Build 22000 (10.0.22000.434)
OS uptime: 11 days 6:12 hours

CPU: total 8 (initial active 8) (4 cores per cpu, 2 threads per core) family 6 model 126 stepping 5 microcode 0xa0, cx8, cmov, fxsr, ht, mmx, 3dnowpref, sse, sse2, sse3, ssse3, sse4.1, sse4.2, popcnt, lzcnt, tsc, tscinvbit, avx, avx2, aes, erms, clmul, bmi1, bmi2, adx, avx512f, avx512dq, avx512cd, avx512bw, avx512vl, sha, fma, vzeroupper, avx512_vpopcntdq, avx512_vpclmulqdq, avx512_vaes, avx512_vnni, clflush, clflushopt, avx512_vbmi2, avx512_vbmi

Memory: 4k page, system-wide physical 7969M (396M free)
TotalPageFile size 32545M (AvailPageFile size 5M)
current process WorkingSet (physical memory assigned to process): 259M, peak: 259M
current process commit charge ("private bytes"): 304M, peak: 308M

vm_info: Java HotSpot(TM) 64-Bit Server VM (17.0.2+8-LTS-86) for windows-amd64 JRE (17.0.2+8-LTS-86), built on Dec  7 2021 21:51:03 by "mach5one" with MS VC++ 16.8 / 16.9 (VS2019)

END.
