#
# There is insufficient memory for the Java Runtime Environment to continue.
# Native memory allocation (mmap) failed to map 74448896 bytes for G1 virtual space
# Possible reasons:
#   The system is out of physical RAM or swap space
#   The process is running with CompressedOops enabled, and the Java Heap may be blocking the growth of the native heap
# Possible solutions:
#   Reduce memory load on the system
#   Increase physical memory or swap space
#   Check if swap backing store is full
#   Decrease Java heap size (-Xmx/-Xms)
#   Decrease number of Java threads
#   Decrease Java thread stack sizes (-Xss)
#   Set larger code cache with -XX:ReservedCodeCacheSize=
#   JVM is running with Unscaled Compressed Oops mode in which the Java heap is
#     placed in the first 4GB address space. The Java Heap base address is the
#     maximum limit for the native heap growth. Please use -XX:HeapBaseMinAddress
#     to set the Java Heap base and to place the Java Heap above 4GB virtual address.
# This output file may be truncated or incomplete.
#
#  Out of Memory Error (os_windows.cpp:3532), pid=22340, tid=20124
#
# JRE version: Java(TM) SE Runtime Environment (17.0.2+8) (build 17.0.2+8-LTS-86)
# Java VM: Java HotSpot(TM) 64-Bit Server VM (17.0.2+8-LTS-86, mixed mode, sharing, tiered, compressed oops, compressed class ptrs, g1 gc, windows-amd64)
# No core dump will be written. Minidumps are not enabled by default on client versions of Windows
#

---------------  S U M M A R Y ------------

Command Line: -Dclassworlds.conf=C:\apache-maven-3.8.4\bin\m2.conf -Dmaven.home=C:\apache-maven-3.8.4 -Dlibrary.jansi.path=C:\apache-maven-3.8.4\lib\jansi-native -Dmaven.multiModuleProjectDirectory=C:\Users\Bartosz Hass\Desktop\programming\java\GeoCore org.codehaus.plexus.classworlds.launcher.Launcher clean install

Host: Intel(R) Core(TM) i5-1035G1 CPU @ 1.00GHz, 8 cores, 7G,  Windows 11 , 64 bit Build 22000 (10.0.22000.434)
Time: Tue Mar 29 18:12:39 2022  Windows 11 , 64 bit Build 22000 (10.0.22000.434) elapsed time: 14.815780 seconds (0d 0h 0m 14s)

---------------  T H R E A D  ---------------

Current thread (0x00000220f900f780):  VMThread "VM Thread" [stack: 0x0000009b9f000000,0x0000009b9f100000] [id=20124]

Stack: [0x0000009b9f000000,0x0000009b9f100000]
Native frames: (J=compiled Java code, j=interpreted, Vv=VM code, C=native code)
V  [jvm.dll+0x670baa]
V  [jvm.dll+0x7cfcb4]
V  [jvm.dll+0x7d145e]
V  [jvm.dll+0x7d1ac3]
V  [jvm.dll+0x242bc5]
V  [jvm.dll+0x66dac9]
V  [jvm.dll+0x662412]
V  [jvm.dll+0x300c0b]
V  [jvm.dll+0x3081a6]
V  [jvm.dll+0x357d0e]
V  [jvm.dll+0x357f3f]
V  [jvm.dll+0x2d7ec8]
V  [jvm.dll+0x2d6194]
V  [jvm.dll+0x2d579c]
V  [jvm.dll+0x3190eb]
V  [jvm.dll+0x7d5f9b]
V  [jvm.dll+0x7d6cd4]
V  [jvm.dll+0x7d71ec]
V  [jvm.dll+0x7d75c4]
V  [jvm.dll+0x7d7690]
V  [jvm.dll+0x77ff7a]
V  [jvm.dll+0x66fa35]
C  [ucrtbase.dll+0x26c0c]
C  [KERNEL32.DLL+0x154e0]
C  [ntdll.dll+0x485b]

VM_Operation (0x0000009b9eafc8b0): G1CollectForAllocation, mode: safepoint, requested by thread 0x00000220d909c730


---------------  P R O C E S S  ---------------

Threads class SMR info:
_java_thread_list=0x00000220fde4da40, length=13, elements={
0x00000220d909c730, 0x00000220f90139b0, 0x00000220f9014910, 0x00000220f90301b0,
0x00000220f9030770, 0x00000220f9035920, 0x00000220f9033140, 0x00000220f9033ae0,
0x00000220f9045f10, 0x00000220f904f420, 0x00000220f9c9f290, 0x00000220f9c9e420,
0x00000220fde44010
}

Java Threads: ( => current thread )
  0x00000220d909c730 JavaThread "main" [_thread_blocked, id=19784, stack(0x0000009b9ea00000,0x0000009b9eb00000)]
  0x00000220f90139b0 JavaThread "Reference Handler" daemon [_thread_blocked, id=27004, stack(0x0000009b9f100000,0x0000009b9f200000)]
  0x00000220f9014910 JavaThread "Finalizer" daemon [_thread_blocked, id=11260, stack(0x0000009b9f200000,0x0000009b9f300000)]
  0x00000220f90301b0 JavaThread "Signal Dispatcher" daemon [_thread_blocked, id=18932, stack(0x0000009b9f300000,0x0000009b9f400000)]
  0x00000220f9030770 JavaThread "Attach Listener" daemon [_thread_blocked, id=29176, stack(0x0000009b9f400000,0x0000009b9f500000)]
  0x00000220f9035920 JavaThread "Service Thread" daemon [_thread_blocked, id=31028, stack(0x0000009b9f500000,0x0000009b9f600000)]
  0x00000220f9033140 JavaThread "Monitor Deflation Thread" daemon [_thread_blocked, id=22000, stack(0x0000009b9f600000,0x0000009b9f700000)]
  0x00000220f9033ae0 JavaThread "C2 CompilerThread0" daemon [_thread_in_native, id=27808, stack(0x0000009b9f700000,0x0000009b9f800000)]
  0x00000220f9045f10 JavaThread "C1 CompilerThread0" daemon [_thread_blocked, id=28280, stack(0x0000009b9f800000,0x0000009b9f900000)]
  0x00000220f904f420 JavaThread "Sweeper thread" daemon [_thread_blocked, id=6584, stack(0x0000009b9f900000,0x0000009b9fa00000)]
  0x00000220f9c9f290 JavaThread "Notification Thread" daemon [_thread_blocked, id=10924, stack(0x0000009b9fa00000,0x0000009b9fb00000)]
  0x00000220f9c9e420 JavaThread "Common-Cleaner" daemon [_thread_blocked, id=8520, stack(0x0000009b9fc00000,0x0000009b9fd00000)]
  0x00000220fde44010 JavaThread "C2 CompilerThread1" daemon [_thread_blocked, id=15960, stack(0x0000009b9fd00000,0x0000009b9fe00000)]

Other Threads:
=>0x00000220f900f780 VMThread "VM Thread" [stack: 0x0000009b9f000000,0x0000009b9f100000] [id=20124]
  0x00000220f9ca6660 WatcherThread [stack: 0x0000009b9fb00000,0x0000009b9fc00000] [id=25144]
  0x00000220d90dd450 GCTaskThread "GC Thread#0" [stack: 0x0000009b9eb00000,0x0000009b9ec00000] [id=9944]
  0x00000220fa721030 GCTaskThread "GC Thread#1" [stack: 0x0000009b9fe00000,0x0000009b9ff00000] [id=27992]
  0x00000220fa7212e0 GCTaskThread "GC Thread#2" [stack: 0x0000009b9ff00000,0x0000009ba0000000] [id=30336]
  0x00000220fa439270 GCTaskThread "GC Thread#3" [stack: 0x0000009ba0000000,0x0000009ba0100000] [id=28160]
  0x00000220fa01d0c0 GCTaskThread "GC Thread#4" [stack: 0x0000009ba0100000,0x0000009ba0200000] [id=15912]
  0x00000220fa01d370 GCTaskThread "GC Thread#5" [stack: 0x0000009ba0200000,0x0000009ba0300000] [id=29536]
  0x00000220fa66a400 GCTaskThread "GC Thread#6" [stack: 0x0000009ba0300000,0x0000009ba0400000] [id=15600]
  0x00000220fac4ea60 GCTaskThread "GC Thread#7" [stack: 0x0000009ba0400000,0x0000009ba0500000] [id=22088]
  0x00000220d90edcd0 ConcurrentGCThread "G1 Main Marker" [stack: 0x0000009b9ec00000,0x0000009b9ed00000] [id=29068]
  0x00000220d90efe90 ConcurrentGCThread "G1 Conc#0" [stack: 0x0000009b9ed00000,0x0000009b9ee00000] [id=19048]
  0x00000220faed89b0 ConcurrentGCThread "G1 Conc#1" [stack: 0x0000009ba0500000,0x0000009ba0600000] [id=31396]
  0x00000220d9179580 ConcurrentGCThread "G1 Refine#0" [stack: 0x0000009b9ee00000,0x0000009b9ef00000] [id=31208]
  0x00000220fca63f80 ConcurrentGCThread "G1 Refine#1" [stack: 0x0000009ba0600000,0x0000009ba0700000] [id=13692]
  0x00000220d917bbc0 ConcurrentGCThread "G1 Service" [stack: 0x0000009b9ef00000,0x0000009b9f000000] [id=26320]

Threads with active compile tasks:
C2 CompilerThread0    14852 7602       4       org.objectweb.asm.commons.Remapper::mapType (123 bytes)
C2 CompilerThread1    14852 7617       4       org.apache.maven.plugins.shade.DefaultShader$RelocatorRemapper::map (146 bytes)

VM state: at safepoint (normal execution)

VM Mutex/Monitor currently owned by a thread:  ([mutex/lock_event])
[0x00000220d9097c10] Threads_lock - owner thread: 0x00000220f900f780
[0x00000220d9097a60] Heap_lock - owner thread: 0x00000220d909c730

Heap address: 0x0000000083600000, size: 1994 MB, Compressed Oops mode: 32-bit

CDS archive(s) mapped at: [0x0000000800000000-0x0000000800bc0000-0x0000000800bc0000), size 12320768, SharedBaseAddress: 0x0000000800000000, ArchiveRelocationMode: 0.
Compressed class space mapped at: 0x0000000800c00000-0x0000000840c00000, reserved size: 1073741824
Narrow klass base: 0x0000000800000000, Narrow klass shift: 0, Narrow klass range: 0x100000000

GC Precious Log:
 CPUs: 8 total, 8 available
 Memory: 7969M
 Large Page Support: Disabled
 NUMA Support: Disabled
 Compressed Oops: Enabled (32-bit)
 Heap Region Size: 1M
 Heap Min Capacity: 8M
 Heap Initial Capacity: 126M
 Heap Max Capacity: 1994M
 Pre-touch: Disabled
 Parallel Workers: 8
 Concurrent Workers: 2
 Concurrent Refinement Workers: 8
 Periodic GC: Disabled

Heap:
 garbage-first heap   total 130048K, used 36173K [0x0000000083600000, 0x0000000100000000)
  region size 1024K, 3 young (3072K), 3 survivors (3072K)
 Metaspace       used 31042K, committed 31360K, reserved 1081344K
  class space    used 3447K, committed 3584K, reserved 1048576K

Heap Regions: E=young(eden), S=young(survivor), O=old, HS=humongous(starts), HC=humongous(continues), CS=collection set, F=free, OA=open archive, CA=closed archive, TAMS=top-at-mark-start (previous, next)
|   0|0x0000000083600000, 0x0000000083700000, 0x0000000083700000|100%| O|  |TAMS 0x0000000083700000, 0x0000000083600000| Untracked 
|   1|0x0000000083700000, 0x0000000083800000, 0x0000000083800000|100%| O|  |TAMS 0x0000000083800000, 0x0000000083700000| Untracked 
|   2|0x0000000083800000, 0x0000000083900000, 0x0000000083900000|100%| O|  |TAMS 0x0000000083900000, 0x0000000083800000| Untracked 
|   3|0x0000000083900000, 0x0000000083a00000, 0x0000000083a00000|100%| O|  |TAMS 0x0000000083a00000, 0x0000000083900000| Untracked 
|   4|0x0000000083a00000, 0x0000000083b00000, 0x0000000083b00000|100%|HS|  |TAMS 0x0000000083b00000, 0x0000000083a00000| Complete 
|   5|0x0000000083b00000, 0x0000000083c00000, 0x0000000083c00000|100%|HC|  |TAMS 0x0000000083c00000, 0x0000000083b00000| Complete 
|   6|0x0000000083c00000, 0x0000000083d00000, 0x0000000083d00000|100%| O|  |TAMS 0x0000000083c00000, 0x0000000083c00000| Untracked 
|   7|0x0000000083d00000, 0x0000000083e00000, 0x0000000083e00000|100%| O|  |TAMS 0x0000000083d00000, 0x0000000083d00000| Untracked 
|   8|0x0000000083e00000, 0x0000000083f00000, 0x0000000083f00000|100%| O|  |TAMS 0x0000000083f00000, 0x0000000083e00000| Untracked 
|   9|0x0000000083f00000, 0x0000000084000000, 0x0000000084000000|100%| O|  |TAMS 0x0000000083f00000, 0x0000000083f00000| Untracked 
|  10|0x0000000084000000, 0x0000000084100000, 0x0000000084100000|100%| O|  |TAMS 0x0000000084100000, 0x0000000084000000| Untracked 
|  11|0x0000000084100000, 0x0000000084200000, 0x0000000084200000|100%| O|  |TAMS 0x0000000084200000, 0x0000000084100000| Untracked 
|  12|0x0000000084200000, 0x0000000084300000, 0x0000000084300000|100%| O|  |TAMS 0x0000000084300000, 0x0000000084200000| Untracked 
|  13|0x0000000084300000, 0x0000000084400000, 0x0000000084400000|100%| O|  |TAMS 0x0000000084400000, 0x0000000084300000| Untracked 
|  14|0x0000000084400000, 0x0000000084500000, 0x0000000084500000|100%| O|  |TAMS 0x0000000084500000, 0x0000000084400000| Untracked 
|  15|0x0000000084500000, 0x0000000084600000, 0x0000000084600000|100%| O|  |TAMS 0x0000000084600000, 0x0000000084500000| Untracked 
|  16|0x0000000084600000, 0x0000000084700000, 0x0000000084700000|100%| O|  |TAMS 0x0000000084700000, 0x0000000084600000| Untracked 
|  17|0x0000000084700000, 0x0000000084800000, 0x0000000084800000|100%| O|  |TAMS 0x0000000084800000, 0x0000000084700000| Untracked 
|  18|0x0000000084800000, 0x0000000084900000, 0x0000000084900000|100%| O|  |TAMS 0x0000000084900000, 0x0000000084800000| Untracked 
|  19|0x0000000084900000, 0x0000000084a00000, 0x0000000084a00000|100%| O|  |TAMS 0x000000008497c600, 0x0000000084900000| Untracked 
|  20|0x0000000084a00000, 0x0000000084b00000, 0x0000000084b00000|100%| O|  |TAMS 0x0000000084a00000, 0x0000000084a00000| Untracked 
|  21|0x0000000084b00000, 0x0000000084c00000, 0x0000000084c00000|100%| O|  |TAMS 0x0000000084b00000, 0x0000000084b00000| Untracked 
|  22|0x0000000084c00000, 0x0000000084d00000, 0x0000000084d00000|100%| O|  |TAMS 0x0000000084c00000, 0x0000000084c00000| Untracked 
|  23|0x0000000084d00000, 0x0000000084e00000, 0x0000000084e00000|100%| O|  |TAMS 0x0000000084e00000, 0x0000000084d00000| Untracked 
|  24|0x0000000084e00000, 0x0000000084f00000, 0x0000000084f00000|100%| O|  |TAMS 0x0000000084f00000, 0x0000000084e00000| Untracked 
|  25|0x0000000084f00000, 0x0000000085000000, 0x0000000085000000|100%| O|  |TAMS 0x0000000085000000, 0x0000000084f00000| Untracked 
|  26|0x0000000085000000, 0x0000000085100000, 0x0000000085100000|100%| O|  |TAMS 0x0000000085100000, 0x0000000085000000| Untracked 
|  27|0x0000000085100000, 0x0000000085200000, 0x0000000085200000|100%| O|  |TAMS 0x0000000085100000, 0x0000000085100000| Untracked 
|  28|0x0000000085200000, 0x0000000085300000, 0x0000000085300000|100%| O|  |TAMS 0x0000000085200000, 0x0000000085200000| Untracked 
|  29|0x0000000085300000, 0x0000000085400000, 0x0000000085400000|100%| O|  |TAMS 0x0000000085300000, 0x0000000085300000| Untracked 
|  30|0x0000000085400000, 0x0000000085500000, 0x0000000085500000|100%|HS|  |TAMS 0x0000000085400000, 0x0000000085400000| Complete 
|  31|0x0000000085500000, 0x0000000085600000, 0x0000000085600000|100%|HC|  |TAMS 0x0000000085500000, 0x0000000085500000| Complete 
|  32|0x0000000085600000, 0x0000000085653600, 0x0000000085700000| 32%| O|  |TAMS 0x0000000085600000, 0x0000000085600000| Untracked 
|  33|0x0000000085700000, 0x0000000085700000, 0x0000000085800000|  0%| F|  |TAMS 0x0000000085700000, 0x0000000085700000| Untracked 
|  34|0x0000000085800000, 0x0000000085800000, 0x0000000085900000|  0%| F|  |TAMS 0x0000000085800000, 0x0000000085800000| Untracked 
|  35|0x0000000085900000, 0x0000000085900000, 0x0000000085a00000|  0%| F|  |TAMS 0x0000000085900000, 0x0000000085900000| Untracked 
|  36|0x0000000085a00000, 0x0000000085a00000, 0x0000000085b00000|  0%| F|  |TAMS 0x0000000085a00000, 0x0000000085a00000| Untracked 
|  37|0x0000000085b00000, 0x0000000085b00000, 0x0000000085c00000|  0%| F|  |TAMS 0x0000000085b00000, 0x0000000085b00000| Untracked 
|  38|0x0000000085c00000, 0x0000000085c00000, 0x0000000085d00000|  0%| F|  |TAMS 0x0000000085c00000, 0x0000000085c00000| Untracked 
|  39|0x0000000085d00000, 0x0000000085d00000, 0x0000000085e00000|  0%| F|  |TAMS 0x0000000085d00000, 0x0000000085d00000| Untracked 
|  40|0x0000000085e00000, 0x0000000085e00000, 0x0000000085f00000|  0%| F|  |TAMS 0x0000000085e00000, 0x0000000085e00000| Untracked 
|  41|0x0000000085f00000, 0x0000000085f00000, 0x0000000086000000|  0%| F|  |TAMS 0x0000000085f00000, 0x0000000085f00000| Untracked 
|  42|0x0000000086000000, 0x0000000086000000, 0x0000000086100000|  0%| F|  |TAMS 0x0000000086000000, 0x0000000086000000| Untracked 
|  43|0x0000000086100000, 0x0000000086100000, 0x0000000086200000|  0%| F|  |TAMS 0x0000000086100000, 0x0000000086100000| Untracked 
|  44|0x0000000086200000, 0x0000000086200000, 0x0000000086300000|  0%| F|  |TAMS 0x0000000086200000, 0x0000000086200000| Untracked 
|  45|0x0000000086300000, 0x0000000086300000, 0x0000000086400000|  0%| F|  |TAMS 0x0000000086300000, 0x0000000086300000| Untracked 
|  46|0x0000000086400000, 0x0000000086400000, 0x0000000086500000|  0%| F|  |TAMS 0x0000000086400000, 0x0000000086400000| Untracked 
|  47|0x0000000086500000, 0x0000000086500000, 0x0000000086600000|  0%| F|  |TAMS 0x0000000086500000, 0x0000000086500000| Untracked 
|  48|0x0000000086600000, 0x0000000086600000, 0x0000000086700000|  0%| F|  |TAMS 0x0000000086600000, 0x0000000086600000| Untracked 
|  49|0x0000000086700000, 0x0000000086700000, 0x0000000086800000|  0%| F|  |TAMS 0x0000000086700000, 0x0000000086700000| Untracked 
|  50|0x0000000086800000, 0x0000000086800000, 0x0000000086900000|  0%| F|  |TAMS 0x0000000086800000, 0x0000000086800000| Untracked 
|  51|0x0000000086900000, 0x0000000086a00000, 0x0000000086a00000|100%| S|CS|TAMS 0x0000000086900000, 0x0000000086900000| Complete 
|  52|0x0000000086a00000, 0x0000000086b00000, 0x0000000086b00000|100%| S|CS|TAMS 0x0000000086a00000, 0x0000000086a00000| Complete 
|  53|0x0000000086b00000, 0x0000000086c00000, 0x0000000086c00000|100%| S|CS|TAMS 0x0000000086b00000, 0x0000000086b00000| Complete 
|  54|0x0000000086c00000, 0x0000000086c00000, 0x0000000086d00000|  0%| F|  |TAMS 0x0000000086c00000, 0x0000000086c00000| Untracked 
|  55|0x0000000086d00000, 0x0000000086d00000, 0x0000000086e00000|  0%| F|  |TAMS 0x0000000086d00000, 0x0000000086d00000| Untracked 
|  56|0x0000000086e00000, 0x0000000086e00000, 0x0000000086f00000|  0%| F|  |TAMS 0x0000000086e00000, 0x0000000086e00000| Untracked 
|  57|0x0000000086f00000, 0x0000000086f00000, 0x0000000087000000|  0%| F|  |TAMS 0x0000000086f00000, 0x0000000086f00000| Untracked 
|  58|0x0000000087000000, 0x0000000087000000, 0x0000000087100000|  0%| F|  |TAMS 0x0000000087000000, 0x0000000087000000| Untracked 
|  59|0x0000000087100000, 0x0000000087100000, 0x0000000087200000|  0%| F|  |TAMS 0x0000000087100000, 0x0000000087100000| Untracked 
|  60|0x0000000087200000, 0x0000000087200000, 0x0000000087300000|  0%| F|  |TAMS 0x0000000087200000, 0x0000000087200000| Untracked 
|  61|0x0000000087300000, 0x0000000087300000, 0x0000000087400000|  0%| F|  |TAMS 0x0000000087300000, 0x0000000087300000| Untracked 
|  62|0x0000000087400000, 0x0000000087400000, 0x0000000087500000|  0%| F|  |TAMS 0x0000000087400000, 0x0000000087400000| Untracked 
|  63|0x0000000087500000, 0x0000000087500000, 0x0000000087600000|  0%| F|  |TAMS 0x0000000087500000, 0x0000000087500000| Untracked 
|  64|0x0000000087600000, 0x0000000087600000, 0x0000000087700000|  0%| F|  |TAMS 0x0000000087600000, 0x0000000087600000| Untracked 
|  65|0x0000000087700000, 0x0000000087700000, 0x0000000087800000|  0%| F|  |TAMS 0x0000000087700000, 0x0000000087700000| Untracked 
|  66|0x0000000087800000, 0x0000000087800000, 0x0000000087900000|  0%| F|  |TAMS 0x0000000087800000, 0x0000000087800000| Untracked 
|  67|0x0000000087900000, 0x0000000087900000, 0x0000000087a00000|  0%| F|  |TAMS 0x0000000087900000, 0x0000000087900000| Untracked 
|  68|0x0000000087a00000, 0x0000000087a00000, 0x0000000087b00000|  0%| F|  |TAMS 0x0000000087a00000, 0x0000000087a00000| Untracked 
|  69|0x0000000087b00000, 0x0000000087b00000, 0x0000000087c00000|  0%| F|  |TAMS 0x0000000087b00000, 0x0000000087b00000| Untracked 
|  70|0x0000000087c00000, 0x0000000087c00000, 0x0000000087d00000|  0%| F|  |TAMS 0x0000000087c00000, 0x0000000087c00000| Untracked 
|  71|0x0000000087d00000, 0x0000000087d00000, 0x0000000087e00000|  0%| F|  |TAMS 0x0000000087d00000, 0x0000000087d00000| Untracked 
|  72|0x0000000087e00000, 0x0000000087e00000, 0x0000000087f00000|  0%| F|  |TAMS 0x0000000087e00000, 0x0000000087e00000| Untracked 
|  73|0x0000000087f00000, 0x0000000087f00000, 0x0000000088000000|  0%| F|  |TAMS 0x0000000087f00000, 0x0000000087f00000| Untracked 
|  74|0x0000000088000000, 0x0000000088000000, 0x0000000088100000|  0%| F|  |TAMS 0x0000000088000000, 0x0000000088000000| Untracked 
|  75|0x0000000088100000, 0x0000000088100000, 0x0000000088200000|  0%| F|  |TAMS 0x0000000088100000, 0x0000000088100000| Untracked 
|  76|0x0000000088200000, 0x0000000088200000, 0x0000000088300000|  0%| F|  |TAMS 0x0000000088200000, 0x0000000088200000| Untracked 
|  77|0x0000000088300000, 0x0000000088300000, 0x0000000088400000|  0%| F|  |TAMS 0x0000000088300000, 0x0000000088300000| Untracked 
|  78|0x0000000088400000, 0x0000000088400000, 0x0000000088500000|  0%| F|  |TAMS 0x0000000088400000, 0x0000000088400000| Untracked 
|  79|0x0000000088500000, 0x0000000088500000, 0x0000000088600000|  0%| F|  |TAMS 0x0000000088500000, 0x0000000088500000| Untracked 
|  80|0x0000000088600000, 0x0000000088600000, 0x0000000088700000|  0%| F|  |TAMS 0x0000000088600000, 0x0000000088600000| Untracked 
|  81|0x0000000088700000, 0x0000000088700000, 0x0000000088800000|  0%| F|  |TAMS 0x0000000088700000, 0x0000000088700000| Untracked 
|  82|0x0000000088800000, 0x0000000088800000, 0x0000000088900000|  0%| F|  |TAMS 0x0000000088800000, 0x0000000088800000| Untracked 
|  83|0x0000000088900000, 0x0000000088900000, 0x0000000088a00000|  0%| F|  |TAMS 0x0000000088900000, 0x0000000088900000| Untracked 
|  84|0x0000000088a00000, 0x0000000088a00000, 0x0000000088b00000|  0%| F|  |TAMS 0x0000000088a00000, 0x0000000088a00000| Untracked 
|  85|0x0000000088b00000, 0x0000000088b00000, 0x0000000088c00000|  0%| F|  |TAMS 0x0000000088b00000, 0x0000000088b00000| Untracked 
|  86|0x0000000088c00000, 0x0000000088c00000, 0x0000000088d00000|  0%| F|  |TAMS 0x0000000088c00000, 0x0000000088c00000| Untracked 
|  87|0x0000000088d00000, 0x0000000088d00000, 0x0000000088e00000|  0%| F|  |TAMS 0x0000000088d00000, 0x0000000088d00000| Untracked 
|  88|0x0000000088e00000, 0x0000000088e00000, 0x0000000088f00000|  0%| F|  |TAMS 0x0000000088e00000, 0x0000000088e00000| Untracked 
|  89|0x0000000088f00000, 0x0000000088f00000, 0x0000000089000000|  0%| F|  |TAMS 0x0000000088f00000, 0x0000000088f00000| Untracked 
|  90|0x0000000089000000, 0x0000000089000000, 0x0000000089100000|  0%| F|  |TAMS 0x0000000089000000, 0x0000000089000000| Untracked 
|  91|0x0000000089100000, 0x0000000089100000, 0x0000000089200000|  0%| F|  |TAMS 0x0000000089100000, 0x0000000089100000| Untracked 
|  92|0x0000000089200000, 0x0000000089200000, 0x0000000089300000|  0%| F|  |TAMS 0x0000000089200000, 0x0000000089200000| Untracked 
|  93|0x0000000089300000, 0x0000000089300000, 0x0000000089400000|  0%| F|  |TAMS 0x0000000089300000, 0x0000000089300000| Untracked 
|  94|0x0000000089400000, 0x0000000089400000, 0x0000000089500000|  0%| F|  |TAMS 0x0000000089400000, 0x0000000089400000| Untracked 
|  95|0x0000000089500000, 0x0000000089500000, 0x0000000089600000|  0%| F|  |TAMS 0x0000000089500000, 0x0000000089500000| Untracked 
|  96|0x0000000089600000, 0x0000000089600000, 0x0000000089700000|  0%| F|  |TAMS 0x0000000089600000, 0x0000000089600000| Untracked 
|  97|0x0000000089700000, 0x0000000089700000, 0x0000000089800000|  0%| F|  |TAMS 0x0000000089700000, 0x0000000089700000| Untracked 
|  98|0x0000000089800000, 0x0000000089800000, 0x0000000089900000|  0%| F|  |TAMS 0x0000000089800000, 0x0000000089800000| Untracked 
|  99|0x0000000089900000, 0x0000000089900000, 0x0000000089a00000|  0%| F|  |TAMS 0x0000000089900000, 0x0000000089900000| Untracked 
| 100|0x0000000089a00000, 0x0000000089a00000, 0x0000000089b00000|  0%| F|  |TAMS 0x0000000089a00000, 0x0000000089a00000| Untracked 
| 101|0x0000000089b00000, 0x0000000089b00000, 0x0000000089c00000|  0%| F|  |TAMS 0x0000000089b00000, 0x0000000089b00000| Untracked 
| 102|0x0000000089c00000, 0x0000000089c00000, 0x0000000089d00000|  0%| F|  |TAMS 0x0000000089c00000, 0x0000000089c00000| Untracked 
| 103|0x0000000089d00000, 0x0000000089d00000, 0x0000000089e00000|  0%| F|  |TAMS 0x0000000089d00000, 0x0000000089d00000| Untracked 
| 104|0x0000000089e00000, 0x0000000089e00000, 0x0000000089f00000|  0%| F|  |TAMS 0x0000000089e00000, 0x0000000089e00000| Untracked 
| 105|0x0000000089f00000, 0x0000000089f00000, 0x000000008a000000|  0%| F|  |TAMS 0x0000000089f00000, 0x0000000089f00000| Untracked 
| 106|0x000000008a000000, 0x000000008a000000, 0x000000008a100000|  0%| F|  |TAMS 0x000000008a000000, 0x000000008a000000| Untracked 
| 107|0x000000008a100000, 0x000000008a100000, 0x000000008a200000|  0%| F|  |TAMS 0x000000008a100000, 0x000000008a100000| Untracked 
| 108|0x000000008a200000, 0x000000008a200000, 0x000000008a300000|  0%| F|  |TAMS 0x000000008a200000, 0x000000008a200000| Untracked 
| 109|0x000000008a300000, 0x000000008a300000, 0x000000008a400000|  0%| F|  |TAMS 0x000000008a300000, 0x000000008a300000| Untracked 
| 110|0x000000008a400000, 0x000000008a400000, 0x000000008a500000|  0%| F|  |TAMS 0x000000008a400000, 0x000000008a400000| Untracked 
| 111|0x000000008a500000, 0x000000008a500000, 0x000000008a600000|  0%| F|  |TAMS 0x000000008a500000, 0x000000008a500000| Untracked 
| 112|0x000000008a600000, 0x000000008a600000, 0x000000008a700000|  0%| F|  |TAMS 0x000000008a600000, 0x000000008a600000| Untracked 
| 113|0x000000008a700000, 0x000000008a700000, 0x000000008a800000|  0%| F|  |TAMS 0x000000008a700000, 0x000000008a700000| Untracked 
| 114|0x000000008a800000, 0x000000008a800000, 0x000000008a900000|  0%| F|  |TAMS 0x000000008a800000, 0x000000008a800000| Untracked 
| 115|0x000000008a900000, 0x000000008a900000, 0x000000008aa00000|  0%| F|  |TAMS 0x000000008a900000, 0x000000008a900000| Untracked 
| 116|0x000000008aa00000, 0x000000008aa00000, 0x000000008ab00000|  0%| F|  |TAMS 0x000000008aa00000, 0x000000008aa00000| Untracked 
| 117|0x000000008ab00000, 0x000000008ab00000, 0x000000008ac00000|  0%| F|  |TAMS 0x000000008ab00000, 0x000000008ab00000| Untracked 
| 118|0x000000008ac00000, 0x000000008ac00000, 0x000000008ad00000|  0%| F|  |TAMS 0x000000008ac00000, 0x000000008ac00000| Untracked 
| 119|0x000000008ad00000, 0x000000008ad00000, 0x000000008ae00000|  0%| F|  |TAMS 0x000000008ad00000, 0x000000008ad00000| Untracked 
| 120|0x000000008ae00000, 0x000000008ae00000, 0x000000008af00000|  0%| F|  |TAMS 0x000000008ae00000, 0x000000008ae00000| Untracked 
| 121|0x000000008af00000, 0x000000008af00000, 0x000000008b000000|  0%| F|  |TAMS 0x000000008af00000, 0x000000008af00000| Untracked 
| 122|0x000000008b000000, 0x000000008b000000, 0x000000008b100000|  0%| F|  |TAMS 0x000000008b000000, 0x000000008b000000| Untracked 
| 123|0x000000008b100000, 0x000000008b100000, 0x000000008b200000|  0%| F|  |TAMS 0x000000008b100000, 0x000000008b100000| Untracked 
| 124|0x000000008b200000, 0x000000008b200000, 0x000000008b300000|  0%| F|  |TAMS 0x000000008b200000, 0x000000008b200000| Untracked 
| 125|0x000000008b300000, 0x000000008b300000, 0x000000008b400000|  0%| F|  |TAMS 0x000000008b300000, 0x000000008b300000| Untracked 
|1993|0x00000000fff00000, 0x00000000fff00000, 0x0000000100000000|  0%| F|  |TAMS 0x00000000fff00000, 0x00000000fff00000| Untracked 

Card table byte_map: [0x00000220f1f70000,0x00000220f2360000] _byte_map_base: 0x00000220f1b55000

Marking Bits (Prev, Next): (CMBitMap*) 0x00000220d90dda60, (CMBitMap*) 0x00000220d90ddaa0
 Prev Bits: [0x00000220f2750000, 0x00000220f4678000)
 Next Bits: [0x00000220f4680000, 0x00000220f65a8000)

Polling page: 0x00000220d9180000

Metaspace:

Usage:
  Non-class:     26.95 MB used.
      Class:      3.37 MB used.
       Both:     30.32 MB used.

Virtual space:
  Non-class space:       32.00 MB reserved,      27.12 MB ( 85%) committed,  4 nodes.
      Class space:        1.00 GB reserved,       3.50 MB ( <1%) committed,  1 nodes.
             Both:        1.03 GB reserved,      30.62 MB (  3%) committed. 

Chunk freelists:
   Non-Class:  864.00 KB
       Class:  464.00 KB
        Both:  1.30 MB

MaxMetaspaceSize: unlimited
CompressedClassSpaceSize: 1.00 GB
Initial GC threshold: 21.00 MB
Current GC threshold: 39.38 MB
CDS: on
MetaspaceReclaimPolicy: balanced
 - commit_granule_bytes: 65536.
 - commit_granule_words: 8192.
 - virtual_space_node_default_size: 1048576.
 - enlarge_chunks_in_place: 1.
 - new_chunks_are_fully_committed: 0.
 - uncommit_free_chunks: 1.
 - use_allocation_guard: 0.
 - handle_deallocations: 1.


Internal statistics:

num_allocs_failed_limit: 3.
num_arena_births: 216.
num_arena_deaths: 0.
num_vsnodes_births: 5.
num_vsnodes_deaths: 0.
num_space_committed: 490.
num_space_uncommitted: 0.
num_chunks_returned_to_freelist: 3.
num_chunks_taken_from_freelist: 1353.
num_chunk_merges: 0.
num_chunk_splits: 969.
num_chunks_enlarged: 758.
num_purges: 0.
num_inconsistent_stats: 0.

CodeHeap 'non-profiled nmethods': size=120000Kb used=3311Kb max_used=3311Kb free=116688Kb
 bounds [0x00000220e9be0000, 0x00000220e9f30000, 0x00000220f1110000]
CodeHeap 'profiled nmethods': size=120000Kb used=14035Kb max_used=14035Kb free=105964Kb
 bounds [0x00000220e26b0000, 0x00000220e3470000, 0x00000220e9be0000]
CodeHeap 'non-nmethods': size=5760Kb used=1238Kb max_used=1289Kb free=4521Kb
 bounds [0x00000220e2110000, 0x00000220e2380000, 0x00000220e26b0000]
 total_blobs=7213 nmethods=6682 adapters=441
 compilation: enabled
              stopped_count=0, restarted_count=0
 full_count=0

Compilation events (20 events):
Event: 14.730 Thread 0x00000220f9045f10 7727       2       org.objectweb.asm.SymbolTable::putBootstrapMethods (56 bytes)
Event: 14.731 Thread 0x00000220f9045f10 nmethod 7727 0x00000220e3468110 code [0x00000220e34682e0, 0x00000220e34684e8]
Event: 14.735 Thread 0x00000220f9045f10 7728       2       org.objectweb.asm.Handle::hashCode (43 bytes)
Event: 14.735 Thread 0x00000220f9045f10 nmethod 7728 0x00000220e3468690 code [0x00000220e3468840, 0x00000220e3468a08]
Event: 14.752 Thread 0x00000220f9045f10 7729       2       java.time.zone.ZoneRules::getOffset (153 bytes)
Event: 14.753 Thread 0x00000220f9045f10 nmethod 7729 0x00000220e3468b90 code [0x00000220e3468d80, 0x00000220e3469108]
Event: 14.753 Thread 0x00000220f9045f10 7730       2       java.time.LocalDateTime::getMonthValue (8 bytes)
Event: 14.753 Thread 0x00000220f9045f10 nmethod 7730 0x00000220e3225010 code [0x00000220e32251a0, 0x00000220e32252b8]
Event: 14.753 Thread 0x00000220f9045f10 7731       2       java.time.LocalDateTime::getDayOfMonth (8 bytes)
Event: 14.753 Thread 0x00000220f9045f10 nmethod 7731 0x00000220e3251d10 code [0x00000220e3251ea0, 0x00000220e3251fb8]
Event: 14.753 Thread 0x00000220f9045f10 7732       2       java.time.LocalDateTime::getHour (8 bytes)
Event: 14.753 Thread 0x00000220f9045f10 nmethod 7732 0x00000220e3252910 code [0x00000220e3252aa0, 0x00000220e3252bb8]
Event: 14.753 Thread 0x00000220f9045f10 7733       2       java.time.LocalDateTime::getMinute (8 bytes)
Event: 14.753 Thread 0x00000220f9045f10 nmethod 7733 0x00000220e3286410 code [0x00000220e32865a0, 0x00000220e32866b8]
Event: 14.753 Thread 0x00000220f9045f10 7735       2       java.util.zip.ZipUtils::javaToDosTime (57 bytes)
Event: 14.753 Thread 0x00000220f9045f10 nmethod 7735 0x00000220e3469410 code [0x00000220e34695a0, 0x00000220e34696f8]
Event: 14.753 Thread 0x00000220f9045f10 7734       2       java.time.Instant::ofEpochMilli (27 bytes)
Event: 14.754 Thread 0x00000220f9045f10 nmethod 7734 0x00000220e3469810 code [0x00000220e34699c0, 0x00000220e3469b28]
Event: 14.775 Thread 0x00000220f9045f10 7739       2       org.objectweb.asm.SymbolTable$Entry::<init> (17 bytes)
Event: 14.776 Thread 0x00000220f9045f10 nmethod 7739 0x00000220e3469c90 code [0x00000220e3469e40, 0x00000220e3469fa8]

GC Heap History (20 events):
Event: 6.954 GC heap after
{Heap after GC invocations=4 (full 0):
 garbage-first heap   total 129024K, used 15076K [0x0000000083600000, 0x0000000100000000)
  region size 1024K, 7 young (7168K), 7 survivors (7168K)
 Metaspace       used 21262K, committed 21504K, reserved 1073152K
  class space    used 2425K, committed 2560K, reserved 1048576K
}
Event: 7.838 GC heap before
{Heap before GC invocations=5 (full 0):
 garbage-first heap   total 55296K, used 40676K [0x0000000083600000, 0x0000000100000000)
  region size 1024K, 31 young (31744K), 7 survivors (7168K)
 Metaspace       used 22666K, committed 22912K, reserved 1073152K
  class space    used 2591K, committed 2688K, reserved 1048576K
}
Event: 7.869 GC heap after
{Heap after GC invocations=6 (full 0):
 garbage-first heap   total 56320K, used 23450K [0x0000000083600000, 0x0000000100000000)
  region size 1024K, 4 young (4096K), 4 survivors (4096K)
 Metaspace       used 22666K, committed 22912K, reserved 1073152K
  class space    used 2591K, committed 2688K, reserved 1048576K
}
Event: 7.906 GC heap before
{Heap before GC invocations=6 (full 0):
 garbage-first heap   total 56320K, used 24474K [0x0000000083600000, 0x0000000100000000)
  region size 1024K, 5 young (5120K), 4 survivors (4096K)
 Metaspace       used 22722K, committed 22976K, reserved 1073152K
  class space    used 2594K, committed 2688K, reserved 1048576K
}
Event: 7.915 GC heap after
{Heap after GC invocations=7 (full 0):
 garbage-first heap   total 56320K, used 24459K [0x0000000083600000, 0x0000000100000000)
  region size 1024K, 1 young (1024K), 1 survivors (1024K)
 Metaspace       used 22722K, committed 22976K, reserved 1073152K
  class space    used 2594K, committed 2688K, reserved 1048576K
}
Event: 8.238 GC heap before
{Heap before GC invocations=7 (full 0):
 garbage-first heap   total 56320K, used 41867K [0x0000000083600000, 0x0000000100000000)
  region size 1024K, 17 young (17408K), 1 survivors (1024K)
 Metaspace       used 23020K, committed 23296K, reserved 1073152K
  class space    used 2606K, committed 2688K, reserved 1048576K
}
Event: 8.252 GC heap after
{Heap after GC invocations=8 (full 0):
 garbage-first heap   total 56320K, used 28145K [0x0000000083600000, 0x0000000100000000)
  region size 1024K, 3 young (3072K), 3 survivors (3072K)
 Metaspace       used 23020K, committed 23296K, reserved 1073152K
  class space    used 2606K, committed 2688K, reserved 1048576K
}
Event: 9.300 GC heap before
{Heap before GC invocations=8 (full 0):
 garbage-first heap   total 56320K, used 41457K [0x0000000083600000, 0x0000000100000000)
  region size 1024K, 17 young (17408K), 3 survivors (3072K)
 Metaspace       used 23955K, committed 24192K, reserved 1073152K
  class space    used 2694K, committed 2816K, reserved 1048576K
}
Event: 9.314 GC heap after
{Heap after GC invocations=9 (full 0):
 garbage-first heap   total 101376K, used 30859K [0x0000000083600000, 0x0000000100000000)
  region size 1024K, 3 young (3072K), 3 survivors (3072K)
 Metaspace       used 23955K, committed 24192K, reserved 1073152K
  class space    used 2694K, committed 2816K, reserved 1048576K
}
Event: 10.650 GC heap before
{Heap before GC invocations=10 (full 0):
 garbage-first heap   total 101376K, used 69771K [0x0000000083600000, 0x0000000100000000)
  region size 1024K, 41 young (41984K), 3 survivors (3072K)
 Metaspace       used 25422K, committed 25728K, reserved 1073152K
  class space    used 2863K, committed 3008K, reserved 1048576K
}
Event: 10.662 GC heap after
{Heap after GC invocations=11 (full 0):
 garbage-first heap   total 101376K, used 30992K [0x0000000083600000, 0x0000000100000000)
  region size 1024K, 3 young (3072K), 3 survivors (3072K)
 Metaspace       used 25422K, committed 25728K, reserved 1073152K
  class space    used 2863K, committed 3008K, reserved 1048576K
}
Event: 10.686 GC heap before
{Heap before GC invocations=11 (full 0):
 garbage-first heap   total 101376K, used 32016K [0x0000000083600000, 0x0000000100000000)
  region size 1024K, 4 young (4096K), 3 survivors (3072K)
 Metaspace       used 25460K, committed 25792K, reserved 1073152K
  class space    used 2863K, committed 3008K, reserved 1048576K
}
Event: 10.700 GC heap after
{Heap after GC invocations=12 (full 0):
 garbage-first heap   total 101376K, used 31191K [0x0000000083600000, 0x0000000100000000)
  region size 1024K, 1 young (1024K), 1 survivors (1024K)
 Metaspace       used 25460K, committed 25792K, reserved 1073152K
  class space    used 2863K, committed 3008K, reserved 1048576K
}
Event: 12.680 GC heap before
{Heap before GC invocations=12 (full 0):
 garbage-first heap   total 101376K, used 74199K [0x0000000083600000, 0x0000000100000000)
  region size 1024K, 41 young (41984K), 1 survivors (1024K)
 Metaspace       used 27849K, committed 28096K, reserved 1081344K
  class space    used 3124K, committed 3264K, reserved 1048576K
}
Event: 12.694 GC heap after
{Heap after GC invocations=13 (full 0):
 garbage-first heap   total 101376K, used 33215K [0x0000000083600000, 0x0000000100000000)
  region size 1024K, 4 young (4096K), 4 survivors (4096K)
 Metaspace       used 27849K, committed 28096K, reserved 1081344K
  class space    used 3124K, committed 3264K, reserved 1048576K
}
Event: 13.995 GC heap before
{Heap before GC invocations=13 (full 0):
 garbage-first heap   total 101376K, used 74175K [0x0000000083600000, 0x0000000100000000)
  region size 1024K, 44 young (45056K), 4 survivors (4096K)
 Metaspace       used 30395K, committed 30720K, reserved 1081344K
  class space    used 3423K, committed 3584K, reserved 1048576K
}
Event: 14.014 GC heap after
{Heap after GC invocations=14 (full 0):
 garbage-first heap   total 101376K, used 35991K [0x0000000083600000, 0x0000000100000000)
  region size 1024K, 3 young (3072K), 3 survivors (3072K)
 Metaspace       used 30395K, committed 30720K, reserved 1081344K
  class space    used 3423K, committed 3584K, reserved 1048576K
}
Event: 14.355 GC heap before
{Heap before GC invocations=14 (full 0):
 garbage-first heap   total 101376K, used 75927K [0x0000000083600000, 0x0000000100000000)
  region size 1024K, 42 young (43008K), 3 survivors (3072K)
 Metaspace       used 30955K, committed 31296K, reserved 1081344K
  class space    used 3447K, committed 3584K, reserved 1048576K
}
Event: 14.360 GC heap after
{Heap after GC invocations=15 (full 0):
 garbage-first heap   total 101376K, used 35934K [0x0000000083600000, 0x0000000100000000)
  region size 1024K, 3 young (3072K), 3 survivors (3072K)
 Metaspace       used 30955K, committed 31296K, reserved 1081344K
  class space    used 3447K, committed 3584K, reserved 1048576K
}
Event: 14.786 GC heap before
{Heap before GC invocations=15 (full 0):
 garbage-first heap   total 101376K, used 78942K [0x0000000083600000, 0x0000000100000000)
  region size 1024K, 45 young (46080K), 3 survivors (3072K)
 Metaspace       used 31042K, committed 31360K, reserved 1081344K
  class space    used 3447K, committed 3584K, reserved 1048576K
}

Deoptimization events (20 events):
Event: 14.088 Thread 0x00000220d909c730 Uncommon trap: trap_request=0xffffff45 fr.pc=0x00000220e9db19d0 relative=0x0000000000000530
Event: 14.088 Thread 0x00000220d909c730 Uncommon trap: reason=unstable_if action=reinterpret pc=0x00000220e9db19d0 method=java.lang.String.replace(CC)Ljava/lang/String; @ 9 c2
Event: 14.088 Thread 0x00000220d909c730 DEOPT PACKING pc=0x00000220e9db19d0 sp=0x0000009b9eafd920
Event: 14.088 Thread 0x00000220d909c730 DEOPT UNPACKING pc=0x00000220e2165c23 sp=0x0000009b9eafd8d8 mode 2
Event: 14.199 Thread 0x00000220d909c730 Uncommon trap: trap_request=0xffffffbe fr.pc=0x00000220e9c3201c relative=0x00000000000002dc
Event: 14.199 Thread 0x00000220d909c730 Uncommon trap: reason=profile_predicate action=maybe_recompile pc=0x00000220e9c3201c method=java.util.regex.Pattern$BnM.optimize(Ljava/util/regex/Pattern$Node;)Ljava/util/regex/Pattern$Node; @ 67 c2
Event: 14.199 Thread 0x00000220d909c730 DEOPT PACKING pc=0x00000220e9c3201c sp=0x0000009b9eafd3a0
Event: 14.199 Thread 0x00000220d909c730 DEOPT UNPACKING pc=0x00000220e2165c23 sp=0x0000009b9eafd348 mode 2
Event: 14.199 Thread 0x00000220d909c730 Uncommon trap: trap_request=0xffffffbe fr.pc=0x00000220e9c3201c relative=0x00000000000002dc
Event: 14.199 Thread 0x00000220d909c730 Uncommon trap: reason=profile_predicate action=maybe_recompile pc=0x00000220e9c3201c method=java.util.regex.Pattern$BnM.optimize(Ljava/util/regex/Pattern$Node;)Ljava/util/regex/Pattern$Node; @ 67 c2
Event: 14.199 Thread 0x00000220d909c730 DEOPT PACKING pc=0x00000220e9c3201c sp=0x0000009b9eafd3c0
Event: 14.199 Thread 0x00000220d909c730 DEOPT UNPACKING pc=0x00000220e2165c23 sp=0x0000009b9eafd368 mode 2
Event: 14.199 Thread 0x00000220d909c730 Uncommon trap: trap_request=0xffffffbe fr.pc=0x00000220e9c3201c relative=0x00000000000002dc
Event: 14.199 Thread 0x00000220d909c730 Uncommon trap: reason=profile_predicate action=maybe_recompile pc=0x00000220e9c3201c method=java.util.regex.Pattern$BnM.optimize(Ljava/util/regex/Pattern$Node;)Ljava/util/regex/Pattern$Node; @ 67 c2
Event: 14.199 Thread 0x00000220d909c730 DEOPT PACKING pc=0x00000220e9c3201c sp=0x0000009b9eafd3a0
Event: 14.199 Thread 0x00000220d909c730 DEOPT UNPACKING pc=0x00000220e2165c23 sp=0x0000009b9eafd348 mode 2
Event: 14.199 Thread 0x00000220d909c730 Uncommon trap: trap_request=0xffffffbe fr.pc=0x00000220e9c3201c relative=0x00000000000002dc
Event: 14.199 Thread 0x00000220d909c730 Uncommon trap: reason=profile_predicate action=maybe_recompile pc=0x00000220e9c3201c method=java.util.regex.Pattern$BnM.optimize(Ljava/util/regex/Pattern$Node;)Ljava/util/regex/Pattern$Node; @ 67 c2
Event: 14.199 Thread 0x00000220d909c730 DEOPT PACKING pc=0x00000220e9c3201c sp=0x0000009b9eafd3c0
Event: 14.199 Thread 0x00000220d909c730 DEOPT UNPACKING pc=0x00000220e2165c23 sp=0x0000009b9eafd368 mode 2

Classes unloaded (0 events):
No events

Classes redefined (0 events):
No events

Internal exceptions (20 events):
Event: 12.343 Thread 0x00000220d909c730 Exception <a 'sun/nio/fs/WindowsException'{0x0000000087afb160}> (0x0000000087afb160) 
thrown [t:\workspace\open\src\hotspot\share\prims\jni.cpp, line 516]
Event: 12.343 Thread 0x00000220d909c730 Exception <a 'sun/nio/fs/WindowsException'{0x0000000087902a90}> (0x0000000087902a90) 
thrown [t:\workspace\open\src\hotspot\share\prims\jni.cpp, line 516]
Event: 12.343 Thread 0x00000220d909c730 Exception <a 'sun/nio/fs/WindowsException'{0x0000000087902e10}> (0x0000000087902e10) 
thrown [t:\workspace\open\src\hotspot\share\prims\jni.cpp, line 516]
Event: 12.343 Thread 0x00000220d909c730 Exception <a 'sun/nio/fs/WindowsException'{0x0000000087904340}> (0x0000000087904340) 
thrown [t:\workspace\open\src\hotspot\share\prims\jni.cpp, line 516]
Event: 12.343 Thread 0x00000220d909c730 Exception <a 'sun/nio/fs/WindowsException'{0x0000000087904750}> (0x0000000087904750) 
thrown [t:\workspace\open\src\hotspot\share\prims\jni.cpp, line 516]
Event: 12.348 Thread 0x00000220d909c730 Exception <a 'sun/nio/fs/WindowsException'{0x000000008790d950}> (0x000000008790d950) 
thrown [t:\workspace\open\src\hotspot\share\prims\jni.cpp, line 516]
Event: 12.348 Thread 0x00000220d909c730 Exception <a 'sun/nio/fs/WindowsException'{0x000000008790dcb0}> (0x000000008790dcb0) 
thrown [t:\workspace\open\src\hotspot\share\prims\jni.cpp, line 516]
Event: 12.349 Thread 0x00000220d909c730 Exception <a 'sun/nio/fs/WindowsException'{0x0000000087911808}> (0x0000000087911808) 
thrown [t:\workspace\open\src\hotspot\share\prims\jni.cpp, line 516]
Event: 12.349 Thread 0x00000220d909c730 Exception <a 'sun/nio/fs/WindowsException'{0x0000000087911b28}> (0x0000000087911b28) 
thrown [t:\workspace\open\src\hotspot\share\prims\jni.cpp, line 516]
Event: 12.350 Thread 0x00000220d909c730 Exception <a 'sun/nio/fs/WindowsException'{0x0000000087916ed8}> (0x0000000087916ed8) 
thrown [t:\workspace\open\src\hotspot\share\prims\jni.cpp, line 516]
Event: 12.350 Thread 0x00000220d909c730 Exception <a 'sun/nio/fs/WindowsException'{0x0000000087917238}> (0x0000000087917238) 
thrown [t:\workspace\open\src\hotspot\share\prims\jni.cpp, line 516]
Event: 12.351 Thread 0x00000220d909c730 Exception <a 'sun/nio/fs/WindowsException'{0x0000000087918748}> (0x0000000087918748) 
thrown [t:\workspace\open\src\hotspot\share\prims\jni.cpp, line 516]
Event: 12.352 Thread 0x00000220d909c730 Exception <a 'sun/nio/fs/WindowsException'{0x0000000087918b38}> (0x0000000087918b38) 
thrown [t:\workspace\open\src\hotspot\share\prims\jni.cpp, line 516]
Event: 12.389 Thread 0x00000220d909c730 Exception <a 'sun/nio/fs/WindowsException'{0x0000000087838188}> (0x0000000087838188) 
thrown [t:\workspace\open\src\hotspot\share\prims\jni.cpp, line 516]
Event: 12.389 Thread 0x00000220d909c730 Exception <a 'sun/nio/fs/WindowsException'{0x0000000087838860}> (0x0000000087838860) 
thrown [t:\workspace\open\src\hotspot\share\prims\jni.cpp, line 516]
Event: 12.390 Thread 0x00000220d909c730 Exception <a 'sun/nio/fs/WindowsException'{0x0000000087839768}> (0x0000000087839768) 
thrown [t:\workspace\open\src\hotspot\share\prims\jni.cpp, line 516]
Event: 12.405 Thread 0x00000220d909c730 Exception <a 'sun/nio/fs/WindowsException'{0x0000000087873fa8}> (0x0000000087873fa8) 
thrown [t:\workspace\open\src\hotspot\share\prims\jni.cpp, line 516]
Event: 12.406 Thread 0x00000220d909c730 Exception <a 'sun/nio/fs/WindowsException'{0x0000000087874678}> (0x0000000087874678) 
thrown [t:\workspace\open\src\hotspot\share\prims\jni.cpp, line 516]
Event: 12.408 Thread 0x00000220d909c730 Exception <a 'sun/nio/fs/WindowsException'{0x0000000087875550}> (0x0000000087875550) 
thrown [t:\workspace\open\src\hotspot\share\prims\jni.cpp, line 516]
Event: 13.701 Thread 0x00000220d909c730 Exception <a 'java/lang/NoClassDefFoundError'{0x0000000087565bd0}: org/sonatype/aether/version/VersionConstraint> (0x0000000087565bd0) 
thrown [t:\workspace\open\src\hotspot\share\classfile\systemDictionary.cpp, line 245]

VM Operations (20 events):
Event: 12.268 Executing VM operation: HandshakeAllThreads done
Event: 12.310 Executing VM operation: HandshakeAllThreads
Event: 12.310 Executing VM operation: HandshakeAllThreads done
Event: 12.322 Executing VM operation: ICBufferFull
Event: 12.322 Executing VM operation: ICBufferFull done
Event: 12.344 Executing VM operation: HandshakeAllThreads
Event: 12.344 Executing VM operation: HandshakeAllThreads done
Event: 12.680 Executing VM operation: G1CollectForAllocation
Event: 12.694 Executing VM operation: G1CollectForAllocation done
Event: 13.120 Executing VM operation: HandshakeAllThreads
Event: 13.120 Executing VM operation: HandshakeAllThreads done
Event: 13.461 Executing VM operation: ICBufferFull
Event: 13.462 Executing VM operation: ICBufferFull done
Event: 13.706 Executing VM operation: HandshakeAllThreads
Event: 13.706 Executing VM operation: HandshakeAllThreads done
Event: 13.995 Executing VM operation: G1CollectForAllocation
Event: 14.014 Executing VM operation: G1CollectForAllocation done
Event: 14.355 Executing VM operation: G1CollectForAllocation
Event: 14.360 Executing VM operation: G1CollectForAllocation done
Event: 14.786 Executing VM operation: G1CollectForAllocation

Events (20 events):
Event: 13.198 loading class sun/util/resources/cldr/TimeZoneNames_en_US
Event: 13.198 loading class sun/util/resources/cldr/TimeZoneNames_en_US done
Event: 13.199 loading class sun/util/resources/TimeZoneNames
Event: 13.200 loading class sun/util/resources/TimeZoneNames done
Event: 13.200 loading class sun/util/resources/TimeZoneNames_en
Event: 13.201 loading class sun/util/resources/TimeZoneNames_en done
Event: 13.206 loading class java/util/Vector$Itr
Event: 13.206 loading class java/util/Vector$Itr done
Event: 13.241 loading class java/util/zip/Deflater
Event: 13.242 loading class java/util/zip/Deflater done
Event: 13.242 loading class java/util/zip/Deflater$DeflaterZStreamRef
Event: 13.242 loading class java/util/zip/Deflater$DeflaterZStreamRef done
Event: 13.706 loading class java/util/jar/JarOutputStream
Event: 13.706 loading class java/util/zip/ZipOutputStream
Event: 13.707 loading class java/util/zip/ZipOutputStream done
Event: 13.707 loading class java/util/jar/JarOutputStream done
Event: 13.905 loading class sun/nio/cs/UTF_8$Encoder
Event: 13.905 loading class sun/nio/cs/UTF_8$Encoder done
Event: 13.989 loading class java/util/zip/ZipOutputStream$XEntry
Event: 13.989 loading class java/util/zip/ZipOutputStream$XEntry done


Dynamic libraries:
0x00007ff664360000 - 0x00007ff664370000 	C:\Program Files\Java\jdk-17.0.2\bin\java.exe
0x00007ffccaea0000 - 0x00007ffccb0a9000 	C:\WINDOWS\SYSTEM32\ntdll.dll
0x00007ffcc9b80000 - 0x00007ffcc9c3d000 	C:\WINDOWS\System32\KERNEL32.DLL
0x00007ffcc87e0000 - 0x00007ffcc8b54000 	C:\WINDOWS\System32\KERNELBASE.dll
0x00007ffcc8620000 - 0x00007ffcc8731000 	C:\WINDOWS\System32\ucrtbase.dll
0x00007ffcae330000 - 0x00007ffcae34a000 	C:\Program Files\Java\jdk-17.0.2\bin\VCRUNTIME140.dll
0x00007ffcae2d0000 - 0x00007ffcae2e8000 	C:\Program Files\Java\jdk-17.0.2\bin\jli.dll
0x00007ffcca1d0000 - 0x00007ffcca27e000 	C:\WINDOWS\System32\ADVAPI32.dll
0x00007ffcc93f0000 - 0x00007ffcc9493000 	C:\WINDOWS\System32\msvcrt.dll
0x00007ffccab40000 - 0x00007ffccabde000 	C:\WINDOWS\System32\sechost.dll
0x00007ffcc98b0000 - 0x00007ffcc99d0000 	C:\WINDOWS\System32\RPCRT4.dll
0x00007ffcc99d0000 - 0x00007ffcc9b7c000 	C:\WINDOWS\System32\USER32.dll
0x00007ffcc8410000 - 0x00007ffcc8436000 	C:\WINDOWS\System32\win32u.dll
0x00007ffcaa1b0000 - 0x00007ffcaa455000 	C:\WINDOWS\WinSxS\amd64_microsoft.windows.common-controls_6595b64144ccf1df_6.0.22000.120_none_9d947278b86cc467\COMCTL32.dll
0x00007ffcc90d0000 - 0x00007ffcc90f9000 	C:\WINDOWS\System32\GDI32.dll
0x00007ffcc8b60000 - 0x00007ffcc8c72000 	C:\WINDOWS\System32\gdi32full.dll
0x00007ffcc8740000 - 0x00007ffcc87dd000 	C:\WINDOWS\System32\msvcp_win.dll
0x00007ffcbf230000 - 0x00007ffcbf23a000 	C:\WINDOWS\SYSTEM32\VERSION.dll
0x00007ffcca280000 - 0x00007ffcca2b1000 	C:\WINDOWS\System32\IMM32.DLL
0x00007ffcc2310000 - 0x00007ffcc231c000 	C:\Program Files\Java\jdk-17.0.2\bin\vcruntime140_1.dll
0x00007ffcae240000 - 0x00007ffcae2cd000 	C:\Program Files\Java\jdk-17.0.2\bin\msvcp140.dll
0x00007ffc3e010000 - 0x00007ffc3ebd1000 	C:\Program Files\Java\jdk-17.0.2\bin\server\jvm.dll
0x00007ffcc9620000 - 0x00007ffcc9628000 	C:\WINDOWS\System32\PSAPI.DLL
0x00007ffcbf360000 - 0x00007ffcbf393000 	C:\WINDOWS\SYSTEM32\WINMM.dll
0x00007ffcc15f0000 - 0x00007ffcc15f9000 	C:\WINDOWS\SYSTEM32\WSOCK32.dll
0x00007ffcc95b0000 - 0x00007ffcc961f000 	C:\WINDOWS\System32\WS2_32.dll
0x00007ffcc7490000 - 0x00007ffcc74a8000 	C:\WINDOWS\SYSTEM32\kernel.appcore.dll
0x00007ffcb14f0000 - 0x00007ffcb14fa000 	C:\Program Files\Java\jdk-17.0.2\bin\jimage.dll
0x00007ffcc2e80000 - 0x00007ffcc30a1000 	C:\WINDOWS\SYSTEM32\DBGHELP.DLL
0x00007ffcacd00000 - 0x00007ffcacd31000 	C:\WINDOWS\SYSTEM32\dbgcore.DLL
0x00007ffcc8390000 - 0x00007ffcc840f000 	C:\WINDOWS\System32\bcryptPrimitives.dll
0x00007ffc903a0000 - 0x00007ffc903c5000 	C:\Program Files\Java\jdk-17.0.2\bin\java.dll
0x00007ffc7fc30000 - 0x00007ffc7fd06000 	C:\Program Files\Java\jdk-17.0.2\bin\jsvml.dll
0x00007ffcca320000 - 0x00007ffccaace000 	C:\WINDOWS\System32\SHELL32.dll
0x00007ffcc6500000 - 0x00007ffcc6d68000 	C:\WINDOWS\SYSTEM32\windows.storage.dll
0x00007ffcc8d50000 - 0x00007ffcc90c8000 	C:\WINDOWS\System32\combase.dll
0x00007ffcc6390000 - 0x00007ffcc64f6000 	C:\WINDOWS\SYSTEM32\wintypes.dll
0x00007ffccad70000 - 0x00007ffccae5a000 	C:\WINDOWS\System32\SHCORE.dll
0x00007ffccaae0000 - 0x00007ffccab3d000 	C:\WINDOWS\System32\shlwapi.dll
0x00007ffcc82c0000 - 0x00007ffcc82e1000 	C:\WINDOWS\SYSTEM32\profapi.dll
0x00007ffcae220000 - 0x00007ffcae239000 	C:\Program Files\Java\jdk-17.0.2\bin\net.dll
0x00007ffcbe670000 - 0x00007ffcbe77c000 	C:\WINDOWS\SYSTEM32\WINHTTP.dll
0x00007ffcc78c0000 - 0x00007ffcc7927000 	C:\WINDOWS\system32\mswsock.dll
0x00007ffca4540000 - 0x00007ffca4556000 	C:\Program Files\Java\jdk-17.0.2\bin\nio.dll
0x00007ffca18a0000 - 0x00007ffca18b8000 	C:\Program Files\Java\jdk-17.0.2\bin\zip.dll
0x0000000069ac0000 - 0x0000000069ae4000 	C:\apache-maven-3.8.4\lib\jansi-native\Windows\x86_64\jansi.dll
0x00007ffcb0b20000 - 0x00007ffcb0b30000 	C:\Program Files\Java\jdk-17.0.2\bin\verify.dll

dbghelp: loaded successfully - version: 4.0.5 - missing functions: none
symbol engine: initialized successfully - sym options: 0x614 - pdb path: .;C:\Program Files\Java\jdk-17.0.2\bin;C:\WINDOWS\SYSTEM32;C:\WINDOWS\WinSxS\amd64_microsoft.windows.common-controls_6595b64144ccf1df_6.0.22000.120_none_9d947278b86cc467;C:\Program Files\Java\jdk-17.0.2\bin\server;C:\apache-maven-3.8.4\lib\jansi-native\Windows\x86_64

VM Arguments:
jvm_args: -Dclassworlds.conf=C:\apache-maven-3.8.4\bin\m2.conf -Dmaven.home=C:\apache-maven-3.8.4 -Dlibrary.jansi.path=C:\apache-maven-3.8.4\lib\jansi-native -Dmaven.multiModuleProjectDirectory=C:\Users\Bartosz Hass\Desktop\programming\java\GeoCore 
java_command: org.codehaus.plexus.classworlds.launcher.Launcher clean install
java_class_path (initial): C:\apache-maven-3.8.4\boot\plexus-classworlds-2.6.0.jar
Launcher Type: SUN_STANDARD

[Global flags]
     intx CICompilerCount                          = 4                                         {product} {ergonomic}
     uint ConcGCThreads                            = 2                                         {product} {ergonomic}
     uint G1ConcRefinementThreads                  = 8                                         {product} {ergonomic}
   size_t G1HeapRegionSize                         = 1048576                                   {product} {ergonomic}
    uintx GCDrainStackTargetSize                   = 64                                        {product} {ergonomic}
   size_t InitialHeapSize                          = 132120576                                 {product} {ergonomic}
   size_t MarkStackSize                            = 4194304                                   {product} {ergonomic}
   size_t MaxHeapSize                              = 2090860544                                {product} {ergonomic}
   size_t MaxNewSize                               = 1254096896                                {product} {ergonomic}
   size_t MinHeapDeltaBytes                        = 1048576                                   {product} {ergonomic}
   size_t MinHeapSize                              = 8388608                                   {product} {ergonomic}
    uintx NonNMethodCodeHeapSize                   = 5839372                                {pd product} {ergonomic}
    uintx NonProfiledCodeHeapSize                  = 122909434                              {pd product} {ergonomic}
    uintx ProfiledCodeHeapSize                     = 122909434                              {pd product} {ergonomic}
    uintx ReservedCodeCacheSize                    = 251658240                              {pd product} {ergonomic}
     bool SegmentedCodeCache                       = true                                      {product} {ergonomic}
   size_t SoftMaxHeapSize                          = 2090860544                             {manageable} {ergonomic}
     bool UseCompressedClassPointers               = true                           {product lp64_product} {ergonomic}
     bool UseCompressedOops                        = true                           {product lp64_product} {ergonomic}
     bool UseG1GC                                  = true                                      {product} {ergonomic}
     bool UseLargePagesIndividualAllocation        = false                                  {pd product} {ergonomic}

Logging:
Log output configuration:
 #0: stdout all=warning uptime,level,tags
 #1: stderr all=off uptime,level,tags

Environment Variables:
JAVA_HOME=C:\Program Files\Java\jdk-17.0.2
PATH=C:\Program Files (x86)\Common Files\Oracle\Java\javapath;C:\Program Files\Java\jdk-17.0.2\bin;C:\Program Files\Java\jdk-17.0.2\bin;C:\WINDOWS\system32;C:\WINDOWS;C:\WINDOWS\System32\Wbem;C:\WINDOWS\System32\WindowsPowerShell\v1.0\;C:\WINDOWS\System32\OpenSSH\;C:\Users\Bartek\IDE\Tools\apache-maven-3.8.4\bin;C:\Program Files\nodejs\;C:\Program Files\Git\cmd;C:\apache-maven-3.8.4\bin;C:\Users\Bartosz Hass\.cargo\bin;C:\Users\Bartosz Hass\AppData\Local\Microsoft\WindowsApps;
USERNAME=Bartosz Hass
OS=Windows_NT
PROCESSOR_IDENTIFIER=Intel64 Family 6 Model 126 Stepping 5, GenuineIntel



---------------  S Y S T E M  ---------------

OS:
 Windows 11 , 64 bit Build 22000 (10.0.22000.434)
OS uptime: 11 days 6:37 hours

CPU: total 8 (initial active 8) (4 cores per cpu, 2 threads per core) family 6 model 126 stepping 5 microcode 0xa0, cx8, cmov, fxsr, ht, mmx, 3dnowpref, sse, sse2, sse3, ssse3, sse4.1, sse4.2, popcnt, lzcnt, tsc, tscinvbit, avx, avx2, aes, erms, clmul, bmi1, bmi2, adx, avx512f, avx512dq, avx512cd, avx512bw, avx512vl, sha, fma, vzeroupper, avx512_vpopcntdq, avx512_vpclmulqdq, avx512_vaes, avx512_vnni, clflush, clflushopt, avx512_vbmi2, avx512_vbmi

Memory: 4k page, system-wide physical 7969M (407M free)
TotalPageFile size 32545M (AvailPageFile size 49M)
current process WorkingSet (physical memory assigned to process): 247M, peak: 251M
current process commit charge ("private bytes"): 313M, peak: 385M

vm_info: Java HotSpot(TM) 64-Bit Server VM (17.0.2+8-LTS-86) for windows-amd64 JRE (17.0.2+8-LTS-86), built on Dec  7 2021 21:51:03 by "mach5one" with MS VC++ 16.8 / 16.9 (VS2019)

END.
