#
# There is insufficient memory for the Java Runtime Environment to continue.
# Native memory allocation (malloc) failed to allocate 1807216 bytes for Chunk::new
# Possible reasons:
#   The system is out of physical RAM or swap space
#   The process is running with CompressedOops enabled, and the Java Heap may be blocking the growth of the native heap
# Possible solutions:
#   Reduce memory load on the system
#   Increase physical memory or swap space
#   Check if swap backing store is full
#   Decrease Java heap size (-Xmx/-Xms)
#   Decrease number of Java threads
#   Decrease Java thread stack sizes (-Xss)
#   Set larger code cache with -XX:ReservedCodeCacheSize=
#   JVM is running with Unscaled Compressed Oops mode in which the Java heap is
#     placed in the first 4GB address space. The Java Heap base address is the
#     maximum limit for the native heap growth. Please use -XX:HeapBaseMinAddress
#     to set the Java Heap base and to place the Java Heap above 4GB virtual address.
# This output file may be truncated or incomplete.
#
#  Out of Memory Error (arena.cpp:189), pid=17652, tid=27684
#
# JRE version: Java(TM) SE Runtime Environment (17.0.2+8) (build 17.0.2+8-LTS-86)
# Java VM: Java HotSpot(TM) 64-Bit Server VM (17.0.2+8-LTS-86, mixed mode, sharing, tiered, compressed oops, compressed class ptrs, g1 gc, windows-amd64)
# No core dump will be written. Minidumps are not enabled by default on client versions of Windows
#

---------------  S U M M A R Y ------------

Command Line: -Dclassworlds.conf=C:\apache-maven-3.8.4\bin\m2.conf -Dmaven.home=C:\apache-maven-3.8.4 -Dlibrary.jansi.path=C:\apache-maven-3.8.4\lib\jansi-native -Dmaven.multiModuleProjectDirectory=C:\Users\Bartosz Hass\Desktop\programming\java\GeoCore org.codehaus.plexus.classworlds.launcher.Launcher clean install

Host: Intel(R) Core(TM) i5-1035G1 CPU @ 1.00GHz, 8 cores, 7G,  Windows 11 , 64 bit Build 22000 (10.0.22000.434)
Time: Tue Mar 29 17:47:45 2022  Windows 11 , 64 bit Build 22000 (10.0.22000.434) elapsed time: 8.117074 seconds (0d 0h 0m 8s)

---------------  T H R E A D  ---------------

Current thread (0x0000014b34d176b0):  JavaThread "C2 CompilerThread1" daemon [_thread_in_native, id=27684, stack(0x0000002528700000,0x0000002528800000)]


Current CompileTask:
C2:   8117 5539   !   4       lombok.javac.JavacAST::drill (146 bytes)

Stack: [0x0000002528700000,0x0000002528800000]
Native frames: (J=compiled Java code, j=interpreted, Vv=VM code, C=native code)
V  [jvm.dll+0x670baa]
V  [jvm.dll+0x7cfcb4]
V  [jvm.dll+0x7d145e]
V  [jvm.dll+0x7d1ac3]
V  [jvm.dll+0x242bc5]
V  [jvm.dll+0xaa57b]
V  [jvm.dll+0xaab0c]
V  [jvm.dll+0x35fcb2]
V  [jvm.dll+0x1b9982]
V  [jvm.dll+0x215de9]
V  [jvm.dll+0x2150b1]
V  [jvm.dll+0x1a1bbd]
V  [jvm.dll+0x224908]
V  [jvm.dll+0x222a6c]
V  [jvm.dll+0x7859bb]
V  [jvm.dll+0x77ff7a]
V  [jvm.dll+0x66fa35]
C  [ucrtbase.dll+0x26c0c]
C  [KERNEL32.DLL+0x154e0]
C  [ntdll.dll+0x485b]


---------------  P R O C E S S  ---------------

Threads class SMR info:
_java_thread_list=0x0000014b375e2610, length=13, elements={
0x0000014b13f2e970, 0x0000014b33e9c430, 0x0000014b33e9d1f0, 0x0000014b33eb4d50,
0x0000014b33eb5700, 0x0000014b33eb8cf0, 0x0000014b33eb96a0, 0x0000014b33ebac40,
0x0000014b33ed0600, 0x0000014b33ec5da0, 0x0000014b349cdd30, 0x0000014b349d7270,
0x0000014b34d176b0
}

Java Threads: ( => current thread )
  0x0000014b13f2e970 JavaThread "main" [_thread_in_vm, id=29896, stack(0x0000002527400000,0x0000002527500000)]
  0x0000014b33e9c430 JavaThread "Reference Handler" daemon [_thread_blocked, id=9540, stack(0x0000002527b00000,0x0000002527c00000)]
  0x0000014b33e9d1f0 JavaThread "Finalizer" daemon [_thread_blocked, id=7900, stack(0x0000002527c00000,0x0000002527d00000)]
  0x0000014b33eb4d50 JavaThread "Signal Dispatcher" daemon [_thread_blocked, id=28656, stack(0x0000002527d00000,0x0000002527e00000)]
  0x0000014b33eb5700 JavaThread "Attach Listener" daemon [_thread_blocked, id=24804, stack(0x0000002527e00000,0x0000002527f00000)]
  0x0000014b33eb8cf0 JavaThread "Service Thread" daemon [_thread_blocked, id=28112, stack(0x0000002527f00000,0x0000002528000000)]
  0x0000014b33eb96a0 JavaThread "Monitor Deflation Thread" daemon [_thread_blocked, id=21860, stack(0x0000002528000000,0x0000002528100000)]
  0x0000014b33ebac40 JavaThread "C2 CompilerThread0" daemon [_thread_in_native, id=2880, stack(0x0000002528100000,0x0000002528200000)]
  0x0000014b33ed0600 JavaThread "C1 CompilerThread0" daemon [_thread_in_vm, id=27052, stack(0x0000002528200000,0x0000002528300000)]
  0x0000014b33ec5da0 JavaThread "Sweeper thread" daemon [_thread_blocked, id=28424, stack(0x0000002528300000,0x0000002528400000)]
  0x0000014b349cdd30 JavaThread "Notification Thread" daemon [_thread_blocked, id=27044, stack(0x0000002528400000,0x0000002528500000)]
  0x0000014b349d7270 JavaThread "Common-Cleaner" daemon [_thread_blocked, id=16640, stack(0x0000002528600000,0x0000002528700000)]
=>0x0000014b34d176b0 JavaThread "C2 CompilerThread1" daemon [_thread_in_native, id=27684, stack(0x0000002528700000,0x0000002528800000)]

Other Threads:
  0x0000014b33e97a90 VMThread "VM Thread" [stack: 0x0000002527a00000,0x0000002527b00000] [id=27348]
  0x0000014b13f89b20 WatcherThread [stack: 0x0000002528500000,0x0000002528600000] [id=20652]
  0x0000014b13f71040 GCTaskThread "GC Thread#0" [stack: 0x0000002527500000,0x0000002527600000] [id=26252]
  0x0000014b34a85fb0 GCTaskThread "GC Thread#1" [stack: 0x0000002528800000,0x0000002528900000] [id=27532]
  0x0000014b353e3b00 GCTaskThread "GC Thread#2" [stack: 0x0000002528900000,0x0000002528a00000] [id=13568]
  0x0000014b355077d0 GCTaskThread "GC Thread#3" [stack: 0x0000002528a00000,0x0000002528b00000] [id=27040]
  0x0000014b3537fa70 GCTaskThread "GC Thread#4" [stack: 0x0000002528b00000,0x0000002528c00000] [id=21404]
  0x0000014b35533150 GCTaskThread "GC Thread#5" [stack: 0x0000002528c00000,0x0000002528d00000] [id=12664]
  0x0000014b3589b850 GCTaskThread "GC Thread#6" [stack: 0x0000002528d00000,0x0000002528e00000] [id=22756]
  0x0000014b35939be0 GCTaskThread "GC Thread#7" [stack: 0x0000002528e00000,0x0000002528f00000] [id=7624]
  0x0000014b13f817c0 ConcurrentGCThread "G1 Main Marker" [stack: 0x0000002527600000,0x0000002527700000] [id=17736]
  0x0000014b13f830e0 ConcurrentGCThread "G1 Conc#0" [stack: 0x0000002527700000,0x0000002527800000] [id=30128]
  0x0000014b3720b020 ConcurrentGCThread "G1 Conc#1" [stack: 0x0000002528f00000,0x0000002529000000] [id=9620]
  0x0000014b14002470 ConcurrentGCThread "G1 Refine#0" [stack: 0x0000002527800000,0x0000002527900000] [id=17444]
  0x0000014b33d60090 ConcurrentGCThread "G1 Service" [stack: 0x0000002527900000,0x0000002527a00000] [id=28732]

Threads with active compile tasks:
C2 CompilerThread0     8148 5521       4       lombok.core.AST::buildWithField (21 bytes)
C2 CompilerThread1     8148 5539   !   4       lombok.javac.JavacAST::drill (146 bytes)

VM state: not at safepoint (normal execution)

VM Mutex/Monitor currently owned by a thread: None

Heap address: 0x0000000083600000, size: 1994 MB, Compressed Oops mode: 32-bit

CDS archive(s) mapped at: [0x0000000800000000-0x0000000800bc0000-0x0000000800bc0000), size 12320768, SharedBaseAddress: 0x0000000800000000, ArchiveRelocationMode: 0.
Compressed class space mapped at: 0x0000000800c00000-0x0000000840c00000, reserved size: 1073741824
Narrow klass base: 0x0000000800000000, Narrow klass shift: 0, Narrow klass range: 0x100000000

GC Precious Log:
 CPUs: 8 total, 8 available
 Memory: 7969M
 Large Page Support: Disabled
 NUMA Support: Disabled
 Compressed Oops: Enabled (32-bit)
 Heap Region Size: 1M
 Heap Min Capacity: 8M
 Heap Initial Capacity: 126M
 Heap Max Capacity: 1994M
 Pre-touch: Disabled
 Parallel Workers: 8
 Concurrent Workers: 2
 Concurrent Refinement Workers: 8
 Periodic GC: Disabled

Heap:
 garbage-first heap   total 118784K, used 73676K [0x0000000083600000, 0x0000000100000000)
  region size 1024K, 44 young (45056K), 2 survivors (2048K)
 Metaspace       used 25542K, committed 25856K, reserved 1073152K
  class space    used 2863K, committed 3008K, reserved 1048576K

Heap Regions: E=young(eden), S=young(survivor), O=old, HS=humongous(starts), HC=humongous(continues), CS=collection set, F=free, OA=open archive, CA=closed archive, TAMS=top-at-mark-start (previous, next)
|   0|0x0000000083600000, 0x0000000083700000, 0x0000000083700000|100%| O|  |TAMS 0x0000000083700000, 0x0000000083600000| Untracked 
|   1|0x0000000083700000, 0x0000000083800000, 0x0000000083800000|100%| O|  |TAMS 0x0000000083800000, 0x0000000083700000| Untracked 
|   2|0x0000000083800000, 0x0000000083900000, 0x0000000083900000|100%| O|  |TAMS 0x0000000083900000, 0x0000000083800000| Untracked 
|   3|0x0000000083900000, 0x0000000083a00000, 0x0000000083a00000|100%| O|  |TAMS 0x0000000083965e00, 0x0000000083900000| Untracked 
|   4|0x0000000083a00000, 0x0000000083b00000, 0x0000000083b00000|100%|HS|  |TAMS 0x0000000083a00000, 0x0000000083a00000| Complete 
|   5|0x0000000083b00000, 0x0000000083c00000, 0x0000000083c00000|100%|HC|  |TAMS 0x0000000083b00000, 0x0000000083b00000| Complete 
|   6|0x0000000083c00000, 0x0000000083d00000, 0x0000000083d00000|100%|HS|  |TAMS 0x0000000083d00000, 0x0000000083c00000| Complete 
|   7|0x0000000083d00000, 0x0000000083e00000, 0x0000000083e00000|100%|HC|  |TAMS 0x0000000083e00000, 0x0000000083d00000| Complete 
|   8|0x0000000083e00000, 0x0000000083f00000, 0x0000000083f00000|100%| O|  |TAMS 0x0000000083e00000, 0x0000000083e00000| Untracked 
|   9|0x0000000083f00000, 0x0000000084000000, 0x0000000084000000|100%|HS|  |TAMS 0x0000000083f00000, 0x0000000083f00000| Complete 
|  10|0x0000000084000000, 0x0000000084100000, 0x0000000084100000|100%| O|  |TAMS 0x0000000084000000, 0x0000000084000000| Untracked 
|  11|0x0000000084100000, 0x0000000084200000, 0x0000000084200000|100%| O|  |TAMS 0x0000000084100000, 0x0000000084100000| Untracked 
|  12|0x0000000084200000, 0x0000000084300000, 0x0000000084300000|100%| O|  |TAMS 0x0000000084200000, 0x0000000084200000| Untracked 
|  13|0x0000000084300000, 0x0000000084400000, 0x0000000084400000|100%| O|  |TAMS 0x0000000084300000, 0x0000000084300000| Untracked 
|  14|0x0000000084400000, 0x0000000084500000, 0x0000000084500000|100%| O|  |TAMS 0x0000000084400000, 0x0000000084400000| Untracked 
|  15|0x0000000084500000, 0x0000000084600000, 0x0000000084600000|100%| O|  |TAMS 0x0000000084500000, 0x0000000084500000| Untracked 
|  16|0x0000000084600000, 0x0000000084700000, 0x0000000084700000|100%| O|  |TAMS 0x0000000084600000, 0x0000000084600000| Untracked 
|  17|0x0000000084700000, 0x0000000084800000, 0x0000000084800000|100%| O|  |TAMS 0x0000000084700000, 0x0000000084700000| Untracked 
|  18|0x0000000084800000, 0x0000000084900000, 0x0000000084900000|100%| O|  |TAMS 0x0000000084800000, 0x0000000084800000| Untracked 
|  19|0x0000000084900000, 0x0000000084a00000, 0x0000000084a00000|100%| O|  |TAMS 0x0000000084900000, 0x0000000084900000| Untracked 
|  20|0x0000000084a00000, 0x0000000084b00000, 0x0000000084b00000|100%| O|  |TAMS 0x0000000084a00000, 0x0000000084a00000| Untracked 
|  21|0x0000000084b00000, 0x0000000084c00000, 0x0000000084c00000|100%| O|  |TAMS 0x0000000084b00000, 0x0000000084b00000| Untracked 
|  22|0x0000000084c00000, 0x0000000084c2d000, 0x0000000084d00000| 17%| O|  |TAMS 0x0000000084c00000, 0x0000000084c00000| Untracked 
|  23|0x0000000084d00000, 0x0000000084e00000, 0x0000000084e00000|100%| O|  |TAMS 0x0000000084d00000, 0x0000000084d00000| Untracked 
|  24|0x0000000084e00000, 0x0000000084f00000, 0x0000000084f00000|100%| O|  |TAMS 0x0000000084e00000, 0x0000000084e00000| Untracked 
|  25|0x0000000084f00000, 0x0000000085000000, 0x0000000085000000|100%| O|  |TAMS 0x0000000084f00000, 0x0000000084f00000| Untracked 
|  26|0x0000000085000000, 0x0000000085100000, 0x0000000085100000|100%| O|  |TAMS 0x0000000085000000, 0x0000000085000000| Untracked 
|  27|0x0000000085100000, 0x0000000085200000, 0x0000000085200000|100%| O|  |TAMS 0x0000000085100000, 0x0000000085100000| Untracked 
|  28|0x0000000085200000, 0x0000000085300000, 0x0000000085300000|100%| O|  |TAMS 0x0000000085200000, 0x0000000085200000| Untracked 
|  29|0x0000000085300000, 0x0000000085300000, 0x0000000085400000|  0%| F|  |TAMS 0x0000000085300000, 0x0000000085300000| Untracked 
|  30|0x0000000085400000, 0x0000000085400000, 0x0000000085500000|  0%| F|  |TAMS 0x0000000085400000, 0x0000000085400000| Untracked 
|  31|0x0000000085500000, 0x0000000085500000, 0x0000000085600000|  0%| F|  |TAMS 0x0000000085500000, 0x0000000085500000| Untracked 
|  32|0x0000000085600000, 0x0000000085600000, 0x0000000085700000|  0%| F|  |TAMS 0x0000000085600000, 0x0000000085600000| Untracked 
|  33|0x0000000085700000, 0x0000000085700000, 0x0000000085800000|  0%| F|  |TAMS 0x0000000085700000, 0x0000000085700000| Untracked 
|  34|0x0000000085800000, 0x0000000085800000, 0x0000000085900000|  0%| F|  |TAMS 0x0000000085800000, 0x0000000085800000| Untracked 
|  35|0x0000000085900000, 0x0000000085900000, 0x0000000085a00000|  0%| F|  |TAMS 0x0000000085900000, 0x0000000085900000| Untracked 
|  36|0x0000000085a00000, 0x0000000085a00000, 0x0000000085b00000|  0%| F|  |TAMS 0x0000000085a00000, 0x0000000085a00000| Untracked 
|  37|0x0000000085b00000, 0x0000000085b00000, 0x0000000085c00000|  0%| F|  |TAMS 0x0000000085b00000, 0x0000000085b00000| Untracked 
|  38|0x0000000085c00000, 0x0000000085c00000, 0x0000000085d00000|  0%| F|  |TAMS 0x0000000085c00000, 0x0000000085c00000| Untracked 
|  39|0x0000000085d00000, 0x0000000085d00000, 0x0000000085e00000|  0%| F|  |TAMS 0x0000000085d00000, 0x0000000085d00000| Untracked 
|  40|0x0000000085e00000, 0x0000000085ec6318, 0x0000000085f00000| 77%| S|CS|TAMS 0x0000000085e00000, 0x0000000085e00000| Complete 
|  41|0x0000000085f00000, 0x0000000086000000, 0x0000000086000000|100%| S|CS|TAMS 0x0000000085f00000, 0x0000000085f00000| Complete 
|  42|0x0000000086000000, 0x0000000086000000, 0x0000000086100000|  0%| F|  |TAMS 0x0000000086000000, 0x0000000086000000| Untracked 
|  43|0x0000000086100000, 0x0000000086100000, 0x0000000086200000|  0%| F|  |TAMS 0x0000000086100000, 0x0000000086100000| Untracked 
|  44|0x0000000086200000, 0x0000000086200000, 0x0000000086300000|  0%| F|  |TAMS 0x0000000086200000, 0x0000000086200000| Untracked 
|  45|0x0000000086300000, 0x0000000086300000, 0x0000000086400000|  0%| F|  |TAMS 0x0000000086300000, 0x0000000086300000| Untracked 
|  46|0x0000000086400000, 0x0000000086400000, 0x0000000086500000|  0%| F|  |TAMS 0x0000000086400000, 0x0000000086400000| Untracked 
|  47|0x0000000086500000, 0x0000000086500000, 0x0000000086600000|  0%| F|  |TAMS 0x0000000086500000, 0x0000000086500000| Untracked 
|  48|0x0000000086600000, 0x0000000086600000, 0x0000000086700000|  0%| F|  |TAMS 0x0000000086600000, 0x0000000086600000| Untracked 
|  49|0x0000000086700000, 0x0000000086700000, 0x0000000086800000|  0%| F|  |TAMS 0x0000000086700000, 0x0000000086700000| Untracked 
|  50|0x0000000086800000, 0x0000000086800000, 0x0000000086900000|  0%| F|  |TAMS 0x0000000086800000, 0x0000000086800000| Untracked 
|  51|0x0000000086900000, 0x0000000086900000, 0x0000000086a00000|  0%| F|  |TAMS 0x0000000086900000, 0x0000000086900000| Untracked 
|  52|0x0000000086a00000, 0x0000000086a00000, 0x0000000086b00000|  0%| F|  |TAMS 0x0000000086a00000, 0x0000000086a00000| Untracked 
|  53|0x0000000086b00000, 0x0000000086b00000, 0x0000000086c00000|  0%| F|  |TAMS 0x0000000086b00000, 0x0000000086b00000| Untracked 
|  54|0x0000000086c00000, 0x0000000086c00000, 0x0000000086d00000|  0%| F|  |TAMS 0x0000000086c00000, 0x0000000086c00000| Untracked 
|  55|0x0000000086d00000, 0x0000000086d00000, 0x0000000086e00000|  0%| F|  |TAMS 0x0000000086d00000, 0x0000000086d00000| Untracked 
|  56|0x0000000086e00000, 0x0000000086e00000, 0x0000000086f00000|  0%| F|  |TAMS 0x0000000086e00000, 0x0000000086e00000| Untracked 
|  57|0x0000000086f00000, 0x0000000086f00000, 0x0000000087000000|  0%| F|  |TAMS 0x0000000086f00000, 0x0000000086f00000| Untracked 
|  58|0x0000000087000000, 0x0000000087000000, 0x0000000087100000|  0%| F|  |TAMS 0x0000000087000000, 0x0000000087000000| Untracked 
|  59|0x0000000087100000, 0x0000000087100000, 0x0000000087200000|  0%| F|  |TAMS 0x0000000087100000, 0x0000000087100000| Untracked 
|  60|0x0000000087200000, 0x0000000087200000, 0x0000000087300000|  0%| F|  |TAMS 0x0000000087200000, 0x0000000087200000| Untracked 
|  61|0x0000000087300000, 0x0000000087300000, 0x0000000087400000|  0%| F|  |TAMS 0x0000000087300000, 0x0000000087300000| Untracked 
|  62|0x0000000087400000, 0x0000000087400000, 0x0000000087500000|  0%| F|  |TAMS 0x0000000087400000, 0x0000000087400000| Untracked 
|  63|0x0000000087500000, 0x0000000087500000, 0x0000000087600000|  0%| F|  |TAMS 0x0000000087500000, 0x0000000087500000| Untracked 
|  64|0x0000000087600000, 0x0000000087600000, 0x0000000087700000|  0%| F|  |TAMS 0x0000000087600000, 0x0000000087600000| Untracked 
|  65|0x0000000087700000, 0x0000000087700000, 0x0000000087800000|  0%| F|  |TAMS 0x0000000087700000, 0x0000000087700000| Untracked 
|  66|0x0000000087800000, 0x0000000087800000, 0x0000000087900000|  0%| F|  |TAMS 0x0000000087800000, 0x0000000087800000| Untracked 
|  67|0x0000000087900000, 0x0000000087900000, 0x0000000087a00000|  0%| F|  |TAMS 0x0000000087900000, 0x0000000087900000| Untracked 
|  68|0x0000000087a00000, 0x0000000087a00000, 0x0000000087b00000|  0%| F|  |TAMS 0x0000000087a00000, 0x0000000087a00000| Untracked 
|  69|0x0000000087b00000, 0x0000000087b00000, 0x0000000087c00000|  0%| F|  |TAMS 0x0000000087b00000, 0x0000000087b00000| Untracked 
|  70|0x0000000087c00000, 0x0000000087c00000, 0x0000000087d00000|  0%| F|  |TAMS 0x0000000087c00000, 0x0000000087c00000| Untracked 
|  71|0x0000000087d00000, 0x0000000087d00000, 0x0000000087e00000|  0%| F|  |TAMS 0x0000000087d00000, 0x0000000087d00000| Untracked 
|  72|0x0000000087e00000, 0x0000000087e00000, 0x0000000087f00000|  0%| F|  |TAMS 0x0000000087e00000, 0x0000000087e00000| Untracked 
|  73|0x0000000087f00000, 0x0000000088000000, 0x0000000088000000|100%| E|  |TAMS 0x0000000087f00000, 0x0000000087f00000| Complete 
|  74|0x0000000088000000, 0x0000000088100000, 0x0000000088100000|100%| E|CS|TAMS 0x0000000088000000, 0x0000000088000000| Complete 
|  75|0x0000000088100000, 0x0000000088200000, 0x0000000088200000|100%| E|CS|TAMS 0x0000000088100000, 0x0000000088100000| Complete 
|  76|0x0000000088200000, 0x0000000088300000, 0x0000000088300000|100%| E|CS|TAMS 0x0000000088200000, 0x0000000088200000| Complete 
|  77|0x0000000088300000, 0x0000000088400000, 0x0000000088400000|100%| E|CS|TAMS 0x0000000088300000, 0x0000000088300000| Complete 
|  78|0x0000000088400000, 0x0000000088500000, 0x0000000088500000|100%| E|CS|TAMS 0x0000000088400000, 0x0000000088400000| Complete 
|  79|0x0000000088500000, 0x0000000088600000, 0x0000000088600000|100%| E|CS|TAMS 0x0000000088500000, 0x0000000088500000| Complete 
|  80|0x0000000088600000, 0x0000000088700000, 0x0000000088700000|100%| E|CS|TAMS 0x0000000088600000, 0x0000000088600000| Complete 
|  81|0x0000000088700000, 0x0000000088800000, 0x0000000088800000|100%| E|CS|TAMS 0x0000000088700000, 0x0000000088700000| Complete 
|  82|0x0000000088800000, 0x0000000088900000, 0x0000000088900000|100%| E|CS|TAMS 0x0000000088800000, 0x0000000088800000| Complete 
|  83|0x0000000088900000, 0x0000000088a00000, 0x0000000088a00000|100%| E|CS|TAMS 0x0000000088900000, 0x0000000088900000| Complete 
|  84|0x0000000088a00000, 0x0000000088b00000, 0x0000000088b00000|100%| E|CS|TAMS 0x0000000088a00000, 0x0000000088a00000| Complete 
|  85|0x0000000088b00000, 0x0000000088c00000, 0x0000000088c00000|100%| E|CS|TAMS 0x0000000088b00000, 0x0000000088b00000| Complete 
|  86|0x0000000088c00000, 0x0000000088d00000, 0x0000000088d00000|100%| E|CS|TAMS 0x0000000088c00000, 0x0000000088c00000| Complete 
|  87|0x0000000088d00000, 0x0000000088e00000, 0x0000000088e00000|100%| E|CS|TAMS 0x0000000088d00000, 0x0000000088d00000| Complete 
|  88|0x0000000088e00000, 0x0000000088f00000, 0x0000000088f00000|100%| E|CS|TAMS 0x0000000088e00000, 0x0000000088e00000| Complete 
|  89|0x0000000088f00000, 0x0000000089000000, 0x0000000089000000|100%| E|CS|TAMS 0x0000000088f00000, 0x0000000088f00000| Complete 
|  90|0x0000000089000000, 0x0000000089100000, 0x0000000089100000|100%| E|CS|TAMS 0x0000000089000000, 0x0000000089000000| Complete 
|  91|0x0000000089100000, 0x0000000089200000, 0x0000000089200000|100%| E|CS|TAMS 0x0000000089100000, 0x0000000089100000| Complete 
|  92|0x0000000089200000, 0x0000000089300000, 0x0000000089300000|100%| E|CS|TAMS 0x0000000089200000, 0x0000000089200000| Complete 
|  93|0x0000000089300000, 0x0000000089400000, 0x0000000089400000|100%| E|CS|TAMS 0x0000000089300000, 0x0000000089300000| Complete 
|  94|0x0000000089400000, 0x0000000089500000, 0x0000000089500000|100%| E|CS|TAMS 0x0000000089400000, 0x0000000089400000| Complete 
|  95|0x0000000089500000, 0x0000000089600000, 0x0000000089600000|100%| E|CS|TAMS 0x0000000089500000, 0x0000000089500000| Complete 
|  96|0x0000000089600000, 0x0000000089700000, 0x0000000089700000|100%| E|CS|TAMS 0x0000000089600000, 0x0000000089600000| Complete 
|  97|0x0000000089700000, 0x0000000089800000, 0x0000000089800000|100%| E|CS|TAMS 0x0000000089700000, 0x0000000089700000| Complete 
|  98|0x0000000089800000, 0x0000000089900000, 0x0000000089900000|100%| E|CS|TAMS 0x0000000089800000, 0x0000000089800000| Complete 
|  99|0x0000000089900000, 0x0000000089a00000, 0x0000000089a00000|100%| E|CS|TAMS 0x0000000089900000, 0x0000000089900000| Complete 
| 100|0x0000000089a00000, 0x0000000089b00000, 0x0000000089b00000|100%| E|CS|TAMS 0x0000000089a00000, 0x0000000089a00000| Complete 
| 101|0x0000000089b00000, 0x0000000089c00000, 0x0000000089c00000|100%| E|CS|TAMS 0x0000000089b00000, 0x0000000089b00000| Complete 
| 102|0x0000000089c00000, 0x0000000089d00000, 0x0000000089d00000|100%| E|CS|TAMS 0x0000000089c00000, 0x0000000089c00000| Complete 
| 103|0x0000000089d00000, 0x0000000089e00000, 0x0000000089e00000|100%| E|CS|TAMS 0x0000000089d00000, 0x0000000089d00000| Complete 
| 104|0x0000000089e00000, 0x0000000089f00000, 0x0000000089f00000|100%| E|CS|TAMS 0x0000000089e00000, 0x0000000089e00000| Complete 
| 105|0x0000000089f00000, 0x000000008a000000, 0x000000008a000000|100%| E|CS|TAMS 0x0000000089f00000, 0x0000000089f00000| Complete 
| 106|0x000000008a000000, 0x000000008a100000, 0x000000008a100000|100%| E|CS|TAMS 0x000000008a000000, 0x000000008a000000| Complete 
| 107|0x000000008a100000, 0x000000008a200000, 0x000000008a200000|100%| E|CS|TAMS 0x000000008a100000, 0x000000008a100000| Complete 
| 108|0x000000008a200000, 0x000000008a300000, 0x000000008a300000|100%| E|CS|TAMS 0x000000008a200000, 0x000000008a200000| Complete 
| 109|0x000000008a300000, 0x000000008a400000, 0x000000008a400000|100%| E|CS|TAMS 0x000000008a300000, 0x000000008a300000| Complete 
| 110|0x000000008a400000, 0x000000008a500000, 0x000000008a500000|100%| E|CS|TAMS 0x000000008a400000, 0x000000008a400000| Complete 
| 111|0x000000008a500000, 0x000000008a600000, 0x000000008a600000|100%| E|CS|TAMS 0x000000008a500000, 0x000000008a500000| Complete 
| 112|0x000000008a600000, 0x000000008a700000, 0x000000008a700000|100%| E|CS|TAMS 0x000000008a600000, 0x000000008a600000| Complete 
| 113|0x000000008a700000, 0x000000008a800000, 0x000000008a800000|100%| E|CS|TAMS 0x000000008a700000, 0x000000008a700000| Complete 
| 125|0x000000008b300000, 0x000000008b400000, 0x000000008b400000|100%| E|CS|TAMS 0x000000008b300000, 0x000000008b300000| Complete 
|1993|0x00000000fff00000, 0x0000000100000000, 0x0000000100000000|100%| O|  |TAMS 0x00000000fff00000, 0x00000000fff00000| Untracked 

Card table byte_map: [0x0000014b2cdf0000,0x0000014b2d1e0000] _byte_map_base: 0x0000014b2c9d5000

Marking Bits (Prev, Next): (CMBitMap*) 0x0000014b13f71590, (CMBitMap*) 0x0000014b13f71550
 Prev Bits: [0x0000014b2f500000, 0x0000014b31428000)
 Next Bits: [0x0000014b2d5d0000, 0x0000014b2f4f8000)

Polling page: 0x0000014b14010000

Metaspace:

Usage:
  Non-class:     22.15 MB used.
      Class:      2.80 MB used.
       Both:     24.94 MB used.

Virtual space:
  Non-class space:       24.00 MB reserved,      22.31 MB ( 93%) committed,  3 nodes.
      Class space:        1.00 GB reserved,       2.94 MB ( <1%) committed,  1 nodes.
             Both:        1.02 GB reserved,      25.25 MB (  2%) committed. 

Chunk freelists:
   Non-Class:  1008.00 KB
       Class:  1.01 MB
        Both:  1.99 MB

MaxMetaspaceSize: unlimited
CompressedClassSpaceSize: 1.00 GB
Initial GC threshold: 21.00 MB
Current GC threshold: 35.12 MB
CDS: on
MetaspaceReclaimPolicy: balanced
 - commit_granule_bytes: 65536.
 - commit_granule_words: 8192.
 - virtual_space_node_default_size: 1048576.
 - enlarge_chunks_in_place: 1.
 - new_chunks_are_fully_committed: 0.
 - uncommit_free_chunks: 1.
 - use_allocation_guard: 0.
 - handle_deallocations: 1.


Internal statistics:

num_allocs_failed_limit: 3.
num_arena_births: 152.
num_arena_deaths: 0.
num_vsnodes_births: 4.
num_vsnodes_deaths: 0.
num_space_committed: 404.
num_space_uncommitted: 0.
num_chunks_returned_to_freelist: 3.
num_chunks_taken_from_freelist: 1054.
num_chunk_merges: 0.
num_chunk_splits: 759.
num_chunks_enlarged: 604.
num_purges: 0.
num_inconsistent_stats: 0.

CodeHeap 'non-profiled nmethods': size=120000Kb used=2822Kb max_used=2822Kb free=117177Kb
 bounds [0x0000014b24a70000, 0x0000014b24d40000, 0x0000014b2bfa0000]
CodeHeap 'profiled nmethods': size=120000Kb used=12178Kb max_used=12178Kb free=107822Kb
 bounds [0x0000014b1d540000, 0x0000014b1e130000, 0x0000014b24a70000]
CodeHeap 'non-nmethods': size=5760Kb used=1230Kb max_used=1283Kb free=4529Kb
 bounds [0x0000014b1cfa0000, 0x0000014b1d210000, 0x0000014b1d540000]
 total_blobs=6338 nmethods=5820 adapters=428
 compilation: enabled
              stopped_count=0, restarted_count=0
 full_count=0

Compilation events (20 events):
Event: 8.105 Thread 0x0000014b33ed0600 nmethod 5820 0x0000014b1e104a90 code [0x0000014b1e104c20, 0x0000014b1e104d48]
Event: 8.105 Thread 0x0000014b33ed0600 5821       2       com.sun.tools.javac.comp.Modules$$Lambda$131/0x0000000800e82470::test (8 bytes)
Event: 8.105 Thread 0x0000014b33ed0600 nmethod 5821 0x0000014b1e104e10 code [0x0000014b1e104fa0, 0x0000014b1e105118]
Event: 8.105 Thread 0x0000014b33ed0600 5822       2       com.sun.tools.javac.comp.Modules::lambda$setupAllModules$6 (19 bytes)
Event: 8.106 Thread 0x0000014b33ed0600 nmethod 5822 0x0000014b1e105210 code [0x0000014b1e1053a0, 0x0000014b1e1054b8]
Event: 8.106 Thread 0x0000014b33ed0600 5823       2       com.sun.tools.javac.tree.TreeInfo::fullName (84 bytes)
Event: 8.106 Thread 0x0000014b33ed0600 nmethod 5823 0x0000014b1e105590 code [0x0000014b1e1057a0, 0x0000014b1e105c38]
Event: 8.106 Thread 0x0000014b33ed0600 5827       2       java.util.stream.Sink$ChainedReference::<init> (16 bytes)
Event: 8.107 Thread 0x0000014b33ed0600 nmethod 5827 0x0000014b1e105f90 code [0x0000014b1e106140, 0x0000014b1e1063c8]
Event: 8.107 Thread 0x0000014b33ed0600 5826       2       com.sun.tools.javac.code.Symbol::isDirectlyOrIndirectlyLocal (45 bytes)
Event: 8.107 Thread 0x0000014b33ed0600 nmethod 5826 0x0000014b1e106510 code [0x0000014b1e1066c0, 0x0000014b1e106868]
Event: 8.107 Thread 0x0000014b33ed0600 5825       2       com.sun.tools.javac.tree.JCTree$Visitor::visitMethodDef (6 bytes)
Event: 8.107 Thread 0x0000014b33ed0600 nmethod 5825 0x0000014b1e106990 code [0x0000014b1e106b20, 0x0000014b1e106c48]
Event: 8.107 Thread 0x0000014b33ed0600 5824       1       java.util.stream.FindOps$FindSink::cancellationRequested (5 bytes)
Event: 8.107 Thread 0x0000014b33ed0600 nmethod 5824 0x0000014b24d30f10 code [0x0000014b24d310a0, 0x0000014b24d31178]
Event: 8.107 Thread 0x0000014b33ed0600 5828       1       com.sun.tools.javac.tree.JCTree$JCClassDecl::getImplementsClause (5 bytes)
Event: 8.107 Thread 0x0000014b33ed0600 nmethod 5828 0x0000014b24d31210 code [0x0000014b24d313a0, 0x0000014b24d31478]
Event: 8.107 Thread 0x0000014b33ed0600 5829       2       com.sun.tools.javac.tree.JCTree::setType (7 bytes)
Event: 8.107 Thread 0x0000014b33ed0600 nmethod 5829 0x0000014b1e106d10 code [0x0000014b1e106ea0, 0x0000014b1e106ff8]
Event: 8.110 Thread 0x0000014b33ed0600 5830   !   2       com.sun.tools.javac.comp.MemberEnter::visitMethodDef (414 bytes)

GC Heap History (16 events):
Event: 0.857 GC heap before
{Heap before GC invocations=0 (full 0):
 garbage-first heap   total 129024K, used 23552K [0x0000000083600000, 0x0000000100000000)
  region size 1024K, 23 young (23552K), 0 survivors (0K)
 Metaspace       used 4918K, committed 5056K, reserved 1056768K
  class space    used 582K, committed 640K, reserved 1048576K
}
Event: 0.862 GC heap after
{Heap after GC invocations=1 (full 0):
 garbage-first heap   total 129024K, used 3877K [0x0000000083600000, 0x0000000100000000)
  region size 1024K, 3 young (3072K), 3 survivors (3072K)
 Metaspace       used 4918K, committed 5056K, reserved 1056768K
  class space    used 582K, committed 640K, reserved 1048576K
}
Event: 2.092 GC heap before
{Heap before GC invocations=1 (full 0):
 garbage-first heap   total 129024K, used 35621K [0x0000000083600000, 0x0000000100000000)
  region size 1024K, 34 young (34816K), 3 survivors (3072K)
 Metaspace       used 11119K, committed 11264K, reserved 1064960K
  class space    used 1347K, committed 1408K, reserved 1048576K
}
Event: 2.106 GC heap after
{Heap after GC invocations=2 (full 0):
 garbage-first heap   total 129024K, used 6030K [0x0000000083600000, 0x0000000100000000)
  region size 1024K, 3 young (3072K), 3 survivors (3072K)
 Metaspace       used 11119K, committed 11264K, reserved 1064960K
  class space    used 1347K, committed 1408K, reserved 1048576K
}
Event: 4.037 GC heap before
{Heap before GC invocations=2 (full 0):
 garbage-first heap   total 129024K, used 79758K [0x0000000083600000, 0x0000000100000000)
  region size 1024K, 75 young (76800K), 3 survivors (3072K)
 Metaspace       used 13692K, committed 13888K, reserved 1064960K
  class space    used 1545K, committed 1664K, reserved 1048576K
}
Event: 4.050 GC heap after
{Heap after GC invocations=3 (full 0):
 garbage-first heap   total 129024K, used 9774K [0x0000000083600000, 0x0000000100000000)
  region size 1024K, 7 young (7168K), 7 survivors (7168K)
 Metaspace       used 13692K, committed 13888K, reserved 1064960K
  class space    used 1545K, committed 1664K, reserved 1048576K
}
Event: 4.895 GC heap before
{Heap before GC invocations=3 (full 0):
 garbage-first heap   total 129024K, used 28206K [0x0000000083600000, 0x0000000100000000)
  region size 1024K, 22 young (22528K), 7 survivors (7168K)
 Metaspace       used 21281K, committed 21504K, reserved 1073152K
  class space    used 2429K, committed 2560K, reserved 1048576K
}
Event: 4.907 GC heap after
{Heap after GC invocations=4 (full 0):
 garbage-first heap   total 129024K, used 15424K [0x0000000083600000, 0x0000000100000000)
  region size 1024K, 8 young (8192K), 8 survivors (8192K)
 Metaspace       used 21281K, committed 21504K, reserved 1073152K
  class space    used 2429K, committed 2560K, reserved 1048576K
}
Event: 5.753 GC heap before
{Heap before GC invocations=5 (full 0):
 garbage-first heap   total 58368K, used 44096K [0x0000000083600000, 0x0000000100000000)
  region size 1024K, 34 young (34816K), 8 survivors (8192K)
 Metaspace       used 22746K, committed 23040K, reserved 1073152K
  class space    used 2597K, committed 2688K, reserved 1048576K
}
Event: 5.773 GC heap after
{Heap after GC invocations=6 (full 0):
 garbage-first heap   total 59392K, used 24205K [0x0000000083600000, 0x0000000100000000)
  region size 1024K, 5 young (5120K), 5 survivors (5120K)
 Metaspace       used 22746K, committed 23040K, reserved 1073152K
  class space    used 2597K, committed 2688K, reserved 1048576K
}
Event: 5.796 GC heap before
{Heap before GC invocations=6 (full 0):
 garbage-first heap   total 59392K, used 25229K [0x0000000083600000, 0x0000000100000000)
  region size 1024K, 6 young (6144K), 5 survivors (5120K)
 Metaspace       used 22765K, committed 23040K, reserved 1073152K
  class space    used 2598K, committed 2688K, reserved 1048576K
}
Event: 5.810 GC heap after
{Heap after GC invocations=7 (full 0):
 garbage-first heap   total 59392K, used 25578K [0x0000000083600000, 0x0000000100000000)
  region size 1024K, 1 young (1024K), 1 survivors (1024K)
 Metaspace       used 22765K, committed 23040K, reserved 1073152K
  class space    used 2598K, committed 2688K, reserved 1048576K
}
Event: 6.104 GC heap before
{Heap before GC invocations=7 (full 0):
 garbage-first heap   total 59392K, used 45034K [0x0000000083600000, 0x0000000100000000)
  region size 1024K, 19 young (19456K), 1 survivors (1024K)
 Metaspace       used 23060K, committed 23360K, reserved 1073152K
  class space    used 2613K, committed 2752K, reserved 1048576K
}
Event: 6.122 GC heap after
{Heap after GC invocations=8 (full 0):
 garbage-first heap   total 59392K, used 29696K [0x0000000083600000, 0x0000000100000000)
  region size 1024K, 3 young (3072K), 3 survivors (3072K)
 Metaspace       used 23060K, committed 23360K, reserved 1073152K
  class space    used 2613K, committed 2752K, reserved 1048576K
}
Event: 6.880 GC heap before
{Heap before GC invocations=8 (full 0):
 garbage-first heap   total 59392K, used 44032K [0x0000000083600000, 0x0000000100000000)
  region size 1024K, 18 young (18432K), 3 survivors (3072K)
 Metaspace       used 24049K, committed 24256K, reserved 1073152K
  class space    used 2728K, committed 2816K, reserved 1048576K
}
Event: 6.894 GC heap after
{Heap after GC invocations=9 (full 0):
 garbage-first heap   total 118784K, used 31692K [0x0000000083600000, 0x0000000100000000)
  region size 1024K, 2 young (2048K), 2 survivors (2048K)
 Metaspace       used 24049K, committed 24256K, reserved 1073152K
  class space    used 2728K, committed 2816K, reserved 1048576K
}

Deoptimization events (20 events):
Event: 8.050 Thread 0x0000014b13f2e970 DEOPT PACKING pc=0x0000014b24d29534 sp=0x00000025274fd130
Event: 8.050 Thread 0x0000014b13f2e970 DEOPT UNPACKING pc=0x0000014b1cff5c23 sp=0x00000025274fd0c8 mode 2
Event: 8.050 Thread 0x0000014b13f2e970 Uncommon trap: trap_request=0xffffffc6 fr.pc=0x0000014b24d2969c relative=0x000000000000055c
Event: 8.050 Thread 0x0000014b13f2e970 Uncommon trap: reason=bimorphic_or_optimized_type_check action=maybe_recompile pc=0x0000014b24d2969c method=lombok.javac.JavacNode.traverse(Llombok/javac/JavacASTVisitor;)V @ 715 c2
Event: 8.050 Thread 0x0000014b13f2e970 DEOPT PACKING pc=0x0000014b24d2969c sp=0x00000025274fd050
Event: 8.050 Thread 0x0000014b13f2e970 DEOPT UNPACKING pc=0x0000014b1cff5c23 sp=0x00000025274fcfe8 mode 2
Event: 8.050 Thread 0x0000014b13f2e970 Uncommon trap: trap_request=0xffffffc6 fr.pc=0x0000014b24d2937c relative=0x000000000000023c
Event: 8.050 Thread 0x0000014b13f2e970 Uncommon trap: reason=bimorphic_or_optimized_type_check action=maybe_recompile pc=0x0000014b24d2937c method=lombok.javac.JavacNode.traverse(Llombok/javac/JavacASTVisitor;)V @ 193 c2
Event: 8.050 Thread 0x0000014b13f2e970 DEOPT PACKING pc=0x0000014b24d2937c sp=0x00000025274fd130
Event: 8.050 Thread 0x0000014b13f2e970 DEOPT UNPACKING pc=0x0000014b1cff5c23 sp=0x00000025274fd0c8 mode 2
Event: 8.050 Thread 0x0000014b13f2e970 Uncommon trap: trap_request=0xffffffc6 fr.pc=0x0000014b24d29840 relative=0x0000000000000700
Event: 8.050 Thread 0x0000014b13f2e970 Uncommon trap: reason=bimorphic_or_optimized_type_check action=maybe_recompile pc=0x0000014b24d29840 method=lombok.javac.JavacNode.traverse(Llombok/javac/JavacASTVisitor;)V @ 288 c2
Event: 8.050 Thread 0x0000014b13f2e970 DEOPT PACKING pc=0x0000014b24d29840 sp=0x00000025274fd050
Event: 8.050 Thread 0x0000014b13f2e970 DEOPT UNPACKING pc=0x0000014b1cff5c23 sp=0x00000025274fcfe0 mode 2
Event: 8.050 Thread 0x0000014b13f2e970 Uncommon trap: trap_request=0xffffffc6 fr.pc=0x0000014b24d2969c relative=0x000000000000055c
Event: 8.050 Thread 0x0000014b13f2e970 Uncommon trap: reason=bimorphic_or_optimized_type_check action=maybe_recompile pc=0x0000014b24d2969c method=lombok.javac.JavacNode.traverse(Llombok/javac/JavacASTVisitor;)V @ 715 c2
Event: 8.050 Thread 0x0000014b13f2e970 DEOPT PACKING pc=0x0000014b24d2969c sp=0x00000025274fcf70
Event: 8.050 Thread 0x0000014b13f2e970 DEOPT UNPACKING pc=0x0000014b1cff5c23 sp=0x00000025274fcf08 mode 2
Event: 8.095 Thread 0x0000014b13f2e970 DEOPT PACKING pc=0x0000014b1e01a9d9 sp=0x00000025274fcd80
Event: 8.095 Thread 0x0000014b13f2e970 DEOPT UNPACKING pc=0x0000014b1cff6763 sp=0x00000025274fc278 mode 0

Classes unloaded (0 events):
No events

Classes redefined (0 events):
No events

Internal exceptions (20 events):
Event: 5.986 Thread 0x0000014b13f2e970 Exception <a 'sun/nio/fs/WindowsException'{0x0000000085f661f8}> (0x0000000085f661f8) 
thrown [t:\workspace\open\src\hotspot\share\prims\jni.cpp, line 516]
Event: 7.395 Thread 0x0000014b13f2e970 Implicit null exception at 0x0000014b24c220fc to 0x0000014b24c226fc
Event: 7.931 Thread 0x0000014b13f2e970 Exception <a 'sun/nio/fs/WindowsException'{0x0000000088adab70}> (0x0000000088adab70) 
thrown [t:\workspace\open\src\hotspot\share\prims\jni.cpp, line 516]
Event: 7.931 Thread 0x0000014b13f2e970 Exception <a 'sun/nio/fs/WindowsException'{0x0000000088adaea0}> (0x0000000088adaea0) 
thrown [t:\workspace\open\src\hotspot\share\prims\jni.cpp, line 516]
Event: 7.932 Thread 0x0000014b13f2e970 Exception <a 'sun/nio/fs/WindowsException'{0x0000000088adbde8}> (0x0000000088adbde8) 
thrown [t:\workspace\open\src\hotspot\share\prims\jni.cpp, line 516]
Event: 7.932 Thread 0x0000014b13f2e970 Exception <a 'sun/nio/fs/WindowsException'{0x0000000088adc1a8}> (0x0000000088adc1a8) 
thrown [t:\workspace\open\src\hotspot\share\prims\jni.cpp, line 516]
Event: 7.932 Thread 0x0000014b13f2e970 Exception <a 'sun/nio/fs/WindowsException'{0x0000000088add1d8}> (0x0000000088add1d8) 
thrown [t:\workspace\open\src\hotspot\share\prims\jni.cpp, line 516]
Event: 7.932 Thread 0x0000014b13f2e970 Exception <a 'sun/nio/fs/WindowsException'{0x0000000088add518}> (0x0000000088add518) 
thrown [t:\workspace\open\src\hotspot\share\prims\jni.cpp, line 516]
Event: 8.002 Thread 0x0000014b13f2e970 Exception <a 'sun/nio/fs/WindowsException'{0x00000000887fd618}> (0x00000000887fd618) 
thrown [t:\workspace\open\src\hotspot\share\prims\jni.cpp, line 516]
Event: 8.002 Thread 0x0000014b13f2e970 Exception <a 'sun/nio/fs/WindowsException'{0x00000000887fd948}> (0x00000000887fd948) 
thrown [t:\workspace\open\src\hotspot\share\prims\jni.cpp, line 516]
Event: 8.003 Thread 0x0000014b13f2e970 Exception <a 'sun/nio/fs/WindowsException'{0x00000000887fe890}> (0x00000000887fe890) 
thrown [t:\workspace\open\src\hotspot\share\prims\jni.cpp, line 516]
Event: 8.003 Thread 0x0000014b13f2e970 Exception <a 'sun/nio/fs/WindowsException'{0x00000000887fec50}> (0x00000000887fec50) 
thrown [t:\workspace\open\src\hotspot\share\prims\jni.cpp, line 516]
Event: 8.004 Thread 0x0000014b13f2e970 Exception <a 'sun/nio/fs/WindowsException'{0x00000000887ffc80}> (0x00000000887ffc80) 
thrown [t:\workspace\open\src\hotspot\share\prims\jni.cpp, line 516]
Event: 8.004 Thread 0x0000014b13f2e970 Exception <a 'sun/nio/fs/WindowsException'{0x0000000088600230}> (0x0000000088600230) 
thrown [t:\workspace\open\src\hotspot\share\prims\jni.cpp, line 516]
Event: 8.103 Thread 0x0000014b13f2e970 Exception <a 'sun/nio/fs/WindowsException'{0x00000000881a7020}> (0x00000000881a7020) 
thrown [t:\workspace\open\src\hotspot\share\prims\jni.cpp, line 516]
Event: 8.103 Thread 0x0000014b13f2e970 Exception <a 'sun/nio/fs/WindowsException'{0x00000000881a7350}> (0x00000000881a7350) 
thrown [t:\workspace\open\src\hotspot\share\prims\jni.cpp, line 516]
Event: 8.103 Thread 0x0000014b13f2e970 Exception <a 'sun/nio/fs/WindowsException'{0x00000000881a8298}> (0x00000000881a8298) 
thrown [t:\workspace\open\src\hotspot\share\prims\jni.cpp, line 516]
Event: 8.104 Thread 0x0000014b13f2e970 Exception <a 'sun/nio/fs/WindowsException'{0x00000000881a8658}> (0x00000000881a8658) 
thrown [t:\workspace\open\src\hotspot\share\prims\jni.cpp, line 516]
Event: 8.104 Thread 0x0000014b13f2e970 Exception <a 'sun/nio/fs/WindowsException'{0x00000000881a9688}> (0x00000000881a9688) 
thrown [t:\workspace\open\src\hotspot\share\prims\jni.cpp, line 516]
Event: 8.104 Thread 0x0000014b13f2e970 Exception <a 'sun/nio/fs/WindowsException'{0x00000000881a99c8}> (0x00000000881a99c8) 
thrown [t:\workspace\open\src\hotspot\share\prims\jni.cpp, line 516]

VM Operations (20 events):
Event: 5.113 Executing VM operation: HandshakeAllThreads
Event: 5.113 Executing VM operation: HandshakeAllThreads done
Event: 5.555 Executing VM operation: HandshakeAllThreads
Event: 5.555 Executing VM operation: HandshakeAllThreads done
Event: 5.733 Executing VM operation: HandshakeAllThreads
Event: 5.733 Executing VM operation: HandshakeAllThreads done
Event: 5.753 Executing VM operation: G1CollectForAllocation
Event: 5.773 Executing VM operation: G1CollectForAllocation done
Event: 5.796 Executing VM operation: G1CollectForAllocation
Event: 5.810 Executing VM operation: G1CollectForAllocation done
Event: 6.104 Executing VM operation: G1CollectForAllocation
Event: 6.122 Executing VM operation: G1CollectForAllocation done
Event: 6.261 Executing VM operation: HandshakeAllThreads
Event: 6.261 Executing VM operation: HandshakeAllThreads done
Event: 6.880 Executing VM operation: G1CollectForAllocation
Event: 6.894 Executing VM operation: G1CollectForAllocation done
Event: 6.914 Executing VM operation: ICBufferFull
Event: 6.914 Executing VM operation: ICBufferFull done
Event: 7.928 Executing VM operation: Cleanup
Event: 7.929 Executing VM operation: Cleanup done

Events (20 events):
Event: 6.940 loading class java/io/PushbackInputStream
Event: 6.940 loading class java/io/PushbackInputStream done
Event: 7.230 Thread 0x0000014b34d176b0 Thread exited: 0x0000014b34d176b0
Event: 7.230 loading class java/util/Collections$UnmodifiableSortedSet
Event: 7.230 loading class java/util/Collections$UnmodifiableSortedSet done
Event: 7.307 loading class java/util/IdentityHashMap$EntrySet
Event: 7.307 loading class java/util/IdentityHashMap$EntrySet done
Event: 7.307 loading class java/util/IdentityHashMap$EntryIterator
Event: 7.307 loading class java/util/IdentityHashMap$EntryIterator done
Event: 7.307 loading class java/util/IdentityHashMap$EntryIterator$Entry
Event: 7.307 loading class java/util/IdentityHashMap$EntryIterator$Entry done
Event: 7.476 Thread 0x0000014b34d176b0 Thread added: 0x0000014b34d176b0
Event: 7.714 loading class java/util/regex/Pattern$SliceI
Event: 7.714 loading class java/util/regex/Pattern$SliceI done
Event: 7.765 loading class java/util/regex/Pattern$Loop
Event: 7.765 loading class java/util/regex/Pattern$Loop done
Event: 7.765 loading class java/util/regex/Pattern$Prolog
Event: 7.765 loading class java/util/regex/Pattern$Prolog done
Event: 7.784 loading class java/util/regex/Pattern$LazyLoop
Event: 7.785 loading class java/util/regex/Pattern$LazyLoop done


Dynamic libraries:
0x00007ff664360000 - 0x00007ff664370000 	C:\Program Files\Java\jdk-17.0.2\bin\java.exe
0x00007ffccaea0000 - 0x00007ffccb0a9000 	C:\WINDOWS\SYSTEM32\ntdll.dll
0x00007ffcc9b80000 - 0x00007ffcc9c3d000 	C:\WINDOWS\System32\KERNEL32.DLL
0x00007ffcc87e0000 - 0x00007ffcc8b54000 	C:\WINDOWS\System32\KERNELBASE.dll
0x00007ffcc8620000 - 0x00007ffcc8731000 	C:\WINDOWS\System32\ucrtbase.dll
0x00007ffcae330000 - 0x00007ffcae34a000 	C:\Program Files\Java\jdk-17.0.2\bin\VCRUNTIME140.dll
0x00007ffcae2d0000 - 0x00007ffcae2e8000 	C:\Program Files\Java\jdk-17.0.2\bin\jli.dll
0x00007ffcca1d0000 - 0x00007ffcca27e000 	C:\WINDOWS\System32\ADVAPI32.dll
0x00007ffcc93f0000 - 0x00007ffcc9493000 	C:\WINDOWS\System32\msvcrt.dll
0x00007ffccab40000 - 0x00007ffccabde000 	C:\WINDOWS\System32\sechost.dll
0x00007ffcc98b0000 - 0x00007ffcc99d0000 	C:\WINDOWS\System32\RPCRT4.dll
0x00007ffcc99d0000 - 0x00007ffcc9b7c000 	C:\WINDOWS\System32\USER32.dll
0x00007ffcc8410000 - 0x00007ffcc8436000 	C:\WINDOWS\System32\win32u.dll
0x00007ffcaa1b0000 - 0x00007ffcaa455000 	C:\WINDOWS\WinSxS\amd64_microsoft.windows.common-controls_6595b64144ccf1df_6.0.22000.120_none_9d947278b86cc467\COMCTL32.dll
0x00007ffcc90d0000 - 0x00007ffcc90f9000 	C:\WINDOWS\System32\GDI32.dll
0x00007ffcc8b60000 - 0x00007ffcc8c72000 	C:\WINDOWS\System32\gdi32full.dll
0x00007ffcc8740000 - 0x00007ffcc87dd000 	C:\WINDOWS\System32\msvcp_win.dll
0x00007ffcbf230000 - 0x00007ffcbf23a000 	C:\WINDOWS\SYSTEM32\VERSION.dll
0x00007ffcca280000 - 0x00007ffcca2b1000 	C:\WINDOWS\System32\IMM32.DLL
0x00007ffcc2310000 - 0x00007ffcc231c000 	C:\Program Files\Java\jdk-17.0.2\bin\vcruntime140_1.dll
0x00007ffcae240000 - 0x00007ffcae2cd000 	C:\Program Files\Java\jdk-17.0.2\bin\msvcp140.dll
0x00007ffc3e010000 - 0x00007ffc3ebd1000 	C:\Program Files\Java\jdk-17.0.2\bin\server\jvm.dll
0x00007ffcc9620000 - 0x00007ffcc9628000 	C:\WINDOWS\System32\PSAPI.DLL
0x00007ffcc15f0000 - 0x00007ffcc15f9000 	C:\WINDOWS\SYSTEM32\WSOCK32.dll
0x00007ffcbf360000 - 0x00007ffcbf393000 	C:\WINDOWS\SYSTEM32\WINMM.dll
0x00007ffcc95b0000 - 0x00007ffcc961f000 	C:\WINDOWS\System32\WS2_32.dll
0x00007ffcc7490000 - 0x00007ffcc74a8000 	C:\WINDOWS\SYSTEM32\kernel.appcore.dll
0x00007ffcb14f0000 - 0x00007ffcb14fa000 	C:\Program Files\Java\jdk-17.0.2\bin\jimage.dll
0x00007ffcc2e80000 - 0x00007ffcc30a1000 	C:\WINDOWS\SYSTEM32\DBGHELP.DLL
0x00007ffcacd00000 - 0x00007ffcacd31000 	C:\WINDOWS\SYSTEM32\dbgcore.DLL
0x00007ffcc8390000 - 0x00007ffcc840f000 	C:\WINDOWS\System32\bcryptPrimitives.dll
0x00007ffc903a0000 - 0x00007ffc903c5000 	C:\Program Files\Java\jdk-17.0.2\bin\java.dll
0x00007ffc7fc30000 - 0x00007ffc7fd06000 	C:\Program Files\Java\jdk-17.0.2\bin\jsvml.dll
0x00007ffcca320000 - 0x00007ffccaace000 	C:\WINDOWS\System32\SHELL32.dll
0x00007ffcc6500000 - 0x00007ffcc6d68000 	C:\WINDOWS\SYSTEM32\windows.storage.dll
0x00007ffcc8d50000 - 0x00007ffcc90c8000 	C:\WINDOWS\System32\combase.dll
0x00007ffcc6390000 - 0x00007ffcc64f6000 	C:\WINDOWS\SYSTEM32\wintypes.dll
0x00007ffccad70000 - 0x00007ffccae5a000 	C:\WINDOWS\System32\SHCORE.dll
0x00007ffccaae0000 - 0x00007ffccab3d000 	C:\WINDOWS\System32\shlwapi.dll
0x00007ffcc82c0000 - 0x00007ffcc82e1000 	C:\WINDOWS\SYSTEM32\profapi.dll
0x00007ffcae220000 - 0x00007ffcae239000 	C:\Program Files\Java\jdk-17.0.2\bin\net.dll
0x00007ffcbe670000 - 0x00007ffcbe77c000 	C:\WINDOWS\SYSTEM32\WINHTTP.dll
0x00007ffcc78c0000 - 0x00007ffcc7927000 	C:\WINDOWS\system32\mswsock.dll
0x00007ffca4540000 - 0x00007ffca4556000 	C:\Program Files\Java\jdk-17.0.2\bin\nio.dll
0x00007ffca18a0000 - 0x00007ffca18b8000 	C:\Program Files\Java\jdk-17.0.2\bin\zip.dll
0x0000000069ac0000 - 0x0000000069ae4000 	C:\apache-maven-3.8.4\lib\jansi-native\Windows\x86_64\jansi.dll
0x00007ffcb0b20000 - 0x00007ffcb0b30000 	C:\Program Files\Java\jdk-17.0.2\bin\verify.dll

dbghelp: loaded successfully - version: 4.0.5 - missing functions: none
symbol engine: initialized successfully - sym options: 0x614 - pdb path: .;C:\Program Files\Java\jdk-17.0.2\bin;C:\WINDOWS\SYSTEM32;C:\WINDOWS\WinSxS\amd64_microsoft.windows.common-controls_6595b64144ccf1df_6.0.22000.120_none_9d947278b86cc467;C:\Program Files\Java\jdk-17.0.2\bin\server;C:\apache-maven-3.8.4\lib\jansi-native\Windows\x86_64

VM Arguments:
jvm_args: -Dclassworlds.conf=C:\apache-maven-3.8.4\bin\m2.conf -Dmaven.home=C:\apache-maven-3.8.4 -Dlibrary.jansi.path=C:\apache-maven-3.8.4\lib\jansi-native -Dmaven.multiModuleProjectDirectory=C:\Users\Bartosz Hass\Desktop\programming\java\GeoCore 
java_command: org.codehaus.plexus.classworlds.launcher.Launcher clean install
java_class_path (initial): C:\apache-maven-3.8.4\boot\plexus-classworlds-2.6.0.jar
Launcher Type: SUN_STANDARD

[Global flags]
     intx CICompilerCount                          = 4                                         {product} {ergonomic}
     uint ConcGCThreads                            = 2                                         {product} {ergonomic}
     uint G1ConcRefinementThreads                  = 8                                         {product} {ergonomic}
   size_t G1HeapRegionSize                         = 1048576                                   {product} {ergonomic}
    uintx GCDrainStackTargetSize                   = 64                                        {product} {ergonomic}
   size_t InitialHeapSize                          = 132120576                                 {product} {ergonomic}
   size_t MarkStackSize                            = 4194304                                   {product} {ergonomic}
   size_t MaxHeapSize                              = 2090860544                                {product} {ergonomic}
   size_t MaxNewSize                               = 1254096896                                {product} {ergonomic}
   size_t MinHeapDeltaBytes                        = 1048576                                   {product} {ergonomic}
   size_t MinHeapSize                              = 8388608                                   {product} {ergonomic}
    uintx NonNMethodCodeHeapSize                   = 5839372                                {pd product} {ergonomic}
    uintx NonProfiledCodeHeapSize                  = 122909434                              {pd product} {ergonomic}
    uintx ProfiledCodeHeapSize                     = 122909434                              {pd product} {ergonomic}
    uintx ReservedCodeCacheSize                    = 251658240                              {pd product} {ergonomic}
     bool SegmentedCodeCache                       = true                                      {product} {ergonomic}
   size_t SoftMaxHeapSize                          = 2090860544                             {manageable} {ergonomic}
     bool UseCompressedClassPointers               = true                           {product lp64_product} {ergonomic}
     bool UseCompressedOops                        = true                           {product lp64_product} {ergonomic}
     bool UseG1GC                                  = true                                      {product} {ergonomic}
     bool UseLargePagesIndividualAllocation        = false                                  {pd product} {ergonomic}

Logging:
Log output configuration:
 #0: stdout all=warning uptime,level,tags
 #1: stderr all=off uptime,level,tags

Environment Variables:
JAVA_HOME=C:\Program Files\Java\jdk-17.0.2
PATH=C:\Program Files (x86)\Common Files\Oracle\Java\javapath;C:\Program Files\Java\jdk-17.0.2\bin;C:\Program Files\Java\jdk-17.0.2\bin;C:\WINDOWS\system32;C:\WINDOWS;C:\WINDOWS\System32\Wbem;C:\WINDOWS\System32\WindowsPowerShell\v1.0\;C:\WINDOWS\System32\OpenSSH\;C:\Users\Bartek\IDE\Tools\apache-maven-3.8.4\bin;C:\Program Files\nodejs\;C:\Program Files\Git\cmd;C:\apache-maven-3.8.4\bin;C:\Users\Bartosz Hass\.cargo\bin;C:\Users\Bartosz Hass\AppData\Local\Microsoft\WindowsApps;
USERNAME=Bartosz Hass
OS=Windows_NT
PROCESSOR_IDENTIFIER=Intel64 Family 6 Model 126 Stepping 5, GenuineIntel



---------------  S Y S T E M  ---------------

OS:
 Windows 11 , 64 bit Build 22000 (10.0.22000.434)
OS uptime: 11 days 6:12 hours

CPU: total 8 (initial active 8) (4 cores per cpu, 2 threads per core) family 6 model 126 stepping 5 microcode 0xa0, cx8, cmov, fxsr, ht, mmx, 3dnowpref, sse, sse2, sse3, ssse3, sse4.1, sse4.2, popcnt, lzcnt, tsc, tscinvbit, avx, avx2, aes, erms, clmul, bmi1, bmi2, adx, avx512f, avx512dq, avx512cd, avx512bw, avx512vl, sha, fma, vzeroupper, avx512_vpopcntdq, avx512_vpclmulqdq, avx512_vaes, avx512_vnni, clflush, clflushopt, avx512_vbmi2, avx512_vbmi

Memory: 4k page, system-wide physical 7969M (376M free)
TotalPageFile size 32545M (AvailPageFile size 5M)
current process WorkingSet (physical memory assigned to process): 228M, peak: 228M
current process commit charge ("private bytes"): 291M, peak: 292M

vm_info: Java HotSpot(TM) 64-Bit Server VM (17.0.2+8-LTS-86) for windows-amd64 JRE (17.0.2+8-LTS-86), built on Dec  7 2021 21:51:03 by "mach5one" with MS VC++ 16.8 / 16.9 (VS2019)

END.
